This file contains any messages produced by compilers while
running configure, to aid debugging if configure makes a mistake.

It was created by MPEG Audio Decoder configure 0.15.1b, which was
generated by GNU Autoconf 2.59.  Invocation command line was

  $ ./configure --prefix=/mnt/e/audio_decoder/mpeg/libmad-0.15.1b/libmad

## --------- ##
## Platform. ##
## --------- ##

hostname = cn0756PCXD
uname -m = x86_64
uname -r = 4.4.0-19041-Microsoft
uname -s = Linux
uname -v = #1237-Microsoft Sat Sep 11 14:32:00 PST 2021

/usr/bin/uname -p = x86_64
/bin/uname -X     = unknown

/bin/arch              = x86_64
/usr/bin/arch -k       = unknown
/usr/convex/getsysinfo = unknown
hostinfo               = unknown
/bin/machine           = unknown
/usr/bin/oslevel       = unknown
/bin/universe          = unknown

PATH: /usr/local/sbin
PATH: /usr/local/bin
PATH: /usr/sbin
PATH: /usr/bin
PATH: /sbin
PATH: /bin
PATH: /usr/games
PATH: /usr/local/games
PATH: /mnt/e/software/cmder_mini/bin
PATH: /mnt/e/software/cmder_mini/vendor/bin
PATH: /mnt/e/software/cmder_mini/vendor/conemu-maximus5/ConEmu/Scripts
PATH: /mnt/e/software/cmder_mini/vendor/conemu-maximus5
PATH: /mnt/e/software/cmder_mini/vendor/conemu-maximus5/ConEmu
PATH: /mnt/e/Program Files/VMware/VMware Workstation/bin/
PATH: /mnt/c/Windows/system32
PATH: /mnt/c/Windows
PATH: /mnt/c/Windows/System32/Wbem
PATH: /mnt/c/Windows/System32/WindowsPowerShell/v1.0/
PATH: /mnt/c/Windows/System32/OpenSSH/
PATH: /mnt/c/Program Files (x86)/Montage-tech/MontageDebugger/bin
PATH: /mnt/c/Program Files (x86)/Montage-tech/Brolga/codeblocks
PATH: /mnt/c/Program Files (x86)/Microsoft SQL Server/90/Tools/binn/
PATH: /mnt/c/Program Files/dotnet/
PATH: /mnt/e/Program Files/微信web开发者工具/dll
PATH: /mnt/c/Program Files/TortoiseHg/
PATH: /mnt/c/Users/ahzhao/AppData/Local/Microsoft/WindowsApps
PATH: /mnt/c/Users/ahzhao/.dotnet/tools
PATH: /mnt/c/Program Files (x86)/Montage-tech/Brolga/codeblocks/
PATH: /mnt/c/Program Files (x86)/Montage-tech/Brolga/msys/1.0/local/
PATH: /mnt/e/Program Files/Microsoft VS Code/bin
PATH: /mnt/e/software/cmder_mini
PATH: /snap/bin


## ----------- ##
## Core tests. ##
## ----------- ##

configure:1575: checking for a BSD-compatible install
configure:1630: result: /usr/bin/install -c
configure:1641: checking whether build environment is sane
configure:1684: result: yes
configure:1741: checking for gawk
configure:1757: found /usr/bin/gawk
configure:1767: result: gawk
configure:1777: checking whether make sets $(MAKE)
configure:1797: result: yes
configure:1972: checking build system type
configure:1990: result: x86_64-unknown-linux-gnu
configure:1998: checking host system type
configure:2012: result: x86_64-unknown-linux-gnu
configure:2068: checking for gcc
configure:2084: found /usr/bin/gcc
configure:2094: result: gcc
configure:2338: checking for C compiler version
configure:2341: gcc --version </dev/null >&5
gcc (Ubuntu 9.3.0-17ubuntu1~20.04) 9.3.0
Copyright (C) 2019 Free Software Foundation, Inc.
This is free software; see the source for copying conditions.  There is NO
warranty; not even for MERCHANTABILITY or FITNESS FOR A PARTICULAR PURPOSE.

configure:2344: $? = 0
configure:2346: gcc -v </dev/null >&5
Using built-in specs.
COLLECT_GCC=gcc
COLLECT_LTO_WRAPPER=/usr/lib/gcc/x86_64-linux-gnu/9/lto-wrapper
OFFLOAD_TARGET_NAMES=nvptx-none:hsa
OFFLOAD_TARGET_DEFAULT=1
Target: x86_64-linux-gnu
Configured with: ../src/configure -v --with-pkgversion='Ubuntu 9.3.0-17ubuntu1~20.04' --with-bugurl=file:///usr/share/doc/gcc-9/README.Bugs --enable-languages=c,ada,c++,go,brig,d,fortran,objc,obj-c++,gm2 --prefix=/usr --with-gcc-major-version-only --program-suffix=-9 --program-prefix=x86_64-linux-gnu- --enable-shared --enable-linker-build-id --libexecdir=/usr/lib --without-included-gettext --enable-threads=posix --libdir=/usr/lib --enable-nls --enable-clocale=gnu --enable-libstdcxx-debug --enable-libstdcxx-time=yes --with-default-libstdcxx-abi=new --enable-gnu-unique-object --disable-vtable-verify --enable-plugin --enable-default-pie --with-system-zlib --with-target-system-zlib=auto --enable-objc-gc=auto --enable-multiarch --disable-werror --with-arch-32=i686 --with-abi=m64 --with-multilib-list=m32,m64,mx32 --enable-multilib --with-tune=generic --enable-offload-targets=nvptx-none=/build/gcc-9-HskZEa/gcc-9-9.3.0/debian/tmp-nvptx/usr,hsa --without-cuda-driver --enable-checking=release --build=x86_64-linux-gnu --host=x86_64-linux-gnu --target=x86_64-linux-gnu
Thread model: posix
gcc version 9.3.0 (Ubuntu 9.3.0-17ubuntu1~20.04) 
configure:2349: $? = 0
configure:2351: gcc -V </dev/null >&5
gcc: error: unrecognized command line option '-V'
gcc: fatal error: no input files
compilation terminated.
configure:2354: $? = 1
configure:2377: checking for C compiler default output file name
configure:2380: gcc    conftest.c  >&5
configure:2383: $? = 0
configure:2429: result: a.out
configure:2434: checking whether the C compiler works
configure:2440: ./a.out
configure:2443: $? = 0
configure:2460: result: yes
configure:2467: checking whether we are cross compiling
configure:2469: result: no
configure:2472: checking for suffix of executables
configure:2474: gcc -o conftest    conftest.c  >&5
configure:2477: $? = 0
configure:2502: result: 
configure:2508: checking for suffix of object files
configure:2529: gcc -c   conftest.c >&5
configure:2532: $? = 0
configure:2554: result: o
configure:2558: checking whether we are using the GNU C compiler
configure:2582: gcc -c   conftest.c >&5
configure:2588: $? = 0
configure:2591: test -z 			 || test ! -s conftest.err
configure:2594: $? = 0
configure:2597: test -s conftest.o
configure:2600: $? = 0
configure:2613: result: yes
configure:2619: checking whether gcc accepts -g
configure:2640: gcc -c -g  conftest.c >&5
configure:2646: $? = 0
configure:2649: test -z 			 || test ! -s conftest.err
configure:2652: $? = 0
configure:2655: test -s conftest.o
configure:2658: $? = 0
configure:2669: result: yes
configure:2686: checking for gcc option to accept ANSI C
configure:2756: gcc  -c -g -O2  conftest.c >&5
configure:2762: $? = 0
configure:2765: test -z 			 || test ! -s conftest.err
configure:2768: $? = 0
configure:2771: test -s conftest.o
configure:2774: $? = 0
configure:2792: result: none needed
configure:2810: gcc -c -g -O2  conftest.c >&5
conftest.c:2:3: error: unknown type name 'choke'
    2 |   choke me
      |   ^~~~~
conftest.c:2:3: error: expected '=', ',', ';', 'asm' or '__attribute__' at end of input
configure:2816: $? = 1
configure: failed program was:
| #ifndef __cplusplus
|   choke me
| #endif
configure:2957: checking for style of include used by make
configure:2985: result: GNU
configure:3013: checking dependency style of gcc
configure:3096: result: gcc3
configure:3208: checking for a sed that does not truncate output
configure:3262: result: /usr/bin/sed
configure:3265: checking for egrep
configure:3275: result: grep -E
configure:3291: checking for ld used by gcc
configure:3358: result: /usr/bin/ld
configure:3367: checking if the linker (/usr/bin/ld) is GNU ld
configure:3382: result: yes
configure:3387: checking for /usr/bin/ld option to reload object files
configure:3394: result: -r
configure:3403: checking for BSD-compatible nm
configure:3445: result: /usr/bin/nm -B
configure:3449: checking whether ln -s works
configure:3453: result: yes
configure:3460: checking how to recognise dependent libraries
configure:3634: result: pass_all
configure:3719: gcc -c -g -O2  conftest.c >&5
configure:3722: $? = 0
configure:3847: checking how to run the C preprocessor
configure:3882: gcc -E  conftest.c
configure:3888: $? = 0
configure:3920: gcc -E  conftest.c
conftest.c:11:10: fatal error: ac_nonexistent.h: No such file or directory
   11 | #include <ac_nonexistent.h>
      |          ^~~~~~~~~~~~~~~~~~
compilation terminated.
configure:3926: $? = 1
configure: failed program was:
| /* confdefs.h.  */
| 
| #define PACKAGE_NAME "MPEG Audio Decoder"
| #define PACKAGE_TARNAME "libmad"
| #define PACKAGE_VERSION "0.15.1b"
| #define PACKAGE_STRING "MPEG Audio Decoder 0.15.1b"
| #define PACKAGE_BUGREPORT "support@underbit.com"
| #define PACKAGE "libmad"
| #define VERSION "0.15.1b"
| /* end confdefs.h.  */
| #include <ac_nonexistent.h>
configure:3965: result: gcc -E
configure:3989: gcc -E  conftest.c
configure:3995: $? = 0
configure:4027: gcc -E  conftest.c
conftest.c:11:10: fatal error: ac_nonexistent.h: No such file or directory
   11 | #include <ac_nonexistent.h>
      |          ^~~~~~~~~~~~~~~~~~
compilation terminated.
configure:4033: $? = 1
configure: failed program was:
| /* confdefs.h.  */
| 
| #define PACKAGE_NAME "MPEG Audio Decoder"
| #define PACKAGE_TARNAME "libmad"
| #define PACKAGE_VERSION "0.15.1b"
| #define PACKAGE_STRING "MPEG Audio Decoder 0.15.1b"
| #define PACKAGE_BUGREPORT "support@underbit.com"
| #define PACKAGE "libmad"
| #define VERSION "0.15.1b"
| /* end confdefs.h.  */
| #include <ac_nonexistent.h>
configure:4077: checking for ANSI C header files
configure:4102: gcc -c -g -O2  conftest.c >&5
configure:4108: $? = 0
configure:4111: test -z 			 || test ! -s conftest.err
configure:4114: $? = 0
configure:4117: test -s conftest.o
configure:4120: $? = 0
configure:4209: gcc -o conftest -g -O2   conftest.c  >&5
conftest.c: In function 'main':
conftest.c:28:7: warning: implicit declaration of function 'exit' [-Wimplicit-function-declaration]
   28 |       exit(2);
      |       ^~~~
conftest.c:28:7: warning: incompatible implicit declaration of built-in function 'exit'
conftest.c:12:1: note: include '<stdlib.h>' or provide a declaration of 'exit'
   11 | #include <ctype.h>
  +++ |+#include <stdlib.h>
   12 | #if ((' ' & 0x0FF) == 0x020)
conftest.c:29:3: warning: incompatible implicit declaration of built-in function 'exit'
   29 |   exit (0);
      |   ^~~~
conftest.c:29:3: note: include '<stdlib.h>' or provide a declaration of 'exit'
configure:4212: $? = 0
configure:4214: ./conftest
configure:4217: $? = 0
configure:4232: result: yes
configure:4256: checking for sys/types.h
configure:4272: gcc -c -g -O2  conftest.c >&5
configure:4278: $? = 0
configure:4281: test -z 			 || test ! -s conftest.err
configure:4284: $? = 0
configure:4287: test -s conftest.o
configure:4290: $? = 0
configure:4301: result: yes
configure:4256: checking for sys/stat.h
configure:4272: gcc -c -g -O2  conftest.c >&5
configure:4278: $? = 0
configure:4281: test -z 			 || test ! -s conftest.err
configure:4284: $? = 0
configure:4287: test -s conftest.o
configure:4290: $? = 0
configure:4301: result: yes
configure:4256: checking for stdlib.h
configure:4272: gcc -c -g -O2  conftest.c >&5
configure:4278: $? = 0
configure:4281: test -z 			 || test ! -s conftest.err
configure:4284: $? = 0
configure:4287: test -s conftest.o
configure:4290: $? = 0
configure:4301: result: yes
configure:4256: checking for string.h
configure:4272: gcc -c -g -O2  conftest.c >&5
configure:4278: $? = 0
configure:4281: test -z 			 || test ! -s conftest.err
configure:4284: $? = 0
configure:4287: test -s conftest.o
configure:4290: $? = 0
configure:4301: result: yes
configure:4256: checking for memory.h
configure:4272: gcc -c -g -O2  conftest.c >&5
configure:4278: $? = 0
configure:4281: test -z 			 || test ! -s conftest.err
configure:4284: $? = 0
configure:4287: test -s conftest.o
configure:4290: $? = 0
configure:4301: result: yes
configure:4256: checking for strings.h
configure:4272: gcc -c -g -O2  conftest.c >&5
configure:4278: $? = 0
configure:4281: test -z 			 || test ! -s conftest.err
configure:4284: $? = 0
configure:4287: test -s conftest.o
configure:4290: $? = 0
configure:4301: result: yes
configure:4256: checking for inttypes.h
configure:4272: gcc -c -g -O2  conftest.c >&5
configure:4278: $? = 0
configure:4281: test -z 			 || test ! -s conftest.err
configure:4284: $? = 0
configure:4287: test -s conftest.o
configure:4290: $? = 0
configure:4301: result: yes
configure:4256: checking for stdint.h
configure:4272: gcc -c -g -O2  conftest.c >&5
configure:4278: $? = 0
configure:4281: test -z 			 || test ! -s conftest.err
configure:4284: $? = 0
configure:4287: test -s conftest.o
configure:4290: $? = 0
configure:4301: result: yes
configure:4256: checking for unistd.h
configure:4272: gcc -c -g -O2  conftest.c >&5
configure:4278: $? = 0
configure:4281: test -z 			 || test ! -s conftest.err
configure:4284: $? = 0
configure:4287: test -s conftest.o
configure:4290: $? = 0
configure:4301: result: yes
configure:4327: checking dlfcn.h usability
configure:4339: gcc -c -g -O2  conftest.c >&5
configure:4345: $? = 0
configure:4348: test -z 			 || test ! -s conftest.err
configure:4351: $? = 0
configure:4354: test -s conftest.o
configure:4357: $? = 0
configure:4367: result: yes
configure:4371: checking dlfcn.h presence
configure:4381: gcc -E  conftest.c
configure:4387: $? = 0
configure:4407: result: yes
configure:4442: checking for dlfcn.h
configure:4449: result: yes
configure:4514: checking for g++
configure:4530: found /usr/bin/g++
configure:4540: result: g++
configure:4556: checking for C++ compiler version
configure:4559: g++ --version </dev/null >&5
g++ (Ubuntu 9.3.0-17ubuntu1~20.04) 9.3.0
Copyright (C) 2019 Free Software Foundation, Inc.
This is free software; see the source for copying conditions.  There is NO
warranty; not even for MERCHANTABILITY or FITNESS FOR A PARTICULAR PURPOSE.

configure:4562: $? = 0
configure:4564: g++ -v </dev/null >&5
Using built-in specs.
COLLECT_GCC=g++
COLLECT_LTO_WRAPPER=/usr/lib/gcc/x86_64-linux-gnu/9/lto-wrapper
OFFLOAD_TARGET_NAMES=nvptx-none:hsa
OFFLOAD_TARGET_DEFAULT=1
Target: x86_64-linux-gnu
Configured with: ../src/configure -v --with-pkgversion='Ubuntu 9.3.0-17ubuntu1~20.04' --with-bugurl=file:///usr/share/doc/gcc-9/README.Bugs --enable-languages=c,ada,c++,go,brig,d,fortran,objc,obj-c++,gm2 --prefix=/usr --with-gcc-major-version-only --program-suffix=-9 --program-prefix=x86_64-linux-gnu- --enable-shared --enable-linker-build-id --libexecdir=/usr/lib --without-included-gettext --enable-threads=posix --libdir=/usr/lib --enable-nls --enable-clocale=gnu --enable-libstdcxx-debug --enable-libstdcxx-time=yes --with-default-libstdcxx-abi=new --enable-gnu-unique-object --disable-vtable-verify --enable-plugin --enable-default-pie --with-system-zlib --with-target-system-zlib=auto --enable-objc-gc=auto --enable-multiarch --disable-werror --with-arch-32=i686 --with-abi=m64 --with-multilib-list=m32,m64,mx32 --enable-multilib --with-tune=generic --enable-offload-targets=nvptx-none=/build/gcc-9-HskZEa/gcc-9-9.3.0/debian/tmp-nvptx/usr,hsa --without-cuda-driver --enable-checking=release --build=x86_64-linux-gnu --host=x86_64-linux-gnu --target=x86_64-linux-gnu
Thread model: posix
gcc version 9.3.0 (Ubuntu 9.3.0-17ubuntu1~20.04) 
configure:4567: $? = 0
configure:4569: g++ -V </dev/null >&5
g++: error: unrecognized command line option '-V'
g++: fatal error: no input files
compilation terminated.
configure:4572: $? = 1
configure:4575: checking whether we are using the GNU C++ compiler
configure:4599: g++ -c   conftest.cc >&5
configure:4605: $? = 0
configure:4608: test -z 			 || test ! -s conftest.err
configure:4611: $? = 0
configure:4614: test -s conftest.o
configure:4617: $? = 0
configure:4630: result: yes
configure:4636: checking whether g++ accepts -g
configure:4657: g++ -c -g  conftest.cc >&5
configure:4663: $? = 0
configure:4666: test -z 			 || test ! -s conftest.err
configure:4669: $? = 0
configure:4672: test -s conftest.o
configure:4675: $? = 0
configure:4686: result: yes
configure:4728: g++ -c -g -O2  conftest.cc >&5
configure:4734: $? = 0
configure:4737: test -z 			 || test ! -s conftest.err
configure:4740: $? = 0
configure:4743: test -s conftest.o
configure:4746: $? = 0
configure:4772: g++ -c -g -O2  conftest.cc >&5
conftest.cc: In function 'int main()':
conftest.cc:26:1: error: 'exit' was not declared in this scope
   26 | exit (42);
      | ^~~~
configure:4778: $? = 1
configure: failed program was:
| /* confdefs.h.  */
| 
| #define PACKAGE_NAME "MPEG Audio Decoder"
| #define PACKAGE_TARNAME "libmad"
| #define PACKAGE_VERSION "0.15.1b"
| #define PACKAGE_STRING "MPEG Audio Decoder 0.15.1b"
| #define PACKAGE_BUGREPORT "support@underbit.com"
| #define PACKAGE "libmad"
| #define VERSION "0.15.1b"
| #define STDC_HEADERS 1
| #define HAVE_SYS_TYPES_H 1
| #define HAVE_SYS_STAT_H 1
| #define HAVE_STDLIB_H 1
| #define HAVE_STRING_H 1
| #define HAVE_MEMORY_H 1
| #define HAVE_STRINGS_H 1
| #define HAVE_INTTYPES_H 1
| #define HAVE_STDINT_H 1
| #define HAVE_UNISTD_H 1
| #define HAVE_DLFCN_H 1
| /* end confdefs.h.  */
| 
| int
| main ()
| {
| exit (42);
|   ;
|   return 0;
| }
configure:4728: g++ -c -g -O2  conftest.cc >&5
configure:4734: $? = 0
configure:4737: test -z 			 || test ! -s conftest.err
configure:4740: $? = 0
configure:4743: test -s conftest.o
configure:4746: $? = 0
configure:4772: g++ -c -g -O2  conftest.cc >&5
configure:4778: $? = 0
configure:4781: test -z 			 || test ! -s conftest.err
configure:4784: $? = 0
configure:4787: test -s conftest.o
configure:4790: $? = 0
configure:4815: checking dependency style of g++
configure:4898: result: gcc3
configure:4920: checking how to run the C++ preprocessor
configure:4951: g++ -E  conftest.cc
configure:4957: $? = 0
configure:4989: g++ -E  conftest.cc
conftest.cc:25:10: fatal error: ac_nonexistent.h: No such file or directory
   25 | #include <ac_nonexistent.h>
      |          ^~~~~~~~~~~~~~~~~~
compilation terminated.
configure:4995: $? = 1
configure: failed program was:
| /* confdefs.h.  */
| 
| #define PACKAGE_NAME "MPEG Audio Decoder"
| #define PACKAGE_TARNAME "libmad"
| #define PACKAGE_VERSION "0.15.1b"
| #define PACKAGE_STRING "MPEG Audio Decoder 0.15.1b"
| #define PACKAGE_BUGREPORT "support@underbit.com"
| #define PACKAGE "libmad"
| #define VERSION "0.15.1b"
| #define STDC_HEADERS 1
| #define HAVE_SYS_TYPES_H 1
| #define HAVE_SYS_STAT_H 1
| #define HAVE_STDLIB_H 1
| #define HAVE_STRING_H 1
| #define HAVE_MEMORY_H 1
| #define HAVE_STRINGS_H 1
| #define HAVE_INTTYPES_H 1
| #define HAVE_STDINT_H 1
| #define HAVE_UNISTD_H 1
| #define HAVE_DLFCN_H 1
| #ifdef __cplusplus
| extern "C" void std::exit (int) throw (); using std::exit;
| #endif
| /* end confdefs.h.  */
| #include <ac_nonexistent.h>
configure:5034: result: g++ -E
configure:5058: g++ -E  conftest.cc
configure:5064: $? = 0
configure:5096: g++ -E  conftest.cc
conftest.cc:25:10: fatal error: ac_nonexistent.h: No such file or directory
   25 | #include <ac_nonexistent.h>
      |          ^~~~~~~~~~~~~~~~~~
compilation terminated.
configure:5102: $? = 1
configure: failed program was:
| /* confdefs.h.  */
| 
| #define PACKAGE_NAME "MPEG Audio Decoder"
| #define PACKAGE_TARNAME "libmad"
| #define PACKAGE_VERSION "0.15.1b"
| #define PACKAGE_STRING "MPEG Audio Decoder 0.15.1b"
| #define PACKAGE_BUGREPORT "support@underbit.com"
| #define PACKAGE "libmad"
| #define VERSION "0.15.1b"
| #define STDC_HEADERS 1
| #define HAVE_SYS_TYPES_H 1
| #define HAVE_SYS_STAT_H 1
| #define HAVE_STDLIB_H 1
| #define HAVE_STRING_H 1
| #define HAVE_MEMORY_H 1
| #define HAVE_STRINGS_H 1
| #define HAVE_INTTYPES_H 1
| #define HAVE_STDINT_H 1
| #define HAVE_UNISTD_H 1
| #define HAVE_DLFCN_H 1
| #ifdef __cplusplus
| extern "C" void std::exit (int) throw (); using std::exit;
| #endif
| /* end confdefs.h.  */
| #include <ac_nonexistent.h>
configure:5197: checking for g77
configure:5226: result: no
configure:5197: checking for f77
configure:5226: result: no
configure:5197: checking for xlf
configure:5226: result: no
configure:5197: checking for frt
configure:5226: result: no
configure:5197: checking for pgf77
configure:5226: result: no
configure:5197: checking for fort77
configure:5226: result: no
configure:5197: checking for fl32
configure:5226: result: no
configure:5197: checking for af77
configure:5226: result: no
configure:5197: checking for f90
configure:5226: result: no
configure:5197: checking for xlf90
configure:5226: result: no
configure:5197: checking for pgf90
configure:5226: result: no
configure:5197: checking for epcf90
configure:5226: result: no
configure:5197: checking for f95
configure:5226: result: no
configure:5197: checking for fort
configure:5226: result: no
configure:5197: checking for xlf95
configure:5226: result: no
configure:5197: checking for ifc
configure:5226: result: no
configure:5197: checking for efc
configure:5226: result: no
configure:5197: checking for pgf95
configure:5226: result: no
configure:5197: checking for lf95
configure:5226: result: no
configure:5197: checking for gfortran
configure:5226: result: no
configure:5240: checking for Fortran 77 compiler version
configure:5241:  --version </dev/null >&5
./configure: line 5242: --version: command not found
configure:5244: $? = 127
configure:5246:  -v </dev/null >&5
./configure: line 5247: -v: command not found
configure:5249: $? = 127
configure:5251:  -V </dev/null >&5
./configure: line 5252: -V: command not found
configure:5254: $? = 127
configure:5262: checking whether we are using the GNU Fortran 77 compiler
configure:5276:  -c  conftest.F >&5
./configure: line 5277: -c: command not found
configure:5282: $? = 127
configure: failed program was:
|       program main
| #ifndef __GNUC__
|        choke me
| #endif
| 
|       end
configure:5307: result: no
configure:5313: checking whether  accepts -g
configure:5325:  -c -g conftest.f >&5
./configure: line 5326: -c: command not found
configure:5331: $? = 127
configure: failed program was:
|       program main
| 
|       end
configure:5355: result: no
configure:5385: checking the maximum length of command line arguments
configure:5450: result: 32768
configure:5461: checking command to parse /usr/bin/nm -B output from gcc object
configure:5550: gcc -c -g -O2  conftest.c >&5
configure:5553: $? = 0
configure:5557: /usr/bin/nm -B conftest.o \| sed -n -e 's/^.*[ 	]\([ABCDGIRSTW][ABCDGIRSTW]*\)[ 	][ 	]*\(\)\([_A-Za-z][_A-Za-z0-9]*\)$/\1 \2\3 \3/p' \> conftest.nm
configure:5560: $? = 0
configure:5612: gcc -o conftest -g -O2   conftest.c conftstm.o >&5
configure:5615: $? = 0
configure:5653: result: ok
configure:5657: checking for objdir
configure:5672: result: .libs
configure:5762: checking for ar
configure:5778: found /usr/bin/ar
configure:5789: result: ar
configure:5842: checking for ranlib
configure:5858: found /usr/bin/ranlib
configure:5869: result: ranlib
configure:5922: checking for strip
configure:5938: found /usr/bin/strip
configure:5949: result: strip
configure:6211: checking if gcc static flag  works
configure:6234: result: yes
configure:6252: checking if gcc supports -fno-rtti -fno-exceptions
configure:6272: gcc -c -g -O2  -fno-rtti -fno-exceptions conftest.c >&5
cc1: warning: command line option '-fno-rtti' is valid for C++/D/ObjC++ but not for C
configure:6276: $? = 0
configure:6285: result: no
configure:6277: checking for gcc option to produce PIC
configure:6454: result: -fPIC
configure:6462: checking if gcc PIC flag -fPIC works
configure:6505: gcc -c -g -O2  -fPIC -DPIC conftest.c >&5
configure:6509: $? = 0
configure:6495: result: yes
configure:6492: checking if gcc supports -c -o file.o
configure:6565: gcc -c -g -O2  -o out/conftest2.o conftest.c >&5
configure:6569: $? = 0
configure:6515: result: yes
configure:6541: checking whether the gcc linker (/usr/bin/ld -m elf_x86_64) supports shared libraries
configure:7387: result: yes
configure:7413: checking whether -lc should be explicitly linked in
configure:7418: gcc -c -g -O2  conftest.c >&5
configure:7421: $? = 0
configure:7435: gcc -shared conftest.o  -v -Wl,-soname -Wl,conftest -o conftest 2\>\&1 \| grep  -lc  \>/dev/null 2\>\&1
configure:7438: $? = 0
configure:7450: result: no
configure:7458: checking dynamic linker characteristics
configure:7998: result: GNU/Linux ld.so
configure:8002: checking how to hardcode library paths into programs
configure:8027: result: immediate
configure:8041: checking whether stripping libraries is possible
configure:8046: result: yes
configure:8869: checking if libtool supports shared libraries
configure:8871: result: yes
configure:8874: checking whether to build shared libraries
configure:8932: result: yes
configure:8935: checking whether to build static libraries
configure:8939: result: yes
configure:9031: creating libtool
configure:9578: checking for ld used by g++
configure:9645: result: /usr/bin/ld -m elf_x86_64
configure:9654: checking if the linker (/usr/bin/ld -m elf_x86_64) is GNU ld
configure:9669: result: yes
configure:9720: checking whether the g++ linker (/usr/bin/ld -m elf_x86_64) supports shared libraries
configure:10546: result: yes
configure:10564: g++ -c -g -O2  conftest.cc >&5
configure:10567: $? = 0
configure:10663: checking for g++ option to produce PIC
configure:10915: result: -fPIC
configure:10923: checking if g++ PIC flag -fPIC works
configure:11015: g++ -c -g -O2  -fPIC -DPIC conftest.cc >&5
configure:11019: $? = 0
configure:10956: result: yes
configure:10980: checking if g++ supports -c -o file.o
configure:11075: g++ -c -g -O2  -o out/conftest2.o conftest.cc >&5
configure:11079: $? = 0
configure:11025: result: yes
configure:11051: checking whether the g++ linker (/usr/bin/ld -m elf_x86_64) supports shared libraries
configure:11076: result: yes
configure:11147: checking dynamic linker characteristics
configure:11687: result: GNU/Linux ld.so
configure:11691: checking how to hardcode library paths into programs
configure:11716: result: immediate
configure:11730: checking whether stripping libraries is possible
configure:11735: result: yes
configure:19096: checking for ANSI C header files
configure:19251: result: yes
configure:19261: checking for sys/wait.h that is POSIX.1 compatible
configure:19292: gcc -c -Wall  conftest.c >&5
configure:19298: $? = 0
configure:19301: test -z 			 || test ! -s conftest.err
configure:19304: $? = 0
configure:19307: test -s conftest.o
configure:19310: $? = 0
configure:19321: result: yes
configure:19350: checking assert.h usability
configure:19362: gcc -c -Wall  conftest.c >&5
configure:19368: $? = 0
configure:19371: test -z 			 || test ! -s conftest.err
configure:19374: $? = 0
configure:19377: test -s conftest.o
configure:19380: $? = 0
configure:19390: result: yes
configure:19394: checking assert.h presence
configure:19404: gcc -E  conftest.c
configure:19410: $? = 0
configure:19430: result: yes
configure:19465: checking for assert.h
configure:19472: result: yes
configure:19350: checking limits.h usability
configure:19362: gcc -c -Wall  conftest.c >&5
configure:19368: $? = 0
configure:19371: test -z 			 || test ! -s conftest.err
configure:19374: $? = 0
configure:19377: test -s conftest.o
configure:19380: $? = 0
configure:19390: result: yes
configure:19394: checking limits.h presence
configure:19404: gcc -E  conftest.c
configure:19410: $? = 0
configure:19430: result: yes
configure:19465: checking for limits.h
configure:19472: result: yes
configure:19341: checking for unistd.h
configure:19346: result: yes
configure:19341: checking for sys/types.h
configure:19346: result: yes
configure:19350: checking fcntl.h usability
configure:19362: gcc -c -Wall  conftest.c >&5
configure:19368: $? = 0
configure:19371: test -z 			 || test ! -s conftest.err
configure:19374: $? = 0
configure:19377: test -s conftest.o
configure:19380: $? = 0
configure:19390: result: yes
configure:19394: checking fcntl.h presence
configure:19404: gcc -E  conftest.c
configure:19410: $? = 0
configure:19430: result: yes
configure:19465: checking for fcntl.h
configure:19472: result: yes
configure:19350: checking errno.h usability
configure:19362: gcc -c -Wall  conftest.c >&5
configure:19368: $? = 0
configure:19371: test -z 			 || test ! -s conftest.err
configure:19374: $? = 0
configure:19377: test -s conftest.o
configure:19380: $? = 0
configure:19390: result: yes
configure:19394: checking errno.h presence
configure:19404: gcc -E  conftest.c
configure:19410: $? = 0
configure:19430: result: yes
configure:19465: checking for errno.h
configure:19472: result: yes
configure:19487: checking for an ANSI C-conforming const
configure:19554: gcc -c -Wall  conftest.c >&5
conftest.c: In function 'main':
conftest.c:60:17: warning: unused variable 's' [-Wunused-variable]
   60 |     char const *s = 0 ? (char *) 0 : (char const *) 0;
      |                 ^
conftest.c:80:15: warning: unused variable 'foo' [-Wunused-variable]
   80 |     const int foo = 10;
      |               ^~~
conftest.c:47:29: warning: unused variable 'zero' [-Wunused-variable]
   47 |   static struct point const zero = {0,0};
      |                             ^~~~
conftest.c:41:17: warning: unused variable 'x' [-Wunused-variable]
   41 |   const charset x;
      |                 ^
At top level:
conftest.c:47:29: warning: 'zero' defined but not used [-Wunused-const-variable=]
   47 |   static struct point const zero = {0,0};
      |                             ^~~~
conftest.c: In function 'main':
conftest.c:62:7: warning: 't' is used uninitialized in this function [-Wuninitialized]
   62 |     *t++ = 0;
      |      ~^~
conftest.c:77:23: warning: 'b' is used uninitialized in this function [-Wuninitialized]
   77 |     struct s *b; b->j = 5;
      |                  ~~~~~^~~
configure:19560: $? = 0
configure:19563: test -z 			 || test ! -s conftest.err
configure:19566: $? = 0
configure:19569: test -s conftest.o
configure:19572: $? = 0
configure:19583: result: yes
configure:19593: checking for inline
configure:19614: gcc -c -Wall  conftest.c >&5
configure:19620: $? = 0
configure:19623: test -z 			 || test ! -s conftest.err
configure:19626: $? = 0
configure:19629: test -s conftest.o
configure:19632: $? = 0
configure:19644: result: inline
configure:19663: checking whether byte ordering is bigendian
configure:19690: gcc -c -Wall  conftest.c >&5
configure:19696: $? = 0
configure:19699: test -z 			 || test ! -s conftest.err
configure:19702: $? = 0
configure:19705: test -s conftest.o
configure:19708: $? = 0
configure:19732: gcc -c -Wall  conftest.c >&5
conftest.c: In function 'main':
conftest.c:40:2: error: unknown type name 'not'; did you mean 'ino_t'?
   40 |  not big endian
      |  ^~~
      |  ino_t
conftest.c:40:10: error: expected '=', ',', ';', 'asm' or '__attribute__' before 'endian'
   40 |  not big endian
      |          ^~~~~~
configure:19738: $? = 1
configure: failed program was:
| /* confdefs.h.  */
| 
| #define PACKAGE_NAME "MPEG Audio Decoder"
| #define PACKAGE_TARNAME "libmad"
| #define PACKAGE_VERSION "0.15.1b"
| #define PACKAGE_STRING "MPEG Audio Decoder 0.15.1b"
| #define PACKAGE_BUGREPORT "support@underbit.com"
| #define PACKAGE "libmad"
| #define VERSION "0.15.1b"
| #define STDC_HEADERS 1
| #define HAVE_SYS_TYPES_H 1
| #define HAVE_SYS_STAT_H 1
| #define HAVE_STDLIB_H 1
| #define HAVE_STRING_H 1
| #define HAVE_MEMORY_H 1
| #define HAVE_STRINGS_H 1
| #define HAVE_INTTYPES_H 1
| #define HAVE_STDINT_H 1
| #define HAVE_UNISTD_H 1
| #define HAVE_DLFCN_H 1
| #ifdef __cplusplus
| extern "C" void std::exit (int) throw (); using std::exit;
| #endif
| #define STDC_HEADERS 1
| #define HAVE_SYS_WAIT_H 1
| #define HAVE_ASSERT_H 1
| #define HAVE_LIMITS_H 1
| #define HAVE_UNISTD_H 1
| #define HAVE_SYS_TYPES_H 1
| #define HAVE_FCNTL_H 1
| #define HAVE_ERRNO_H 1
| /* end confdefs.h.  */
| #include <sys/types.h>
| #include <sys/param.h>
| 
| int
| main ()
| {
| #if BYTE_ORDER != BIG_ENDIAN
|  not big endian
| #endif
| 
|   ;
|   return 0;
| }
configure:19871: result: no
configure:19890: checking for pid_t
configure:19914: gcc -c -Wall  conftest.c >&5
configure:19920: $? = 0
configure:19923: test -z 			 || test ! -s conftest.err
configure:19926: $? = 0
configure:19929: test -s conftest.o
configure:19932: $? = 0
configure:19943: result: yes
configure:19956: checking for int
configure:19980: gcc -c -Wall  conftest.c >&5
configure:19986: $? = 0
configure:19989: test -z 			 || test ! -s conftest.err
configure:19992: $? = 0
configure:19995: test -s conftest.o
configure:19998: $? = 0
configure:20009: result: yes
configure:20012: checking size of int
configure:20324: gcc -o conftest -Wall   conftest.c  >&5
configure:20327: $? = 0
configure:20329: ./conftest
configure:20332: $? = 0
configure:20355: result: 4
configure:20362: checking for long
configure:20386: gcc -c -Wall  conftest.c >&5
configure:20392: $? = 0
configure:20395: test -z 			 || test ! -s conftest.err
configure:20398: $? = 0
configure:20401: test -s conftest.o
configure:20404: $? = 0
configure:20415: result: yes
configure:20418: checking size of long
configure:20730: gcc -o conftest -Wall   conftest.c  >&5
configure:20733: $? = 0
configure:20735: ./conftest
configure:20738: $? = 0
configure:20761: result: 8
configure:20768: checking for long long
configure:20792: gcc -c -Wall  conftest.c >&5
configure:20798: $? = 0
configure:20801: test -z 			 || test ! -s conftest.err
configure:20804: $? = 0
configure:20807: test -s conftest.o
configure:20810: $? = 0
configure:20821: result: yes
configure:20824: checking size of long long
configure:21136: gcc -o conftest -Wall   conftest.c  >&5
configure:21139: $? = 0
configure:21141: ./conftest
configure:21144: $? = 0
configure:21167: result: 8
configure:21183: checking for waitpid
configure:21240: gcc -o conftest -Wall   conftest.c  >&5
configure:21246: $? = 0
configure:21249: test -z 			 || test ! -s conftest.err
configure:21252: $? = 0
configure:21255: test -s conftest
configure:21258: $? = 0
configure:21270: result: yes
configure:21183: checking for fcntl
configure:21240: gcc -o conftest -Wall   conftest.c  >&5
configure:21246: $? = 0
configure:21249: test -z 			 || test ! -s conftest.err
configure:21252: $? = 0
configure:21255: test -s conftest
configure:21258: $? = 0
configure:21270: result: yes
configure:21183: checking for pipe
configure:21240: gcc -o conftest -Wall   conftest.c  >&5
configure:21246: $? = 0
configure:21249: test -z 			 || test ! -s conftest.err
configure:21252: $? = 0
configure:21255: test -s conftest
configure:21258: $? = 0
configure:21270: result: yes
configure:21183: checking for fork
configure:21240: gcc -o conftest -Wall   conftest.c  >&5
conftest.c:63:6: warning: conflicting types for built-in function 'fork'; expected 'int(void)' [-Wbuiltin-declaration-mismatch]
   63 | char fork ();
      |      ^~~~
configure:21246: $? = 0
configure:21249: test -z 			 || test ! -s conftest.err
configure:21252: $? = 0
configure:21255: test -s conftest
configure:21258: $? = 0
configure:21270: result: yes
configure:21342: checking whether to optimize for speed or for accuracy
configure:21384: result: default
configure:21394: checking for architecture-specific fixed-point math routines
configure:21433: result: DEFAULT
configure:21438: WARNING: default fixed-point math will yield limited accuracy
configure:21489: checking for ISO/IEC interpretation
configure:21507: result: best accepted practices
configure:21510: checking whether to enable profiling
configure:21521: result: no
configure:21524: checking whether to enable debugging
configure:21561: result: default
configure:21564: checking whether to enable experimental code
configure:21581: result: no
configure:21709: creating ./config.status

## ---------------------- ##
## Running config.status. ##
## ---------------------- ##

This file was extended by MPEG Audio Decoder config.status 0.15.1b, which was
generated by GNU Autoconf 2.59.  Invocation command line was

  CONFIG_FILES    = 
  CONFIG_HEADERS  = 
  CONFIG_LINKS    = 
  CONFIG_COMMANDS = 
  $ ./config.status 

on cn0756PCXD

config.status:745: creating Makefile
config.status:745: creating msvc++/Makefile
config.status:745: creating libmad.list
config.status:811: creating config.h
config.status:949: config.h is unchanged
config.status:1129: executing depfiles commands

## ---------------- ##
## Cache variables. ##
## ---------------- ##

ac_cv_build=x86_64-unknown-linux-gnu
ac_cv_build_alias=x86_64-unknown-linux-gnu
ac_cv_c_bigendian=no
ac_cv_c_compiler_gnu=yes
ac_cv_c_const=yes
ac_cv_c_inline=inline
ac_cv_cxx_compiler_gnu=yes
ac_cv_env_CCASFLAGS_set=
ac_cv_env_CCASFLAGS_value=
ac_cv_env_CCAS_set=
ac_cv_env_CCAS_value=
ac_cv_env_CC_set=
ac_cv_env_CC_value=
ac_cv_env_CFLAGS_set=
ac_cv_env_CFLAGS_value=
ac_cv_env_CPPFLAGS_set=
ac_cv_env_CPPFLAGS_value=
ac_cv_env_CPP_set=
ac_cv_env_CPP_value=
ac_cv_env_CXXCPP_set=
ac_cv_env_CXXCPP_value=
ac_cv_env_CXXFLAGS_set=
ac_cv_env_CXXFLAGS_value=
ac_cv_env_CXX_set=
ac_cv_env_CXX_value=
ac_cv_env_F77_set=
ac_cv_env_F77_value=
ac_cv_env_FFLAGS_set=
ac_cv_env_FFLAGS_value=
ac_cv_env_LDFLAGS_set=
ac_cv_env_LDFLAGS_value=
ac_cv_env_build_alias_set=
ac_cv_env_build_alias_value=
ac_cv_env_host_alias_set=
ac_cv_env_host_alias_value=
ac_cv_env_target_alias_set=
ac_cv_env_target_alias_value=
ac_cv_exeext=
ac_cv_f77_compiler_gnu=no
ac_cv_func_fcntl=yes
ac_cv_func_fork=yes
ac_cv_func_pipe=yes
ac_cv_func_waitpid=yes
ac_cv_header_assert_h=yes
ac_cv_header_dlfcn_h=yes
ac_cv_header_errno_h=yes
ac_cv_header_fcntl_h=yes
ac_cv_header_inttypes_h=yes
ac_cv_header_limits_h=yes
ac_cv_header_memory_h=yes
ac_cv_header_stdc=yes
ac_cv_header_stdint_h=yes
ac_cv_header_stdlib_h=yes
ac_cv_header_string_h=yes
ac_cv_header_strings_h=yes
ac_cv_header_sys_stat_h=yes
ac_cv_header_sys_types_h=yes
ac_cv_header_sys_wait_h=yes
ac_cv_header_unistd_h=yes
ac_cv_host=x86_64-unknown-linux-gnu
ac_cv_host_alias=x86_64-unknown-linux-gnu
ac_cv_objext=o
ac_cv_path_install='/usr/bin/install -c'
ac_cv_prog_AWK=gawk
ac_cv_prog_CPP='gcc -E'
ac_cv_prog_CXXCPP='g++ -E'
ac_cv_prog_ac_ct_AR=ar
ac_cv_prog_ac_ct_CC=gcc
ac_cv_prog_ac_ct_CXX=g++
ac_cv_prog_ac_ct_RANLIB=ranlib
ac_cv_prog_ac_ct_STRIP=strip
ac_cv_prog_cc_g=yes
ac_cv_prog_cc_stdc=
ac_cv_prog_cxx_g=yes
ac_cv_prog_egrep='grep -E'
ac_cv_prog_f77_g=no
ac_cv_prog_make_make_set=yes
ac_cv_sizeof_int=4
ac_cv_sizeof_long=8
ac_cv_sizeof_long_long=8
ac_cv_type_int=yes
ac_cv_type_long=yes
ac_cv_type_long_long=yes
ac_cv_type_pid_t=yes
am_cv_CC_dependencies_compiler_type=gcc3
am_cv_CXX_dependencies_compiler_type=gcc3
lt_cv_deplibs_check_method=pass_all
lt_cv_file_magic_cmd='$MAGIC_CMD'
lt_cv_file_magic_test_file=
lt_cv_ld_reload_flag=-r
lt_cv_objdir=.libs
lt_cv_path_LD=/usr/bin/ld
lt_cv_path_LDCXX='/usr/bin/ld -m elf_x86_64'
lt_cv_path_NM='/usr/bin/nm -B'
lt_cv_path_SED=/usr/bin/sed
lt_cv_prog_compiler_c_o=yes
lt_cv_prog_compiler_c_o_CXX=yes
lt_cv_prog_compiler_rtti_exceptions=no
lt_cv_prog_gnu_ld=yes
lt_cv_prog_gnu_ldcxx=yes
lt_cv_sys_global_symbol_pipe='sed -n -e '\''s/^.*[ 	]\([ABCDGIRSTW][ABCDGIRSTW]*\)[ 	][ 	]*\(\)\([_A-Za-z][_A-Za-z0-9]*\)$/\1 \2\3 \3/p'\'''
lt_cv_sys_global_symbol_to_c_name_address='sed -n -e '\''s/^: \([^ ]*\) $/  {\"\1\", (lt_ptr) 0},/p'\'' -e '\''s/^[BCDEGRST] \([^ ]*\) \([^ ]*\)$/  {"\2", (lt_ptr) \&\2},/p'\'''
lt_cv_sys_global_symbol_to_cdecl='sed -n -e '\''s/^. .* \(.*\)$/extern int \1;/p'\'''
lt_cv_sys_max_cmd_len=32768
lt_lt_cv_prog_compiler_c_o='"yes"'
lt_lt_cv_prog_compiler_c_o_CXX='"yes"'
lt_lt_cv_sys_global_symbol_pipe='"sed -n -e '\''s/^.*[ 	]\\([ABCDGIRSTW][ABCDGIRSTW]*\\)[ 	][ 	]*\\(\\)\\([_A-Za-z][_A-Za-z0-9]*\\)\$/\\1 \\2\\3 \\3/p'\''"'
lt_lt_cv_sys_global_symbol_to_c_name_address='"sed -n -e '\''s/^: \\([^ ]*\\) \$/  {\\\"\\1\\\", (lt_ptr) 0},/p'\'' -e '\''s/^[BCDEGRST] \\([^ ]*\\) \\([^ ]*\\)\$/  {\"\\2\", (lt_ptr) \\&\\2},/p'\''"'
lt_lt_cv_sys_global_symbol_to_cdecl='"sed -n -e '\''s/^. .* \\(.*\\)\$/extern int \\1;/p'\''"'

## ----------------- ##
## Output variables. ##
## ----------------- ##

ACLOCAL='${SHELL} /mnt/e/audio_decoder/mpeg/libmad-0.15.1b/missing --run aclocal-1.8'
AMDEPBACKSLASH='\'
AMDEP_FALSE='#'
AMDEP_TRUE=''
AMTAR='${SHELL} /mnt/e/audio_decoder/mpeg/libmad-0.15.1b/missing --run tar'
AR='ar'
ASO=''
ASO_OBJS=''
AUTOCONF='${SHELL} /mnt/e/audio_decoder/mpeg/libmad-0.15.1b/missing --run autoconf'
AUTOHEADER='${SHELL} /mnt/e/audio_decoder/mpeg/libmad-0.15.1b/missing --run autoheader'
AUTOMAKE='${SHELL} /mnt/e/audio_decoder/mpeg/libmad-0.15.1b/missing --run automake-1.8'
AWK='gawk'
CC='gcc'
CCAS='gcc'
CCASFLAGS='-g -O2'
CCDEPMODE='depmode=gcc3'
CFLAGS='-Wall -g -O -fforce-addr -fthread-jumps -fcse-follow-jumps -fcse-skip-blocks -fexpensive-optimizations -fregmove -fschedule-insns2'
CPP='gcc -E'
CPPFLAGS=''
CXX='g++'
CXXCPP='g++ -E'
CXXDEPMODE='depmode=gcc3'
CXXFLAGS='-g -O2'
CYGPATH_W='echo'
DEFS='-DHAVE_CONFIG_H'
DEPDIR='.deps'
ECHO='echo'
ECHO_C=''
ECHO_N='-n'
ECHO_T=''
EGREP='grep -E'
EXEEXT=''
F77=''
FFLAGS=''
FPM='-DFPM_DEFAULT'
INSTALL_DATA='${INSTALL} -m 644'
INSTALL_PROGRAM='${INSTALL}'
INSTALL_SCRIPT='${INSTALL}'
INSTALL_STRIP_PROGRAM='${SHELL} $(install_sh) -c -s'
LDFLAGS=''
LIBOBJS=''
LIBS=''
LIBTOOL='$(SHELL) $(top_builddir)/libtool'
LIBTOOL_DEPS='./ltmain.sh'
LN_S='ln -s'
LTLIBOBJS=''
MAKEINFO='${SHELL} /mnt/e/audio_decoder/mpeg/libmad-0.15.1b/missing --run makeinfo'
OBJEXT='o'
PACKAGE='libmad'
PACKAGE_BUGREPORT='support@underbit.com'
PACKAGE_NAME='MPEG Audio Decoder'
PACKAGE_STRING='MPEG Audio Decoder 0.15.1b'
PACKAGE_TARNAME='libmad'
PACKAGE_VERSION='0.15.1b'
PATH_SEPARATOR=':'
RANLIB='ranlib'
SET_MAKE=''
SHELL='/bin/bash'
STRIP='strip'
VERSION='0.15.1b'
ac_ct_AR='ar'
ac_ct_CC='gcc'
ac_ct_CXX='g++'
ac_ct_F77=''
ac_ct_RANLIB='ranlib'
ac_ct_STRIP='strip'
am__fastdepCC_FALSE='#'
am__fastdepCC_TRUE=''
am__fastdepCXX_FALSE='#'
am__fastdepCXX_TRUE=''
am__include='include'
am__leading_dot='.'
am__quote=''
bindir='${exec_prefix}/bin'
build='x86_64-unknown-linux-gnu'
build_alias=''
build_cpu='x86_64'
build_os='linux-gnu'
build_vendor='unknown'
datadir='${prefix}/share'
exec_prefix='${prefix}'
host='x86_64-unknown-linux-gnu'
host_alias=''
host_cpu='x86_64'
host_os='linux-gnu'
host_vendor='unknown'
includedir='${prefix}/include'
infodir='${prefix}/info'
install_sh='/mnt/e/audio_decoder/mpeg/libmad-0.15.1b/install-sh'
libdir='${exec_prefix}/lib'
libexecdir='${exec_prefix}/libexec'
localstatedir='${prefix}/var'
mandir='${prefix}/man'
mkdir_p='mkdir -p -- .'
oldincludedir='/usr/include'
prefix='/mnt/e/audio_decoder/mpeg/libmad-0.15.1b/libmad'
program_transform_name='s,x,x,'
sbindir='${exec_prefix}/sbin'
sharedstatedir='${prefix}/com'
sysconfdir='${prefix}/etc'
target_alias=''

## ----------- ##
## confdefs.h. ##
## ----------- ##

#define HAVE_ASSERT_H 1
#define HAVE_DLFCN_H 1
#define HAVE_ERRNO_H 1
#define HAVE_FCNTL 1
#define HAVE_FCNTL_H 1
#define HAVE_FORK 1
#define HAVE_INTTYPES_H 1
#define HAVE_LIMITS_H 1
#define HAVE_MEMORY_H 1
#define HAVE_PIPE 1
#define HAVE_STDINT_H 1
#define HAVE_STDLIB_H 1
#define HAVE_STRINGS_H 1
#define HAVE_STRING_H 1
#define HAVE_SYS_STAT_H 1
#define HAVE_SYS_TYPES_H 1
#define HAVE_SYS_TYPES_H 1
#define HAVE_SYS_WAIT_H 1
#define HAVE_UNISTD_H 1
#define HAVE_UNISTD_H 1
#define HAVE_WAITPID 1
#define PACKAGE "libmad"
#define PACKAGE_BUGREPORT "support@underbit.com"
#define PACKAGE_NAME "MPEG Audio Decoder"
#define PACKAGE_STRING "MPEG Audio Decoder 0.15.1b"
#define PACKAGE_TARNAME "libmad"
#define PACKAGE_VERSION "0.15.1b"
#define SIZEOF_INT 4
#define SIZEOF_LONG 8
#define SIZEOF_LONG_LONG 8
#define STDC_HEADERS 1
#define STDC_HEADERS 1
#define VERSION "0.15.1b"
#endif
#ifdef __cplusplus
extern "C" void std::exit (int) throw (); using std::exit;

configure: exit 0
