This file contains any messages produced by compilers while
running configure, to aid debugging if configure makes a mistake.

It was created by libogg configure 1.3.5, which was
generated by GNU Autoconf 2.69.  Invocation command line was

  $ ./configure --prefix=/mnt/d/audio_decoder/libogg-1.3.5/install

## --------- ##
## Platform. ##
## --------- ##

hostname = cn0756PCXD
uname -m = x86_64
uname -r = 4.4.0-19041-Microsoft
uname -s = Linux
uname -v = #488-Microsoft Mon Sep 01 13:43:00 PST 2020

/usr/bin/uname -p = x86_64
/bin/uname -X     = unknown

/bin/arch              = x86_64
/usr/bin/arch -k       = unknown
/usr/convex/getsysinfo = unknown
/usr/bin/hostinfo      = unknown
/bin/machine           = unknown
/usr/bin/oslevel       = unknown
/bin/universe          = unknown

PATH: /usr/local/sbin
PATH: /usr/local/bin
PATH: /usr/sbin
PATH: /usr/bin
PATH: /sbin
PATH: /bin
PATH: /usr/games
PATH: /usr/local/games
PATH: /mnt/d/software/cmder_mini/vendor/bin
PATH: /mnt/d/software/cmder_mini/vendor/conemu-maximus5/ConEmu/Scripts
PATH: /mnt/d/software/cmder_mini/vendor/conemu-maximus5
PATH: /mnt/d/software/cmder_mini/vendor/conemu-maximus5/ConEmu
PATH: /mnt/c/Windows/system32
PATH: /mnt/c/Windows
PATH: /mnt/c/Windows/System32/Wbem
PATH: /mnt/c/Windows/System32/WindowsPowerShell/v1.0/
PATH: /mnt/c/Windows/System32/OpenSSH/
PATH: /mnt/c/Program Files/TortoiseHg/
PATH: /mnt/c/Program Files (x86)/Montage-tech/MontageDebugger/bin
PATH: /mnt/c/Program Files (x86)/Montage-tech/Brolga/codeblocks
PATH: /mnt/c/Program Files (x86)/Microsoft SQL Server/90/Tools/binn/
PATH: /mnt/c/Users/ahzhao/AppData/Local/Microsoft/WindowsApps
PATH: /mnt/c/Program Files (x86)/Montage-tech/Brolga/codeblocks/
PATH: /mnt/c/Program Files (x86)/Montage-tech/Brolga/msys/1.0/local/
PATH: /mnt/d/software/cmder_mini
PATH: /snap/bin


## ----------- ##
## Core tests. ##
## ----------- ##

configure:2490: checking build system type
configure:2504: result: x86_64-pc-linux-gnu
configure:2524: checking host system type
configure:2537: result: x86_64-pc-linux-gnu
configure:2578: checking how to print strings
configure:2605: result: printf
configure:2677: checking for gcc
configure:2693: found /usr/bin/gcc
configure:2704: result: gcc
configure:2933: checking for C compiler version
configure:2942: gcc --version >&5
gcc (Ubuntu 9.3.0-17ubuntu1~20.04) 9.3.0
Copyright (C) 2019 Free Software Foundation, Inc.
This is free software; see the source for copying conditions.  There is NO
warranty; not even for MERCHANTABILITY or FITNESS FOR A PARTICULAR PURPOSE.

configure:2953: $? = 0
configure:2942: gcc -v >&5
Using built-in specs.
COLLECT_GCC=gcc
COLLECT_LTO_WRAPPER=/usr/lib/gcc/x86_64-linux-gnu/9/lto-wrapper
OFFLOAD_TARGET_NAMES=nvptx-none:hsa
OFFLOAD_TARGET_DEFAULT=1
Target: x86_64-linux-gnu
Configured with: ../src/configure -v --with-pkgversion='Ubuntu 9.3.0-17ubuntu1~20.04' --with-bugurl=file:///usr/share/doc/gcc-9/README.Bugs --enable-languages=c,ada,c++,go,brig,d,fortran,objc,obj-c++,gm2 --prefix=/usr --with-gcc-major-version-only --program-suffix=-9 --program-prefix=x86_64-linux-gnu- --enable-shared --enable-linker-build-id --libexecdir=/usr/lib --without-included-gettext --enable-threads=posix --libdir=/usr/lib --enable-nls --enable-clocale=gnu --enable-libstdcxx-debug --enable-libstdcxx-time=yes --with-default-libstdcxx-abi=new --enable-gnu-unique-object --disable-vtable-verify --enable-plugin --enable-default-pie --with-system-zlib --with-target-system-zlib=auto --enable-objc-gc=auto --enable-multiarch --disable-werror --with-arch-32=i686 --with-abi=m64 --with-multilib-list=m32,m64,mx32 --enable-multilib --with-tune=generic --enable-offload-targets=nvptx-none=/build/gcc-9-HskZEa/gcc-9-9.3.0/debian/tmp-nvptx/usr,hsa --without-cuda-driver --enable-checking=release --build=x86_64-linux-gnu --host=x86_64-linux-gnu --target=x86_64-linux-gnu
Thread model: posix
gcc version 9.3.0 (Ubuntu 9.3.0-17ubuntu1~20.04) 
configure:2953: $? = 0
configure:2942: gcc -V >&5
gcc: error: unrecognized command line option '-V'
gcc: fatal error: no input files
compilation terminated.
configure:2953: $? = 1
configure:2942: gcc -qversion >&5
gcc: error: unrecognized command line option '-qversion'; did you mean '--version'?
gcc: fatal error: no input files
compilation terminated.
configure:2953: $? = 1
configure:2973: checking whether the C compiler works
configure:2995: gcc    conftest.c  >&5
configure:2999: $? = 0
configure:3047: result: yes
configure:3050: checking for C compiler default output file name
configure:3052: result: a.out
configure:3058: checking for suffix of executables
configure:3065: gcc -o conftest    conftest.c  >&5
configure:3069: $? = 0
configure:3091: result: 
configure:3113: checking whether we are cross compiling
configure:3121: gcc -o conftest    conftest.c  >&5
configure:3125: $? = 0
configure:3132: ./conftest
configure:3136: $? = 0
configure:3124: result: no
configure:3129: checking for suffix of object files
configure:3151: gcc -c   conftest.c >&5
configure:3155: $? = 0
configure:3176: result: o
configure:3180: checking whether we are using the GNU C compiler
configure:3199: gcc -c   conftest.c >&5
configure:3199: $? = 0
configure:3208: result: yes
configure:3217: checking whether gcc accepts -g
configure:3237: gcc -c -g  conftest.c >&5
configure:3237: $? = 0
configure:3278: result: yes
configure:3295: checking for gcc option to accept ISO C89
configure:3358: gcc  -c -g -O2  conftest.c >&5
configure:3358: $? = 0
configure:3371: result: none needed
configure:3396: checking whether gcc understands -c and -o together
configure:3418: gcc -c conftest.c -o conftest2.o
configure:3421: $? = 0
configure:3418: gcc -c conftest.c -o conftest2.o
configure:3421: $? = 0
configure:3433: result: yes
configure:3450: checking for a sed that does not truncate output
configure:3514: result: /usr/bin/sed
configure:3532: checking for grep that handles long lines and -e
configure:3590: result: /usr/bin/grep
configure:3595: checking for egrep
configure:3657: result: /usr/bin/grep -E
configure:3662: checking for fgrep
configure:3724: result: /usr/bin/grep -F
configure:3759: checking for ld used by gcc
configure:3826: result: /usr/bin/ld
configure:3833: checking if the linker (/usr/bin/ld) is GNU ld
configure:3848: result: yes
configure:3860: checking for BSD- or MS-compatible name lister (nm)
configure:3914: result: /usr/bin/nm -B
configure:4044: checking the name lister (/usr/bin/nm -B) interface
configure:4051: gcc -c -g -O2  conftest.c >&5
configure:4054: /usr/bin/nm -B "conftest.o"
configure:4057: output
0000000000000000 B some_variable
configure:4058: result: BSD nm
configure:4061: checking whether ln -s works
configure:4065: result: yes
configure:4073: checking the maximum length of command line arguments
configure:4204: result: 1572864
configure:4252: checking how to convert x86_64-pc-linux-gnu file names to x86_64-pc-linux-gnu format
configure:4292: result: func_convert_file_noop
configure:4299: checking how to convert x86_64-pc-linux-gnu file names to toolchain format
configure:4319: result: func_convert_file_noop
configure:4326: checking for /usr/bin/ld option to reload object files
configure:4333: result: -r
configure:4407: checking for objdump
configure:4423: found /usr/bin/objdump
configure:4434: result: objdump
configure:4466: checking how to recognize dependent libraries
configure:4666: result: pass_all
configure:4751: checking for dlltool
configure:4781: result: no
configure:4811: checking how to associate runtime and link libraries
configure:4838: result: printf %s\n
configure:4899: checking for ar
configure:4915: found /usr/bin/ar
configure:4926: result: ar
configure:4963: checking for archiver @FILE support
configure:4980: gcc -c -g -O2  conftest.c >&5
configure:4980: $? = 0
configure:4983: ar cr libconftest.a @conftest.lst >&5
configure:4986: $? = 0
configure:4991: ar cr libconftest.a @conftest.lst >&5
ar: conftest.o: No such file or directory
configure:4994: $? = 1
configure:4993: result: @
configure:5051: checking for strip
configure:5067: found /usr/bin/strip
configure:5078: result: strip
configure:5150: checking for ranlib
configure:5166: found /usr/bin/ranlib
configure:5177: result: ranlib
configure:5254: checking for gawk
configure:5270: found /usr/bin/gawk
configure:5281: result: gawk
configure:5321: checking command to parse /usr/bin/nm -B output from gcc object
configure:5474: gcc -c -g -O2  conftest.c >&5
configure:5477: $? = 0
configure:5481: /usr/bin/nm -B conftest.o | sed -n -e 's/^.*[	 ]\([ABCDGIRSTW][ABCDGIRSTW]*\)[	 ][	 ]*\([_A-Za-z][_A-Za-z0-9]*\)$/\1 \2 \2/p' | sed '/ __gnu_lto/d' > conftest.nm
configure:5547: gcc -o conftest -g -O2   conftest.c conftstm.o >&5
configure:5550: $? = 0
configure:5588: result: ok
configure:5635: checking for sysroot
configure:5665: result: no
configure:5672: checking for a working dd
configure:5710: result: /usr/bin/dd
configure:5714: checking how to truncate binary pipes
configure:5729: result: /usr/bin/dd bs=4096 count=1
configure:5865: gcc -c -g -O2  conftest.c >&5
configure:5868: $? = 0
configure:6058: checking for mt
configure:6074: found /usr/bin/mt
configure:6085: result: mt
configure:6108: checking if mt is a manifest tool
configure:6114: mt '-?'
configure:6122: result: no
configure:6799: checking how to run the C preprocessor
configure:6830: gcc -E  conftest.c
configure:6830: $? = 0
configure:6844: gcc -E  conftest.c
conftest.c:9:10: fatal error: ac_nonexistent.h: No such file or directory
    9 | #include <ac_nonexistent.h>
      |          ^~~~~~~~~~~~~~~~~~
compilation terminated.
configure:6844: $? = 1
configure: failed program was:
| /* confdefs.h */
| #define PACKAGE_NAME "libogg"
| #define PACKAGE_TARNAME "libogg"
| #define PACKAGE_VERSION "1.3.5"
| #define PACKAGE_STRING "libogg 1.3.5"
| #define PACKAGE_BUGREPORT "ogg-dev@xiph.org"
| #define PACKAGE_URL ""
| /* end confdefs.h.  */
| #include <ac_nonexistent.h>
configure:6869: result: gcc -E
configure:6889: gcc -E  conftest.c
configure:6889: $? = 0
configure:6903: gcc -E  conftest.c
conftest.c:9:10: fatal error: ac_nonexistent.h: No such file or directory
    9 | #include <ac_nonexistent.h>
      |          ^~~~~~~~~~~~~~~~~~
compilation terminated.
configure:6903: $? = 1
configure: failed program was:
| /* confdefs.h */
| #define PACKAGE_NAME "libogg"
| #define PACKAGE_TARNAME "libogg"
| #define PACKAGE_VERSION "1.3.5"
| #define PACKAGE_STRING "libogg 1.3.5"
| #define PACKAGE_BUGREPORT "ogg-dev@xiph.org"
| #define PACKAGE_URL ""
| /* end confdefs.h.  */
| #include <ac_nonexistent.h>
configure:6932: checking for ANSI C header files
configure:6952: gcc -c -g -O2  conftest.c >&5
configure:6952: $? = 0
configure:7025: gcc -o conftest -g -O2   conftest.c  >&5
configure:7025: $? = 0
configure:7025: ./conftest
configure:7025: $? = 0
configure:7036: result: yes
configure:7049: checking for sys/types.h
configure:7049: gcc -c -g -O2  conftest.c >&5
configure:7049: $? = 0
configure:7049: result: yes
configure:7049: checking for sys/stat.h
configure:7049: gcc -c -g -O2  conftest.c >&5
configure:7049: $? = 0
configure:7049: result: yes
configure:7049: checking for stdlib.h
configure:7049: gcc -c -g -O2  conftest.c >&5
configure:7049: $? = 0
configure:7049: result: yes
configure:7049: checking for string.h
configure:7049: gcc -c -g -O2  conftest.c >&5
configure:7049: $? = 0
configure:7049: result: yes
configure:7049: checking for memory.h
configure:7049: gcc -c -g -O2  conftest.c >&5
configure:7049: $? = 0
configure:7049: result: yes
configure:7049: checking for strings.h
configure:7049: gcc -c -g -O2  conftest.c >&5
configure:7049: $? = 0
configure:7049: result: yes
configure:7049: checking for inttypes.h
configure:7049: gcc -c -g -O2  conftest.c >&5
configure:7049: $? = 0
configure:7049: result: yes
configure:7049: checking for stdint.h
configure:7049: gcc -c -g -O2  conftest.c >&5
configure:7049: $? = 0
configure:7049: result: yes
configure:7049: checking for unistd.h
configure:7049: gcc -c -g -O2  conftest.c >&5
configure:7049: $? = 0
configure:7049: result: yes
configure:7063: checking for dlfcn.h
configure:7063: gcc -c -g -O2  conftest.c >&5
configure:7063: $? = 0
configure:7063: result: yes
configure:7319: checking for objdir
configure:7334: result: .libs
configure:7598: checking if gcc supports -fno-rtti -fno-exceptions
configure:7616: gcc -c -g -O2  -fno-rtti -fno-exceptions conftest.c >&5
cc1: warning: command line option '-fno-rtti' is valid for C++/D/ObjC++ but not for C
configure:7620: $? = 0
configure:7633: result: no
configure:7997: checking for gcc option to produce PIC
configure:8004: result: -fPIC -DPIC
configure:8012: checking if gcc PIC flag -fPIC -DPIC works
configure:8030: gcc -c -g -O2  -fPIC -DPIC -DPIC conftest.c >&5
configure:8034: $? = 0
configure:8047: result: yes
configure:8076: checking if gcc static flag -static works
configure:8104: result: yes
configure:8119: checking if gcc supports -c -o file.o
configure:8140: gcc -c -g -O2  -o out/conftest2.o conftest.c >&5
configure:8144: $? = 0
configure:8166: result: yes
configure:8174: checking if gcc supports -c -o file.o
configure:8221: result: yes
configure:8254: checking whether the gcc linker (/usr/bin/ld -m elf_x86_64) supports shared libraries
configure:9517: result: yes
configure:9554: checking whether -lc should be explicitly linked in
configure:9562: gcc -c -g -O2  conftest.c >&5
configure:9565: $? = 0
configure:9580: gcc -shared  -fPIC -DPIC conftest.o  -v -Wl,-soname -Wl,conftest -o conftest 2\>\&1 \| /usr/bin/grep  -lc  \>/dev/null 2\>\&1
configure:9583: $? = 0
configure:9597: result: no
configure:9757: checking dynamic linker characteristics
configure:10338: gcc -o conftest -g -O2   -Wl,-rpath -Wl,/foo conftest.c  >&5
configure:10338: $? = 0
configure:10587: result: GNU/Linux ld.so
configure:10709: checking how to hardcode library paths into programs
configure:10734: result: immediate
configure:11282: checking whether stripping libraries is possible
configure:11287: result: yes
configure:11322: checking if libtool supports shared libraries
configure:11324: result: yes
configure:11327: checking whether to build shared libraries
configure:11352: result: yes
configure:11355: checking whether to build static libraries
configure:11359: result: yes
configure:8191: checking for a BSD-compatible install
configure:8259: result: /usr/bin/install -c
configure:8270: checking whether build environment is sane
configure:8325: result: yes
configure:8466: checking for a thread-safe mkdir -p
configure:8505: result: /usr/bin/mkdir -p
configure:8508: checking whether make sets $(MAKE)
configure:8530: result: yes
configure:8552: checking whether make supports the include directive
configure:8567: make -f confmf.GNU && cat confinc.out
this is the am__doit target
configure:8570: $? = 0
configure:8589: result: yes (GNU style)
configure:8622: checking whether make supports nested variables
configure:8639: result: yes
configure:8724: checking dependency style of gcc
configure:8835: result: gcc3
configure:8894: checking whether to enable maintainer-specific portions of Makefiles
configure:8903: result: yes
configure:8973: checking for gcc
configure:9000: result: gcc
configure:9229: checking for C compiler version
configure:9238: gcc --version >&5
gcc (Ubuntu 9.3.0-17ubuntu1~20.04) 9.3.0
Copyright (C) 2019 Free Software Foundation, Inc.
This is free software; see the source for copying conditions.  There is NO
warranty; not even for MERCHANTABILITY or FITNESS FOR A PARTICULAR PURPOSE.

configure:9249: $? = 0
configure:9238: gcc -v >&5
Using built-in specs.
COLLECT_GCC=gcc
COLLECT_LTO_WRAPPER=/usr/lib/gcc/x86_64-linux-gnu/9/lto-wrapper
OFFLOAD_TARGET_NAMES=nvptx-none:hsa
OFFLOAD_TARGET_DEFAULT=1
Target: x86_64-linux-gnu
Configured with: ../src/configure -v --with-pkgversion='Ubuntu 9.3.0-17ubuntu1~20.04' --with-bugurl=file:///usr/share/doc/gcc-9/README.Bugs --enable-languages=c,ada,c++,go,brig,d,fortran,objc,obj-c++,gm2 --prefix=/usr --with-gcc-major-version-only --program-suffix=-9 --program-prefix=x86_64-linux-gnu- --enable-shared --enable-linker-build-id --libexecdir=/usr/lib --without-included-gettext --enable-threads=posix --libdir=/usr/lib --enable-nls --enable-clocale=gnu --enable-libstdcxx-debug --enable-libstdcxx-time=yes --with-default-libstdcxx-abi=new --enable-gnu-unique-object --disable-vtable-verify --enable-plugin --enable-default-pie --with-system-zlib --with-target-system-zlib=auto --enable-objc-gc=auto --enable-multiarch --disable-werror --with-arch-32=i686 --with-abi=m64 --with-multilib-list=m32,m64,mx32 --enable-multilib --with-tune=generic --enable-offload-targets=nvptx-none=/build/gcc-9-HskZEa/gcc-9-9.3.0/debian/tmp-nvptx/usr,hsa --without-cuda-driver --enable-checking=release --build=x86_64-linux-gnu --host=x86_64-linux-gnu --target=x86_64-linux-gnu
Thread model: posix
gcc version 9.3.0 (Ubuntu 9.3.0-17ubuntu1~20.04) 
configure:9249: $? = 0
configure:9238: gcc -V >&5
gcc: error: unrecognized command line option '-V'
gcc: fatal error: no input files
compilation terminated.
configure:9249: $? = 1
configure:9238: gcc -qversion >&5
gcc: error: unrecognized command line option '-qversion'; did you mean '--version'?
gcc: fatal error: no input files
compilation terminated.
configure:9249: $? = 1
configure:9253: checking whether we are using the GNU C compiler
configure:9281: result: yes
configure:9290: checking whether gcc accepts -g
configure:9351: result: yes
configure:9368: checking for gcc option to accept ISO C89
configure:9444: result: none needed
configure:9469: checking whether gcc understands -c and -o together
configure:9506: result: yes
configure:9575: checking for ANSI C header files
configure:9679: result: yes
configure:9690: checking for inttypes.h
configure:9690: result: yes
configure:9696: checking for stdint.h
configure:9696: result: yes
configure:9702: checking for sys/types.h
configure:9702: result: yes
configure:9709: checking for an ANSI C-conforming const
configure:9775: gcc -c -O2 -Wall -ffast-math -fsigned-char -g -O2  conftest.c >&5
configure:9775: $? = 0
configure:9782: result: yes
configure:9796: checking size of int16_t
configure:9801: gcc -o conftest -O2 -Wall -ffast-math -fsigned-char -g -O2   conftest.c  >&5
configure:9801: $? = 0
configure:9801: ./conftest
configure:9801: $? = 0
configure:9815: result: 2
configure:9829: checking size of uint16_t
configure:9834: gcc -o conftest -O2 -Wall -ffast-math -fsigned-char -g -O2   conftest.c  >&5
configure:9834: $? = 0
configure:9834: ./conftest
configure:9834: $? = 0
configure:9848: result: 2
configure:9862: checking size of u_int16_t
configure:9867: gcc -o conftest -O2 -Wall -ffast-math -fsigned-char -g -O2   conftest.c  >&5
configure:9867: $? = 0
configure:9867: ./conftest
configure:9867: $? = 0
configure:9881: result: 2
configure:9895: checking size of int32_t
configure:9900: gcc -o conftest -O2 -Wall -ffast-math -fsigned-char -g -O2   conftest.c  >&5
configure:9900: $? = 0
configure:9900: ./conftest
configure:9900: $? = 0
configure:9914: result: 4
configure:9928: checking size of uint32_t
configure:9933: gcc -o conftest -O2 -Wall -ffast-math -fsigned-char -g -O2   conftest.c  >&5
configure:9933: $? = 0
configure:9933: ./conftest
configure:9933: $? = 0
configure:9947: result: 4
configure:9961: checking size of u_int32_t
configure:9966: gcc -o conftest -O2 -Wall -ffast-math -fsigned-char -g -O2   conftest.c  >&5
configure:9966: $? = 0
configure:9966: ./conftest
configure:9966: $? = 0
configure:9980: result: 4
configure:9994: checking size of int64_t
configure:9999: gcc -o conftest -O2 -Wall -ffast-math -fsigned-char -g -O2   conftest.c  >&5
configure:9999: $? = 0
configure:9999: ./conftest
configure:9999: $? = 0
configure:10013: result: 8
configure:10027: checking size of uint64_t
configure:10032: gcc -o conftest -O2 -Wall -ffast-math -fsigned-char -g -O2   conftest.c  >&5
configure:10032: $? = 0
configure:10032: ./conftest
configure:10032: $? = 0
configure:10046: result: 8
configure:10060: checking size of short
configure:10065: gcc -o conftest -O2 -Wall -ffast-math -fsigned-char -g -O2   conftest.c  >&5
configure:10065: $? = 0
configure:10065: ./conftest
configure:10065: $? = 0
configure:10079: result: 2
configure:10093: checking size of int
configure:10098: gcc -o conftest -O2 -Wall -ffast-math -fsigned-char -g -O2   conftest.c  >&5
configure:10098: $? = 0
configure:10098: ./conftest
configure:10098: $? = 0
configure:10112: result: 4
configure:10126: checking size of long
configure:10131: gcc -o conftest -O2 -Wall -ffast-math -fsigned-char -g -O2   conftest.c  >&5
configure:10131: $? = 0
configure:10131: ./conftest
configure:10131: $? = 0
configure:10145: result: 8
configure:10159: checking size of long long
configure:10164: gcc -o conftest -O2 -Wall -ffast-math -fsigned-char -g -O2   conftest.c  >&5
configure:10164: $? = 0
configure:10164: ./conftest
configure:10164: $? = 0
configure:10178: result: 8
configure:10277: checking for working memcmp
configure:10320: gcc -o conftest -O2 -Wall -ffast-math -fsigned-char -g -O2   conftest.c  >&5
configure:10320: $? = 0
configure:10320: ./conftest
configure:10320: $? = 0
configure:10330: result: yes
configure:10464: checking that generated files are newer than configure
configure:10470: result: done
configure:10501: creating ./config.status

## ---------------------- ##
## Running config.status. ##
## ---------------------- ##

This file was extended by libogg config.status 1.3.5, which was
generated by GNU Autoconf 2.69.  Invocation command line was

  CONFIG_FILES    = 
  CONFIG_HEADERS  = 
  CONFIG_LINKS    = 
  CONFIG_COMMANDS = 
  $ ./config.status 

on cn0756PCXD

config.status:1123: creating Makefile
config.status:1123: creating src/Makefile
config.status:1123: creating doc/Makefile
config.status:1123: creating doc/libogg/Makefile
config.status:1123: creating include/Makefile
config.status:1123: creating include/ogg/Makefile
config.status:1123: creating include/ogg/config_types.h
config.status:1123: creating libogg.spec
config.status:1123: creating ogg.pc
config.status:1123: creating ogg-uninstalled.pc
config.status:1123: creating config.h
config.status:1304: config.h is unchanged
config.status:1352: executing libtool commands
config.status:1352: executing depfiles commands
config.status:1971: cd src       && sed -e '/# am--include-marker/d' Makefile         | make -f - am--depfiles
make: Nothing to be done for 'am--depfiles'.
config.status:1976: $? = 0

## ---------------- ##
## Cache variables. ##
## ---------------- ##

ac_cv_build=x86_64-pc-linux-gnu
ac_cv_c_compiler_gnu=yes
ac_cv_c_const=yes
ac_cv_env_CC_set=
ac_cv_env_CC_value=
ac_cv_env_CFLAGS_set=
ac_cv_env_CFLAGS_value=
ac_cv_env_CPPFLAGS_set=
ac_cv_env_CPPFLAGS_value=
ac_cv_env_CPP_set=
ac_cv_env_CPP_value=
ac_cv_env_LDFLAGS_set=
ac_cv_env_LDFLAGS_value=
ac_cv_env_LIBS_set=
ac_cv_env_LIBS_value=
ac_cv_env_LT_SYS_LIBRARY_PATH_set=
ac_cv_env_LT_SYS_LIBRARY_PATH_value=
ac_cv_env_build_alias_set=
ac_cv_env_build_alias_value=
ac_cv_env_host_alias_set=
ac_cv_env_host_alias_value=
ac_cv_env_target_alias_set=
ac_cv_env_target_alias_value=
ac_cv_func_memcmp_working=yes
ac_cv_header_dlfcn_h=yes
ac_cv_header_inttypes_h=yes
ac_cv_header_memory_h=yes
ac_cv_header_stdc=yes
ac_cv_header_stdint_h=yes
ac_cv_header_stdlib_h=yes
ac_cv_header_string_h=yes
ac_cv_header_strings_h=yes
ac_cv_header_sys_stat_h=yes
ac_cv_header_sys_types_h=yes
ac_cv_header_unistd_h=yes
ac_cv_host=x86_64-pc-linux-gnu
ac_cv_objext=o
ac_cv_path_EGREP='/usr/bin/grep -E'
ac_cv_path_FGREP='/usr/bin/grep -F'
ac_cv_path_GREP=/usr/bin/grep
ac_cv_path_SED=/usr/bin/sed
ac_cv_path_install='/usr/bin/install -c'
ac_cv_path_lt_DD=/usr/bin/dd
ac_cv_path_mkdir=/usr/bin/mkdir
ac_cv_prog_AWK=gawk
ac_cv_prog_CPP='gcc -E'
ac_cv_prog_ac_ct_AR=ar
ac_cv_prog_ac_ct_CC=gcc
ac_cv_prog_ac_ct_MANIFEST_TOOL=mt
ac_cv_prog_ac_ct_OBJDUMP=objdump
ac_cv_prog_ac_ct_RANLIB=ranlib
ac_cv_prog_ac_ct_STRIP=strip
ac_cv_prog_cc_c89=
ac_cv_prog_cc_g=yes
ac_cv_prog_make_make_set=yes
ac_cv_sizeof_int16_t=2
ac_cv_sizeof_int32_t=4
ac_cv_sizeof_int64_t=8
ac_cv_sizeof_int=4
ac_cv_sizeof_long=8
ac_cv_sizeof_long_long=8
ac_cv_sizeof_short=2
ac_cv_sizeof_u_int16_t=2
ac_cv_sizeof_u_int32_t=4
ac_cv_sizeof_uint16_t=2
ac_cv_sizeof_uint32_t=4
ac_cv_sizeof_uint64_t=8
am_cv_CC_dependencies_compiler_type=gcc3
am_cv_make_support_nested_variables=yes
am_cv_prog_cc_c_o=yes
lt_cv_ar_at_file=@
lt_cv_archive_cmds_need_lc=no
lt_cv_deplibs_check_method=pass_all
lt_cv_file_magic_cmd='$MAGIC_CMD'
lt_cv_file_magic_test_file=
lt_cv_ld_reload_flag=-r
lt_cv_nm_interface='BSD nm'
lt_cv_objdir=.libs
lt_cv_path_LD=/usr/bin/ld
lt_cv_path_NM='/usr/bin/nm -B'
lt_cv_path_mainfest_tool=no
lt_cv_prog_compiler_c_o=yes
lt_cv_prog_compiler_pic='-fPIC -DPIC'
lt_cv_prog_compiler_pic_works=yes
lt_cv_prog_compiler_rtti_exceptions=no
lt_cv_prog_compiler_static_works=yes
lt_cv_prog_gnu_ld=yes
lt_cv_sharedlib_from_linklib_cmd='printf %s\n'
lt_cv_shlibpath_overrides_runpath=yes
lt_cv_sys_global_symbol_pipe='sed -n -e '\''s/^.*[	 ]\([ABCDGIRSTW][ABCDGIRSTW]*\)[	 ][	 ]*\([_A-Za-z][_A-Za-z0-9]*\)$/\1 \2 \2/p'\'' | sed '\''/ __gnu_lto/d'\'''
lt_cv_sys_global_symbol_to_c_name_address='sed -n -e '\''s/^: \(.*\) .*$/  {"\1", (void *) 0},/p'\'' -e '\''s/^[ABCDGIRSTW][ABCDGIRSTW]* .* \(.*\)$/  {"\1", (void *) \&\1},/p'\'''
lt_cv_sys_global_symbol_to_c_name_address_lib_prefix='sed -n -e '\''s/^: \(.*\) .*$/  {"\1", (void *) 0},/p'\'' -e '\''s/^[ABCDGIRSTW][ABCDGIRSTW]* .* \(lib.*\)$/  {"\1", (void *) \&\1},/p'\'' -e '\''s/^[ABCDGIRSTW][ABCDGIRSTW]* .* \(.*\)$/  {"lib\1", (void *) \&\1},/p'\'''
lt_cv_sys_global_symbol_to_cdecl='sed -n -e '\''s/^T .* \(.*\)$/extern int \1();/p'\'' -e '\''s/^[ABCDGIRSTW][ABCDGIRSTW]* .* \(.*\)$/extern char \1;/p'\'''
lt_cv_sys_global_symbol_to_import=
lt_cv_sys_max_cmd_len=1572864
lt_cv_to_host_file_cmd=func_convert_file_noop
lt_cv_to_tool_file_cmd=func_convert_file_noop
lt_cv_truncate_bin='/usr/bin/dd bs=4096 count=1'

## ----------------- ##
## Output variables. ##
## ----------------- ##

ACLOCAL='${SHELL} '\''/mnt/d/audio_decoder/libogg-1.3.5/missing'\'' aclocal-1.16'
AMDEPBACKSLASH='\'
AMDEP_FALSE='#'
AMDEP_TRUE=''
AMTAR='$${TAR-tar}'
AM_BACKSLASH='\'
AM_DEFAULT_V='$(AM_DEFAULT_VERBOSITY)'
AM_DEFAULT_VERBOSITY='1'
AM_V='$(V)'
AR='ar'
AUTOCONF='${SHELL} '\''/mnt/d/audio_decoder/libogg-1.3.5/missing'\'' autoconf'
AUTOHEADER='${SHELL} '\''/mnt/d/audio_decoder/libogg-1.3.5/missing'\'' autoheader'
AUTOMAKE='${SHELL} '\''/mnt/d/audio_decoder/libogg-1.3.5/missing'\'' automake-1.16'
AWK='gawk'
CC='gcc'
CCDEPMODE='depmode=gcc3'
CFLAGS='-O2 -Wall -ffast-math -fsigned-char -g -O2'
CPP='gcc -E'
CPPFLAGS=''
CYGPATH_W='echo'
DEBUG='-g -Wall -fsigned-char -g -O2'
DEFS='-DHAVE_CONFIG_H'
DEPDIR='.deps'
DISABLE_CRC_FALSE=''
DISABLE_CRC_TRUE='#'
DLLTOOL='false'
DSYMUTIL=''
DUMPBIN=''
ECHO_C=''
ECHO_N='-n'
ECHO_T=''
EGREP='/usr/bin/grep -E'
EXEEXT=''
FGREP='/usr/bin/grep -F'
GREP='/usr/bin/grep'
INCLUDE_INTTYPES_H='1'
INCLUDE_STDINT_H='1'
INCLUDE_SYS_TYPES_H='1'
INSTALL_DATA='${INSTALL} -m 644'
INSTALL_PROGRAM='${INSTALL}'
INSTALL_SCRIPT='${INSTALL}'
INSTALL_STRIP_PROGRAM='$(install_sh) -c -s'
LD='/usr/bin/ld -m elf_x86_64'
LDFLAGS=''
LIBOBJS=''
LIBS=''
LIBTOOL='$(SHELL) $(top_builddir)/libtool'
LIBTOOL_DEPS='./ltmain.sh'
LIB_AGE='8'
LIB_CURRENT='8'
LIB_REVISION='5'
LIPO=''
LN_S='ln -s'
LTLIBOBJS=''
LT_SYS_LIBRARY_PATH=''
MAINT=''
MAINTAINER_MODE_FALSE='#'
MAINTAINER_MODE_TRUE=''
MAKEINFO='${SHELL} '\''/mnt/d/audio_decoder/libogg-1.3.5/missing'\'' makeinfo'
MANIFEST_TOOL=':'
MKDIR_P='/usr/bin/mkdir -p'
NM='/usr/bin/nm -B'
NMEDIT=''
OBJDUMP='objdump'
OBJEXT='o'
OPT=''
OTOOL64=''
OTOOL=''
PACKAGE='libogg'
PACKAGE_BUGREPORT='ogg-dev@xiph.org'
PACKAGE_NAME='libogg'
PACKAGE_STRING='libogg 1.3.5'
PACKAGE_TARNAME='libogg'
PACKAGE_URL=''
PACKAGE_VERSION='1.3.5'
PATH_SEPARATOR=':'
PROFILE='-Wall -W -pg -g -O2 -ffast-math -fsigned-char -g -O2'
RANLIB='ranlib'
SED='/usr/bin/sed'
SET_MAKE=''
SHELL='/bin/bash'
SIZE16='int16_t'
SIZE32='int32_t'
SIZE64='int64_t'
STRIP='strip'
USIZE16='uint16_t'
USIZE32='uint32_t'
USIZE64='uint64_t'
VERSION='1.3.5'
ac_ct_AR='ar'
ac_ct_CC='gcc'
ac_ct_DUMPBIN=''
am__EXEEXT_FALSE=''
am__EXEEXT_TRUE='#'
am__fastdepCC_FALSE='#'
am__fastdepCC_TRUE=''
am__include='include'
am__isrc=''
am__leading_dot='.'
am__nodep='_no'
am__quote=''
am__tar='$${TAR-tar} chof - "$$tardir"'
am__untar='$${TAR-tar} xf -'
bindir='${exec_prefix}/bin'
build='x86_64-pc-linux-gnu'
build_alias=''
build_cpu='x86_64'
build_os='linux-gnu'
build_vendor='pc'
datadir='${datarootdir}'
datarootdir='${prefix}/share'
docdir='${datarootdir}/doc/${PACKAGE_TARNAME}'
dvidir='${docdir}'
exec_prefix='${prefix}'
host='x86_64-pc-linux-gnu'
host_alias=''
host_cpu='x86_64'
host_os='linux-gnu'
host_vendor='pc'
htmldir='${docdir}'
includedir='${prefix}/include'
infodir='${datarootdir}/info'
install_sh='${SHELL} /mnt/d/audio_decoder/libogg-1.3.5/install-sh'
libdir='${exec_prefix}/lib'
libexecdir='${exec_prefix}/libexec'
localedir='${datarootdir}/locale'
localstatedir='${prefix}/var'
mandir='${datarootdir}/man'
mkdir_p='$(MKDIR_P)'
oldincludedir='/usr/include'
pdfdir='${docdir}'
prefix='/mnt/d/audio_decoder/libogg-1.3.5/install'
program_transform_name='s,x,x,'
psdir='${docdir}'
runstatedir='${localstatedir}/run'
sbindir='${exec_prefix}/sbin'
sharedstatedir='${prefix}/com'
sysconfdir='${prefix}/etc'
target_alias=''

## ----------- ##
## confdefs.h. ##
## ----------- ##

/* confdefs.h */
#define PACKAGE_NAME "libogg"
#define PACKAGE_TARNAME "libogg"
#define PACKAGE_VERSION "1.3.5"
#define PACKAGE_STRING "libogg 1.3.5"
#define PACKAGE_BUGREPORT "ogg-dev@xiph.org"
#define PACKAGE_URL ""
#define STDC_HEADERS 1
#define HAVE_SYS_TYPES_H 1
#define HAVE_SYS_STAT_H 1
#define HAVE_STDLIB_H 1
#define HAVE_STRING_H 1
#define HAVE_MEMORY_H 1
#define HAVE_STRINGS_H 1
#define HAVE_INTTYPES_H 1
#define HAVE_STDINT_H 1
#define HAVE_UNISTD_H 1
#define HAVE_DLFCN_H 1
#define LT_OBJDIR ".libs/"
#define PACKAGE "libogg"
#define VERSION "1.3.5"
#define STDC_HEADERS 1
#define SIZEOF_INT16_T 2
#define SIZEOF_UINT16_T 2
#define SIZEOF_U_INT16_T 2
#define SIZEOF_INT32_T 4
#define SIZEOF_UINT32_T 4
#define SIZEOF_U_INT32_T 4
#define SIZEOF_INT64_T 8
#define SIZEOF_UINT64_T 8
#define SIZEOF_SHORT 2
#define SIZEOF_INT 4
#define SIZEOF_LONG 8
#define SIZEOF_LONG_LONG 8

configure: exit 0
