Making install in m4
make[1]: Entering directory '/mnt/d/audio_decoder/vorbis/m4'
make[2]: Entering directory '/mnt/d/audio_decoder/vorbis/m4'
make[2]: Nothing to be done for 'install-exec-am'.
make[2]: Nothing to be done for 'install-data-am'.
make[2]: Leaving directory '/mnt/d/audio_decoder/vorbis/m4'
make[1]: Leaving directory '/mnt/d/audio_decoder/vorbis/m4'
Making install in include
make[1]: Entering directory '/mnt/d/audio_decoder/vorbis/include'
Making install in vorbis
make[2]: Entering directory '/mnt/d/audio_decoder/vorbis/include/vorbis'
make[3]: Entering directory '/mnt/d/audio_decoder/vorbis/include/vorbis'
make[3]: Nothing to be done for 'install-exec-am'.
 /usr/bin/mkdir -p '/usr/local/include/vorbis'
 /usr/bin/install -c -m 644 codec.h vorbisfile.h vorbisenc.h '/usr/local/include/vorbis'
make[3]: Leaving directory '/mnt/d/audio_decoder/vorbis/include/vorbis'
make[2]: Leaving directory '/mnt/d/audio_decoder/vorbis/include/vorbis'
make[2]: Entering directory '/mnt/d/audio_decoder/vorbis/include'
make[3]: Entering directory '/mnt/d/audio_decoder/vorbis/include'
make[3]: Nothing to be done for 'install-exec-am'.
make[3]: Nothing to be done for 'install-data-am'.
make[3]: Leaving directory '/mnt/d/audio_decoder/vorbis/include'
make[2]: Leaving directory '/mnt/d/audio_decoder/vorbis/include'
make[1]: Leaving directory '/mnt/d/audio_decoder/vorbis/include'
Making install in vq
make[1]: Entering directory '/mnt/d/audio_decoder/vorbis/vq'
make[2]: Entering directory '/mnt/d/audio_decoder/vorbis/vq'
make[2]: Nothing to be done for 'install-exec-am'.
make[2]: Nothing to be done for 'install-data-am'.
make[2]: Leaving directory '/mnt/d/audio_decoder/vorbis/vq'
make[1]: Leaving directory '/mnt/d/audio_decoder/vorbis/vq'
Making install in lib
make[1]: Entering directory '/mnt/d/audio_decoder/vorbis/lib'
Making install in modes
make[2]: Entering directory '/mnt/d/audio_decoder/vorbis/lib/modes'
make[3]: Entering directory '/mnt/d/audio_decoder/vorbis/lib/modes'
make[3]: Nothing to be done for 'install-exec-am'.
make[3]: Nothing to be done for 'install-data-am'.
make[3]: Leaving directory '/mnt/d/audio_decoder/vorbis/lib/modes'
make[2]: Leaving directory '/mnt/d/audio_decoder/vorbis/lib/modes'
Making install in books
make[2]: Entering directory '/mnt/d/audio_decoder/vorbis/lib/books'
Making install in coupled
make[3]: Entering directory '/mnt/d/audio_decoder/vorbis/lib/books/coupled'
make[4]: Entering directory '/mnt/d/audio_decoder/vorbis/lib/books/coupled'
make[4]: Nothing to be done for 'install-exec-am'.
make[4]: Nothing to be done for 'install-data-am'.
make[4]: Leaving directory '/mnt/d/audio_decoder/vorbis/lib/books/coupled'
make[3]: Leaving directory '/mnt/d/audio_decoder/vorbis/lib/books/coupled'
Making install in uncoupled
make[3]: Entering directory '/mnt/d/audio_decoder/vorbis/lib/books/uncoupled'
make[4]: Entering directory '/mnt/d/audio_decoder/vorbis/lib/books/uncoupled'
make[4]: Nothing to be done for 'install-exec-am'.
make[4]: Nothing to be done for 'install-data-am'.
make[4]: Leaving directory '/mnt/d/audio_decoder/vorbis/lib/books/uncoupled'
make[3]: Leaving directory '/mnt/d/audio_decoder/vorbis/lib/books/uncoupled'
Making install in floor
make[3]: Entering directory '/mnt/d/audio_decoder/vorbis/lib/books/floor'
make[4]: Entering directory '/mnt/d/audio_decoder/vorbis/lib/books/floor'
make[4]: Nothing to be done for 'install-exec-am'.
make[4]: Nothing to be done for 'install-data-am'.
make[4]: Leaving directory '/mnt/d/audio_decoder/vorbis/lib/books/floor'
make[3]: Leaving directory '/mnt/d/audio_decoder/vorbis/lib/books/floor'
make[3]: Entering directory '/mnt/d/audio_decoder/vorbis/lib/books'
make[4]: Entering directory '/mnt/d/audio_decoder/vorbis/lib/books'
make[4]: Nothing to be done for 'install-exec-am'.
make[4]: Nothing to be done for 'install-data-am'.
make[4]: Leaving directory '/mnt/d/audio_decoder/vorbis/lib/books'
make[3]: Leaving directory '/mnt/d/audio_decoder/vorbis/lib/books'
make[2]: Leaving directory '/mnt/d/audio_decoder/vorbis/lib/books'
make[2]: Entering directory '/mnt/d/audio_decoder/vorbis/lib'
make[3]: Entering directory '/mnt/d/audio_decoder/vorbis/lib'
 /usr/bin/mkdir -p '/usr/local/lib'
 /bin/bash ../libtool   --mode=install /usr/bin/install -c   libvorbis.la libvorbisfile.la libvorbisenc.la '/usr/local/lib'
libtool: install: /usr/bin/install -c .libs/libvorbis.so.0.4.9 /usr/local/lib/libvorbis.so.0.4.9
libtool: install: (cd /usr/local/lib && { ln -s -f libvorbis.so.0.4.9 libvorbis.so.0 || { rm -f libvorbis.so.0 && ln -s libvorbis.so.0.4.9 libvorbis.so.0; }; })
libtool: install: (cd /usr/local/lib && { ln -s -f libvorbis.so.0.4.9 libvorbis.so || { rm -f libvorbis.so && ln -s libvorbis.so.0.4.9 libvorbis.so; }; })
libtool: install: /usr/bin/install -c .libs/libvorbis.lai /usr/local/lib/libvorbis.la
libtool: install: (cd /mnt/d/audio_decoder/vorbis/lib; /bin/bash "/mnt/d/audio_decoder/vorbis/libtool"  --silent --tag CC --mode=relink gcc -O3 -Wall -Wextra -ffast-math -D_REENTRANT -fsigned-char -Wdeclaration-after-statement -DUSE_MEMORY_H -no-undefined -version-info 6:8:3 -o libvorbisfile.la -rpath /usr/local/lib vorbisfile.lo libvorbis.la -logg )
libtool: install: /usr/bin/install -c .libs/libvorbisfile.so.3.3.8T /usr/local/lib/libvorbisfile.so.3.3.8
libtool: install: (cd /usr/local/lib && { ln -s -f libvorbisfile.so.3.3.8 libvorbisfile.so.3 || { rm -f libvorbisfile.so.3 && ln -s libvorbisfile.so.3.3.8 libvorbisfile.so.3; }; })
libtool: install: (cd /usr/local/lib && { ln -s -f libvorbisfile.so.3.3.8 libvorbisfile.so || { rm -f libvorbisfile.so && ln -s libvorbisfile.so.3.3.8 libvorbisfile.so; }; })
libtool: install: /usr/bin/install -c .libs/libvorbisfile.lai /usr/local/lib/libvorbisfile.la
libtool: install: (cd /mnt/d/audio_decoder/vorbis/lib; /bin/bash "/mnt/d/audio_decoder/vorbis/libtool"  --silent --tag CC --mode=relink gcc -O3 -Wall -Wextra -ffast-math -D_REENTRANT -fsigned-char -Wdeclaration-after-statement -DUSE_MEMORY_H -no-undefined -version-info 2:12:0 -o libvorbisenc.la -rpath /usr/local/lib vorbisenc.lo libvorbis.la -logg )
libtool: install: /usr/bin/install -c .libs/libvorbisenc.so.2.0.12T /usr/local/lib/libvorbisenc.so.2.0.12
libtool: install: (cd /usr/local/lib && { ln -s -f libvorbisenc.so.2.0.12 libvorbisenc.so.2 || { rm -f libvorbisenc.so.2 && ln -s libvorbisenc.so.2.0.12 libvorbisenc.so.2; }; })
libtool: install: (cd /usr/local/lib && { ln -s -f libvorbisenc.so.2.0.12 libvorbisenc.so || { rm -f libvorbisenc.so && ln -s libvorbisenc.so.2.0.12 libvorbisenc.so; }; })
libtool: install: /usr/bin/install -c .libs/libvorbisenc.lai /usr/local/lib/libvorbisenc.la
libtool: install: /usr/bin/install -c .libs/libvorbis.a /usr/local/lib/libvorbis.a
libtool: install: chmod 644 /usr/local/lib/libvorbis.a
libtool: install: ranlib /usr/local/lib/libvorbis.a
libtool: install: /usr/bin/install -c .libs/libvorbisfile.a /usr/local/lib/libvorbisfile.a
libtool: install: chmod 644 /usr/local/lib/libvorbisfile.a
libtool: install: ranlib /usr/local/lib/libvorbisfile.a
libtool: install: /usr/bin/install -c .libs/libvorbisenc.a /usr/local/lib/libvorbisenc.a
libtool: install: chmod 644 /usr/local/lib/libvorbisenc.a
libtool: install: ranlib /usr/local/lib/libvorbisenc.a
libtool: finish: PATH="/usr/local/sbin:/usr/local/bin:/usr/sbin:/usr/bin:/sbin:/bin:/snap/bin:/sbin" ldconfig -n /usr/local/lib
----------------------------------------------------------------------
Libraries have been installed in:
   /usr/local/lib

If you ever happen to want to link against installed libraries
in a given directory, LIBDIR, you must either use libtool, and
specify the full pathname of the library, or use the '-LLIBDIR'
flag during linking and do at least one of the following:
   - add LIBDIR to the 'LD_LIBRARY_PATH' environment variable
     during execution
   - add LIBDIR to the 'LD_RUN_PATH' environment variable
     during linking
   - use the '-Wl,-rpath -Wl,LIBDIR' linker flag
   - have your system administrator add LIBDIR to '/etc/ld.so.conf'

See any operating system documentation about shared libraries for
more information, such as the ld(1) and ld.so(8) manual pages.
----------------------------------------------------------------------
make[3]: Nothing to be done for 'install-data-am'.
make[3]: Leaving directory '/mnt/d/audio_decoder/vorbis/lib'
make[2]: Leaving directory '/mnt/d/audio_decoder/vorbis/lib'
make[1]: Leaving directory '/mnt/d/audio_decoder/vorbis/lib'
Making install in test
make[1]: Entering directory '/mnt/d/audio_decoder/vorbis/test'
make[2]: Entering directory '/mnt/d/audio_decoder/vorbis/test'
make[2]: Nothing to be done for 'install-exec-am'.
make[2]: Nothing to be done for 'install-data-am'.
make[2]: Leaving directory '/mnt/d/audio_decoder/vorbis/test'
make[1]: Leaving directory '/mnt/d/audio_decoder/vorbis/test'
Making install in doc
make[1]: Entering directory '/mnt/d/audio_decoder/vorbis/doc'
Making install in libvorbis
make[2]: Entering directory '/mnt/d/audio_decoder/vorbis/doc/libvorbis'
make[3]: Entering directory '/mnt/d/audio_decoder/vorbis/doc/libvorbis'
make[3]: Nothing to be done for 'install-exec-am'.
 /usr/bin/mkdir -p '/usr/local/share/doc/libvorbis-1.3.7/libvorbis'
 /usr/bin/install -c -m 644 index.html reference.html style.css vorbis_comment.html vorbis_info.html vorbis_analysis_blockout.html vorbis_analysis_buffer.html vorbis_analysis_headerout.html vorbis_analysis_init.html vorbis_analysis_wrote.html vorbis_analysis.html vorbis_bitrate_addblock.html vorbis_bitrate_flushpacket.html vorbis_block_init.html vorbis_block_clear.html vorbis_dsp_clear.html vorbis_granule_time.html vorbis_version_string.html vorbis_info_blocksize.html vorbis_info_clear.html vorbis_info_init.html vorbis_comment_add.html vorbis_comment_add_tag.html vorbis_comment_clear.html vorbis_comment_init.html vorbis_comment_query.html vorbis_comment_query_count.html vorbis_commentheader_out.html vorbis_packet_blocksize.html vorbis_synthesis.html vorbis_synthesis_blockin.html vorbis_synthesis_halfrate.html vorbis_synthesis_halfrate_p.html vorbis_synthesis_headerin.html vorbis_synthesis_idheader.html vorbis_synthesis_init.html vorbis_synthesis_lapout.html vorbis_synthesis_pcmout.html vorbis_synthesis_read.html vorbis_synthesis_restart.html '/usr/local/share/doc/libvorbis-1.3.7/libvorbis'
 /usr/bin/install -c -m 644 vorbis_synthesis_trackonly.html vorbis_block.html vorbis_dsp_state.html return.html overview.html '/usr/local/share/doc/libvorbis-1.3.7/libvorbis'
make[3]: Leaving directory '/mnt/d/audio_decoder/vorbis/doc/libvorbis'
make[2]: Leaving directory '/mnt/d/audio_decoder/vorbis/doc/libvorbis'
Making install in vorbisfile
make[2]: Entering directory '/mnt/d/audio_decoder/vorbis/doc/vorbisfile'
make[3]: Entering directory '/mnt/d/audio_decoder/vorbis/doc/vorbisfile'
make[3]: Nothing to be done for 'install-exec-am'.
 /usr/bin/mkdir -p '/usr/local/share/doc/libvorbis-1.3.7/vorbisfile'
 /usr/bin/install -c -m 644 OggVorbis_File.html callbacks.html chaining_example_c.html chainingexample.html crosslap.html datastructures.html decoding.html example.html exampleindex.html fileinfo.html index.html initialization.html ov_bitrate.html ov_bitrate_instant.html ov_callbacks.html ov_clear.html ov_comment.html ov_crosslap.html ov_fopen.html ov_info.html ov_open.html ov_open_callbacks.html ov_pcm_seek.html ov_pcm_seek_lap.html ov_pcm_seek_page.html ov_pcm_seek_page_lap.html ov_pcm_tell.html ov_pcm_total.html ov_raw_seek.html ov_raw_seek_lap.html ov_raw_tell.html ov_raw_total.html ov_read.html ov_read_float.html ov_read_filter.html ov_seekable.html ov_serialnumber.html ov_streams.html ov_test.html ov_test_callbacks.html '/usr/local/share/doc/libvorbis-1.3.7/vorbisfile'
 /usr/bin/install -c -m 644 ov_test_open.html ov_time_seek.html ov_time_seek_lap.html ov_time_seek_page.html ov_time_seek_page_lap.html ov_time_tell.html ov_time_total.html overview.html reference.html seekexample.html seeking.html seeking_example_c.html seeking_test_c.html seekingexample.html style.css threads.html vorbisfile_example_c.html '/usr/local/share/doc/libvorbis-1.3.7/vorbisfile'
make[3]: Leaving directory '/mnt/d/audio_decoder/vorbis/doc/vorbisfile'
make[2]: Leaving directory '/mnt/d/audio_decoder/vorbis/doc/vorbisfile'
Making install in vorbisenc
make[2]: Entering directory '/mnt/d/audio_decoder/vorbis/doc/vorbisenc'
make[3]: Entering directory '/mnt/d/audio_decoder/vorbis/doc/vorbisenc'
make[3]: Nothing to be done for 'install-exec-am'.
 /usr/bin/mkdir -p '/usr/local/share/doc/libvorbis-1.3.7/vorbisenc'
 /usr/bin/install -c -m 644 changes.html examples.html index.html ovectl_ratemanage2_arg.html ovectl_ratemanage_arg.html overview.html reference.html style.css vorbis_encode_ctl.html vorbis_encode_init.html vorbis_encode_setup_init.html vorbis_encode_setup_managed.html vorbis_encode_setup_vbr.html vorbis_encode_init_vbr.html '/usr/local/share/doc/libvorbis-1.3.7/vorbisenc'
make[3]: Leaving directory '/mnt/d/audio_decoder/vorbis/doc/vorbisenc'
make[2]: Leaving directory '/mnt/d/audio_decoder/vorbis/doc/vorbisenc'
make[2]: Entering directory '/mnt/d/audio_decoder/vorbis/doc'
make[3]: Entering directory '/mnt/d/audio_decoder/vorbis/doc'
make[3]: Nothing to be done for 'install-exec-am'.
/bin/bash /mnt/d/audio_decoder/vorbis/install-sh -d /usr/local/share/doc/libvorbis-1.3.7
if test -d vorbis; then \
  for dir in vorbis/*; do \
    if test -d $dir; then \
      b=`basename $dir`; \
      /bin/bash /mnt/d/audio_decoder/vorbis/install-sh -d /usr/local/share/doc/libvorbis-1.3.7/$b; \
      for f in $dir/*; do \
	/usr/bin/install -c -m 644 $f /usr/local/share/doc/libvorbis-1.3.7/$b; \
      done \
    fi \
  done \
fi
 /usr/bin/mkdir -p '/usr/local/share/doc/libvorbis-1.3.7'
 /usr/bin/install -c -m 644 rfc5215.xml rfc5215.txt eightphase.png fish_xiph_org.png floor1_inverse_dB_table.html floorval.png fourphase.png framing.html helper.html index.html oggstream.html programming.html squarepolar.png stereo.html stream.png v-comment.html vorbis-clip.txt vorbis-errors.txt vorbis-fidelity.html doxygen-build.stamp '/usr/local/share/doc/libvorbis-1.3.7'
make[3]: Leaving directory '/mnt/d/audio_decoder/vorbis/doc'
make[2]: Leaving directory '/mnt/d/audio_decoder/vorbis/doc'
make[1]: Leaving directory '/mnt/d/audio_decoder/vorbis/doc'
make[1]: Entering directory '/mnt/d/audio_decoder/vorbis'
make[2]: Entering directory '/mnt/d/audio_decoder/vorbis'
make[2]: Nothing to be done for 'install-exec-am'.
 /usr/bin/mkdir -p '/usr/local/share/aclocal'
 /usr/bin/install -c -m 644 vorbis.m4 '/usr/local/share/aclocal'
 /usr/bin/mkdir -p '/usr/local/lib/pkgconfig'
 /usr/bin/install -c -m 644 vorbis.pc vorbisenc.pc vorbisfile.pc '/usr/local/lib/pkgconfig'
make[2]: Leaving directory '/mnt/d/audio_decoder/vorbis'
make[1]: Leaving directory '/mnt/d/audio_decoder/vorbis'
