This file contains any messages produced by compilers while
running configure, to aid debugging if configure makes a mistake.

It was created by flac configure 1.3.3, which was
generated by GNU Autoconf 2.69.  Invocation command line was

  $ ./configure 

## --------- ##
## Platform. ##
## --------- ##

hostname = cn0756PCXD
uname -m = x86_64
uname -r = 4.4.0-19041-Microsoft
uname -s = Linux
uname -v = #1237-Microsoft Sat Sep 11 14:32:00 PST 2021

/usr/bin/uname -p = x86_64
/bin/uname -X     = unknown

/bin/arch              = x86_64
/usr/bin/arch -k       = unknown
/usr/convex/getsysinfo = unknown
/usr/bin/hostinfo      = unknown
/bin/machine           = unknown
/usr/bin/oslevel       = unknown
/bin/universe          = unknown

PATH: /usr/local/sbin
PATH: /usr/local/bin
PATH: /usr/sbin
PATH: /usr/bin
PATH: /sbin
PATH: /bin
PATH: /usr/games
PATH: /usr/local/games
PATH: /mnt/d/software/cmder_mini/vendor/bin
PATH: /mnt/d/software/cmder_mini/vendor/conemu-maximus5/ConEmu/Scripts
PATH: /mnt/d/software/cmder_mini/vendor/conemu-maximus5
PATH: /mnt/d/software/cmder_mini/vendor/conemu-maximus5/ConEmu
PATH: /mnt/c/Windows/system32
PATH: /mnt/c/Windows
PATH: /mnt/c/Windows/System32/Wbem
PATH: /mnt/c/Windows/System32/WindowsPowerShell/v1.0/
PATH: /mnt/c/Windows/System32/OpenSSH/
PATH: /mnt/c/Program Files/TortoiseHg/
PATH: /mnt/c/Program Files (x86)/Montage-tech/MontageDebugger/bin
PATH: /mnt/c/Program Files (x86)/Montage-tech/Brolga/codeblocks
PATH: /mnt/c/Program Files (x86)/Microsoft SQL Server/90/Tools/binn/
PATH: /mnt/c/Program Files/010 Editor
PATH: /mnt/c/Users/ahzhao/AppData/Local/Microsoft/WindowsApps
PATH: /mnt/c/Program Files (x86)/Montage-tech/Brolga/codeblocks/
PATH: /mnt/c/Program Files (x86)/Montage-tech/Brolga/msys/1.0/local/
PATH: /mnt/d/software/cmder_mini
PATH: /snap/bin


## ----------- ##
## Core tests. ##
## ----------- ##

configure:2790: checking for a BSD-compatible install
configure:2858: result: /usr/bin/install -c
configure:2869: checking whether build environment is sane
configure:2924: result: yes
configure:3073: checking for a thread-safe mkdir -p
configure:3112: result: /usr/bin/mkdir -p
configure:3119: checking for gawk
configure:3135: found /usr/bin/gawk
configure:3146: result: gawk
configure:3157: checking whether make sets $(MAKE)
configure:3179: result: yes
configure:3208: checking whether make supports nested variables
configure:3225: result: yes
configure:3304: checking how to create a pax tar archive
configure:3315: tar --version
tar (GNU tar) 1.30
Copyright (C) 2017 Free Software Foundation, Inc.
License GPLv3+: GNU GPL version 3 or later <https://gnu.org/licenses/gpl.html>.
This is free software: you are free to change and redistribute it.
There is NO WARRANTY, to the extent permitted by law.

Written by John Gilmore and Jay Fenlason.
configure:3318: $? = 0
configure:3358: tardir=conftest.dir && eval tar --format=posix -chf - "$tardir" >conftest.tar
configure:3361: $? = 0
configure:3365: tar -xf - <conftest.tar
configure:3368: $? = 0
configure:3370: cat conftest.dir/file
GrepMe
configure:3373: $? = 0
configure:3386: result: gnutar
configure:3447: checking whether make supports nested variables
configure:3464: result: yes
configure:3476: checking whether configure should try to set CFLAGS/CXXFLAGS/CPPFLAGS/LDFLAGS
configure:3484: result: yes
configure:3488: checking whether to enable debugging
configure:3550: result: no
configure:3586: checking whether make supports the include directive
configure:3601: make -f confmf.GNU && cat confinc.out
this is the am__doit target
configure:3604: $? = 0
configure:3623: result: yes (GNU style)
configure:3693: checking for gcc
configure:3709: found /usr/bin/gcc
configure:3720: result: gcc
configure:3949: checking for C compiler version
configure:3958: gcc --version >&5
gcc (Ubuntu 9.3.0-17ubuntu1~20.04) 9.3.0
Copyright (C) 2019 Free Software Foundation, Inc.
This is free software; see the source for copying conditions.  There is NO
warranty; not even for MERCHANTABILITY or FITNESS FOR A PARTICULAR PURPOSE.

configure:3969: $? = 0
configure:3958: gcc -v >&5
Using built-in specs.
COLLECT_GCC=gcc
COLLECT_LTO_WRAPPER=/usr/lib/gcc/x86_64-linux-gnu/9/lto-wrapper
OFFLOAD_TARGET_NAMES=nvptx-none:hsa
OFFLOAD_TARGET_DEFAULT=1
Target: x86_64-linux-gnu
Configured with: ../src/configure -v --with-pkgversion='Ubuntu 9.3.0-17ubuntu1~20.04' --with-bugurl=file:///usr/share/doc/gcc-9/README.Bugs --enable-languages=c,ada,c++,go,brig,d,fortran,objc,obj-c++,gm2 --prefix=/usr --with-gcc-major-version-only --program-suffix=-9 --program-prefix=x86_64-linux-gnu- --enable-shared --enable-linker-build-id --libexecdir=/usr/lib --without-included-gettext --enable-threads=posix --libdir=/usr/lib --enable-nls --enable-clocale=gnu --enable-libstdcxx-debug --enable-libstdcxx-time=yes --with-default-libstdcxx-abi=new --enable-gnu-unique-object --disable-vtable-verify --enable-plugin --enable-default-pie --with-system-zlib --with-target-system-zlib=auto --enable-objc-gc=auto --enable-multiarch --disable-werror --with-arch-32=i686 --with-abi=m64 --with-multilib-list=m32,m64,mx32 --enable-multilib --with-tune=generic --enable-offload-targets=nvptx-none=/build/gcc-9-HskZEa/gcc-9-9.3.0/debian/tmp-nvptx/usr,hsa --without-cuda-driver --enable-checking=release --build=x86_64-linux-gnu --host=x86_64-linux-gnu --target=x86_64-linux-gnu
Thread model: posix
gcc version 9.3.0 (Ubuntu 9.3.0-17ubuntu1~20.04) 
configure:3969: $? = 0
configure:3958: gcc -V >&5
gcc: error: unrecognized command line option '-V'
gcc: fatal error: no input files
compilation terminated.
configure:3969: $? = 1
configure:3958: gcc -qversion >&5
gcc: error: unrecognized command line option '-qversion'; did you mean '--version'?
gcc: fatal error: no input files
compilation terminated.
configure:3969: $? = 1
configure:3989: checking whether the C compiler works
configure:4011: gcc    conftest.c  >&5
configure:4015: $? = 0
configure:4063: result: yes
configure:4066: checking for C compiler default output file name
configure:4068: result: a.out
configure:4074: checking for suffix of executables
configure:4081: gcc -o conftest    conftest.c  >&5
configure:4085: $? = 0
configure:4107: result: 
configure:4129: checking whether we are cross compiling
configure:4137: gcc -o conftest    conftest.c  >&5
configure:4141: $? = 0
configure:4148: ./conftest
configure:4152: $? = 0
configure:4140: result: no
configure:4145: checking for suffix of object files
configure:4167: gcc -c   conftest.c >&5
configure:4171: $? = 0
configure:4192: result: o
configure:4196: checking whether we are using the GNU C compiler
configure:4215: gcc -c   conftest.c >&5
configure:4215: $? = 0
configure:4224: result: yes
configure:4233: checking whether gcc accepts -g
configure:4253: gcc -c -g  conftest.c >&5
configure:4253: $? = 0
configure:4294: result: yes
configure:4311: checking for gcc option to accept ISO C89
configure:4374: gcc  -c   conftest.c >&5
configure:4374: $? = 0
configure:4387: result: none needed
configure:4412: checking whether gcc understands -c and -o together
configure:4434: gcc -c conftest.c -o conftest2.o
configure:4437: $? = 0
configure:4434: gcc -c conftest.c -o conftest2.o
configure:4437: $? = 0
configure:4449: result: yes
configure:4468: checking dependency style of gcc
configure:4579: result: gcc3
configure:4598: checking for gcc option to accept ISO C99
configure:4747: gcc  -c   conftest.c >&5
configure:4747: $? = 0
configure:4760: result: none needed
configure:4868: checking for gcc option to accept ISO Standard C
configure:4879: result: none needed
configure:4892: checking how to run the C preprocessor
configure:4923: gcc -E  conftest.c
configure:4923: $? = 0
configure:4937: gcc -E  conftest.c
conftest.c:12:10: fatal error: ac_nonexistent.h: No such file or directory
   12 | #include <ac_nonexistent.h>
      |          ^~~~~~~~~~~~~~~~~~
compilation terminated.
configure:4937: $? = 1
configure: failed program was:
| /* confdefs.h */
| #define PACKAGE_NAME "flac"
| #define PACKAGE_TARNAME "flac"
| #define PACKAGE_VERSION "1.3.3"
| #define PACKAGE_STRING "flac 1.3.3"
| #define PACKAGE_BUGREPORT "flac-dev@xiph.org"
| #define PACKAGE_URL "https://www.xiph.org/flac/"
| #define PACKAGE "flac"
| #define VERSION "1.3.3"
| #define NDEBUG /**/
| /* end confdefs.h.  */
| #include <ac_nonexistent.h>
configure:4962: result: gcc -E
configure:4982: gcc -E  conftest.c
configure:4982: $? = 0
configure:4996: gcc -E  conftest.c
conftest.c:12:10: fatal error: ac_nonexistent.h: No such file or directory
   12 | #include <ac_nonexistent.h>
      |          ^~~~~~~~~~~~~~~~~~
compilation terminated.
configure:4996: $? = 1
configure: failed program was:
| /* confdefs.h */
| #define PACKAGE_NAME "flac"
| #define PACKAGE_TARNAME "flac"
| #define PACKAGE_VERSION "1.3.3"
| #define PACKAGE_STRING "flac 1.3.3"
| #define PACKAGE_BUGREPORT "flac-dev@xiph.org"
| #define PACKAGE_URL "https://www.xiph.org/flac/"
| #define PACKAGE "flac"
| #define VERSION "1.3.3"
| #define NDEBUG /**/
| /* end confdefs.h.  */
| #include <ac_nonexistent.h>
configure:5025: checking for grep that handles long lines and -e
configure:5083: result: /usr/bin/grep
configure:5088: checking for egrep
configure:5150: result: /usr/bin/grep -E
configure:5155: checking for ANSI C header files
configure:5175: gcc -c   conftest.c >&5
configure:5175: $? = 0
configure:5248: gcc -o conftest    conftest.c  >&5
configure:5248: $? = 0
configure:5248: ./conftest
configure:5248: $? = 0
configure:5259: result: yes
configure:5272: checking for sys/types.h
configure:5272: gcc -c   conftest.c >&5
configure:5272: $? = 0
configure:5272: result: yes
configure:5272: checking for sys/stat.h
configure:5272: gcc -c   conftest.c >&5
configure:5272: $? = 0
configure:5272: result: yes
configure:5272: checking for stdlib.h
configure:5272: gcc -c   conftest.c >&5
configure:5272: $? = 0
configure:5272: result: yes
configure:5272: checking for string.h
configure:5272: gcc -c   conftest.c >&5
configure:5272: $? = 0
configure:5272: result: yes
configure:5272: checking for memory.h
configure:5272: gcc -c   conftest.c >&5
configure:5272: $? = 0
configure:5272: result: yes
configure:5272: checking for strings.h
configure:5272: gcc -c   conftest.c >&5
configure:5272: $? = 0
configure:5272: result: yes
configure:5272: checking for inttypes.h
configure:5272: gcc -c   conftest.c >&5
configure:5272: $? = 0
configure:5272: result: yes
configure:5272: checking for stdint.h
configure:5272: gcc -c   conftest.c >&5
configure:5272: $? = 0
configure:5272: result: yes
configure:5272: checking for unistd.h
configure:5272: gcc -c   conftest.c >&5
configure:5272: $? = 0
configure:5272: result: yes
configure:5285: checking minix/config.h usability
configure:5285: gcc -c   conftest.c >&5
conftest.c:55:10: fatal error: minix/config.h: No such file or directory
   55 | #include <minix/config.h>
      |          ^~~~~~~~~~~~~~~~
compilation terminated.
configure:5285: $? = 1
configure: failed program was:
| /* confdefs.h */
| #define PACKAGE_NAME "flac"
| #define PACKAGE_TARNAME "flac"
| #define PACKAGE_VERSION "1.3.3"
| #define PACKAGE_STRING "flac 1.3.3"
| #define PACKAGE_BUGREPORT "flac-dev@xiph.org"
| #define PACKAGE_URL "https://www.xiph.org/flac/"
| #define PACKAGE "flac"
| #define VERSION "1.3.3"
| #define NDEBUG /**/
| #define STDC_HEADERS 1
| #define HAVE_SYS_TYPES_H 1
| #define HAVE_SYS_STAT_H 1
| #define HAVE_STDLIB_H 1
| #define HAVE_STRING_H 1
| #define HAVE_MEMORY_H 1
| #define HAVE_STRINGS_H 1
| #define HAVE_INTTYPES_H 1
| #define HAVE_STDINT_H 1
| #define HAVE_UNISTD_H 1
| /* end confdefs.h.  */
| #include <stdio.h>
| #ifdef HAVE_SYS_TYPES_H
| # include <sys/types.h>
| #endif
| #ifdef HAVE_SYS_STAT_H
| # include <sys/stat.h>
| #endif
| #ifdef STDC_HEADERS
| # include <stdlib.h>
| # include <stddef.h>
| #else
| # ifdef HAVE_STDLIB_H
| #  include <stdlib.h>
| # endif
| #endif
| #ifdef HAVE_STRING_H
| # if !defined STDC_HEADERS && defined HAVE_MEMORY_H
| #  include <memory.h>
| # endif
| # include <string.h>
| #endif
| #ifdef HAVE_STRINGS_H
| # include <strings.h>
| #endif
| #ifdef HAVE_INTTYPES_H
| # include <inttypes.h>
| #endif
| #ifdef HAVE_STDINT_H
| # include <stdint.h>
| #endif
| #ifdef HAVE_UNISTD_H
| # include <unistd.h>
| #endif
| #include <minix/config.h>
configure:5285: result: no
configure:5285: checking minix/config.h presence
configure:5285: gcc -E  conftest.c
conftest.c:22:10: fatal error: minix/config.h: No such file or directory
   22 | #include <minix/config.h>
      |          ^~~~~~~~~~~~~~~~
compilation terminated.
configure:5285: $? = 1
configure: failed program was:
| /* confdefs.h */
| #define PACKAGE_NAME "flac"
| #define PACKAGE_TARNAME "flac"
| #define PACKAGE_VERSION "1.3.3"
| #define PACKAGE_STRING "flac 1.3.3"
| #define PACKAGE_BUGREPORT "flac-dev@xiph.org"
| #define PACKAGE_URL "https://www.xiph.org/flac/"
| #define PACKAGE "flac"
| #define VERSION "1.3.3"
| #define NDEBUG /**/
| #define STDC_HEADERS 1
| #define HAVE_SYS_TYPES_H 1
| #define HAVE_SYS_STAT_H 1
| #define HAVE_STDLIB_H 1
| #define HAVE_STRING_H 1
| #define HAVE_MEMORY_H 1
| #define HAVE_STRINGS_H 1
| #define HAVE_INTTYPES_H 1
| #define HAVE_STDINT_H 1
| #define HAVE_UNISTD_H 1
| /* end confdefs.h.  */
| #include <minix/config.h>
configure:5285: result: no
configure:5285: checking for minix/config.h
configure:5285: result: no
configure:5306: checking whether it is safe to define __EXTENSIONS__
configure:5324: gcc -c   conftest.c >&5
configure:5324: $? = 0
configure:5331: result: yes
configure:5394: checking for ar
configure:5410: found /usr/bin/ar
configure:5421: result: ar
configure:5447: checking the archiver (ar) interface
configure:5463: gcc -c   conftest.c >&5
configure:5463: $? = 0
configure:5465: ar cru libconftest.a conftest.o >&5
ar: `u' modifier ignored since `D' is the default (see `U')
configure:5468: $? = 0
configure:5467: result: ar
configure:5516: checking build system type
configure:5530: result: x86_64-pc-linux-gnu
configure:5550: checking host system type
configure:5563: result: x86_64-pc-linux-gnu
configure:5604: checking how to print strings
configure:5631: result: printf
configure:5652: checking for a sed that does not truncate output
configure:5716: result: /usr/bin/sed
configure:5734: checking for fgrep
configure:5796: result: /usr/bin/grep -F
configure:5831: checking for ld used by gcc
configure:5898: result: /usr/bin/ld
configure:5905: checking if the linker (/usr/bin/ld) is GNU ld
configure:5920: result: yes
configure:5932: checking for BSD- or MS-compatible name lister (nm)
configure:5986: result: /usr/bin/nm -B
configure:6116: checking the name lister (/usr/bin/nm -B) interface
configure:6123: gcc -c   conftest.c >&5
configure:6126: /usr/bin/nm -B "conftest.o"
configure:6129: output
0000000000000000 B some_variable
configure:6130: result: BSD nm
configure:6133: checking whether ln -s works
configure:6137: result: yes
configure:6145: checking the maximum length of command line arguments
configure:6276: result: 1572864
configure:6324: checking how to convert x86_64-pc-linux-gnu file names to x86_64-pc-linux-gnu format
configure:6364: result: func_convert_file_noop
configure:6371: checking how to convert x86_64-pc-linux-gnu file names to toolchain format
configure:6391: result: func_convert_file_noop
configure:6398: checking for /usr/bin/ld option to reload object files
configure:6405: result: -r
configure:6479: checking for objdump
configure:6495: found /usr/bin/objdump
configure:6506: result: objdump
configure:6535: checking how to recognize dependent libraries
configure:6735: result: pass_all
configure:6820: checking for dlltool
configure:6850: result: no
configure:6877: checking how to associate runtime and link libraries
configure:6904: result: printf %s\n
configure:7028: checking for archiver @FILE support
configure:7045: gcc -c   conftest.c >&5
configure:7045: $? = 0
configure:7048: ar cru libconftest.a @conftest.lst >&5
ar: `u' modifier ignored since `D' is the default (see `U')
configure:7051: $? = 0
configure:7056: ar cru libconftest.a @conftest.lst >&5
ar: `u' modifier ignored since `D' is the default (see `U')
ar: conftest.o: No such file or directory
configure:7059: $? = 1
configure:7058: result: @
configure:7116: checking for strip
configure:7132: found /usr/bin/strip
configure:7143: result: strip
configure:7215: checking for ranlib
configure:7231: found /usr/bin/ranlib
configure:7242: result: ranlib
configure:7344: checking command to parse /usr/bin/nm -B output from gcc object
configure:7497: gcc -c   conftest.c >&5
configure:7500: $? = 0
configure:7504: /usr/bin/nm -B conftest.o | sed -n -e 's/^.*[	 ]\([ABCDGIRSTW][ABCDGIRSTW]*\)[	 ][	 ]*\([_A-Za-z][_A-Za-z0-9]*\)$/\1 \2 \2/p' | sed '/ __gnu_lto/d' > conftest.nm
configure:7570: gcc -o conftest    conftest.c conftstm.o >&5
configure:7573: $? = 0
configure:7611: result: ok
configure:7658: checking for sysroot
configure:7688: result: no
configure:7695: checking for a working dd
configure:7733: result: /usr/bin/dd
configure:7737: checking how to truncate binary pipes
configure:7752: result: /usr/bin/dd bs=4096 count=1
configure:7888: gcc -c   conftest.c >&5
configure:7891: $? = 0
configure:8081: checking for mt
configure:8097: found /usr/bin/mt
configure:8108: result: mt
configure:8131: checking if mt is a manifest tool
configure:8137: mt '-?'
configure:8145: result: no
configure:8819: checking for dlfcn.h
configure:8819: gcc -c   conftest.c >&5
configure:8819: $? = 0
configure:8819: result: yes
configure:9371: checking for objdir
configure:9386: result: .libs
configure:9650: checking if gcc supports -fno-rtti -fno-exceptions
configure:9668: gcc -c   -fno-rtti -fno-exceptions conftest.c >&5
cc1: warning: command line option '-fno-rtti' is valid for C++/D/ObjC++ but not for C
configure:9672: $? = 0
configure:9685: result: no
configure:10043: checking for gcc option to produce PIC
configure:10050: result: -fPIC -DPIC
configure:10058: checking if gcc PIC flag -fPIC -DPIC works
configure:10076: gcc -c   -fPIC -DPIC -DPIC conftest.c >&5
configure:10080: $? = 0
configure:10093: result: yes
configure:10122: checking if gcc static flag -static works
configure:10150: result: yes
configure:10165: checking if gcc supports -c -o file.o
configure:10186: gcc -c   -o out/conftest2.o conftest.c >&5
configure:10190: $? = 0
configure:10212: result: yes
configure:10220: checking if gcc supports -c -o file.o
configure:10267: result: yes
configure:10300: checking whether the gcc linker (/usr/bin/ld -m elf_x86_64) supports shared libraries
configure:11563: result: yes
configure:11600: checking whether -lc should be explicitly linked in
configure:11608: gcc -c   conftest.c >&5
configure:11611: $? = 0
configure:11626: gcc -shared  -fPIC -DPIC conftest.o  -v -Wl,-soname -Wl,conftest -o conftest 2\>\&1 \| /usr/bin/grep  -lc  \>/dev/null 2\>\&1
configure:11629: $? = 0
configure:11643: result: no
configure:11803: checking dynamic linker characteristics
configure:12384: gcc -o conftest    -Wl,-rpath -Wl,/foo conftest.c  >&5
configure:12384: $? = 0
configure:12633: result: GNU/Linux ld.so
configure:12755: checking how to hardcode library paths into programs
configure:12780: result: immediate
configure:13328: checking whether stripping libraries is possible
configure:13333: result: yes
configure:13368: checking if libtool supports shared libraries
configure:13370: result: yes
configure:13373: checking whether to build shared libraries
configure:13398: result: yes
configure:13401: checking whether to build static libraries
configure:13405: result: no
configure:10227: checking dependency style of gcc
configure:10336: result: gcc3
configure:10409: checking for g++
configure:10425: found /usr/bin/g++
configure:10436: result: g++
configure:10463: checking for C++ compiler version
configure:10472: g++ --version >&5
g++ (Ubuntu 9.3.0-17ubuntu1~20.04) 9.3.0
Copyright (C) 2019 Free Software Foundation, Inc.
This is free software; see the source for copying conditions.  There is NO
warranty; not even for MERCHANTABILITY or FITNESS FOR A PARTICULAR PURPOSE.

configure:10483: $? = 0
configure:10472: g++ -v >&5
Using built-in specs.
COLLECT_GCC=g++
COLLECT_LTO_WRAPPER=/usr/lib/gcc/x86_64-linux-gnu/9/lto-wrapper
OFFLOAD_TARGET_NAMES=nvptx-none:hsa
OFFLOAD_TARGET_DEFAULT=1
Target: x86_64-linux-gnu
Configured with: ../src/configure -v --with-pkgversion='Ubuntu 9.3.0-17ubuntu1~20.04' --with-bugurl=file:///usr/share/doc/gcc-9/README.Bugs --enable-languages=c,ada,c++,go,brig,d,fortran,objc,obj-c++,gm2 --prefix=/usr --with-gcc-major-version-only --program-suffix=-9 --program-prefix=x86_64-linux-gnu- --enable-shared --enable-linker-build-id --libexecdir=/usr/lib --without-included-gettext --enable-threads=posix --libdir=/usr/lib --enable-nls --enable-clocale=gnu --enable-libstdcxx-debug --enable-libstdcxx-time=yes --with-default-libstdcxx-abi=new --enable-gnu-unique-object --disable-vtable-verify --enable-plugin --enable-default-pie --with-system-zlib --with-target-system-zlib=auto --enable-objc-gc=auto --enable-multiarch --disable-werror --with-arch-32=i686 --with-abi=m64 --with-multilib-list=m32,m64,mx32 --enable-multilib --with-tune=generic --enable-offload-targets=nvptx-none=/build/gcc-9-HskZEa/gcc-9-9.3.0/debian/tmp-nvptx/usr,hsa --without-cuda-driver --enable-checking=release --build=x86_64-linux-gnu --host=x86_64-linux-gnu --target=x86_64-linux-gnu
Thread model: posix
gcc version 9.3.0 (Ubuntu 9.3.0-17ubuntu1~20.04) 
configure:10483: $? = 0
configure:10472: g++ -V >&5
g++: error: unrecognized command line option '-V'
g++: fatal error: no input files
compilation terminated.
configure:10483: $? = 1
configure:10472: g++ -qversion >&5
g++: error: unrecognized command line option '-qversion'; did you mean '--version'?
g++: fatal error: no input files
compilation terminated.
configure:10483: $? = 1
configure:10487: checking whether we are using the GNU C++ compiler
configure:10506: g++ -c   conftest.cpp >&5
configure:10506: $? = 0
configure:10515: result: yes
configure:10524: checking whether g++ accepts -g
configure:10544: g++ -c -g  conftest.cpp >&5
configure:10544: $? = 0
configure:10585: result: yes
configure:10610: checking dependency style of g++
configure:10721: result: gcc3
configure:10754: checking how to run the C++ preprocessor
configure:10781: g++ -E  conftest.cpp
configure:10781: $? = 0
configure:10795: g++ -E  conftest.cpp
conftest.cpp:29:10: fatal error: ac_nonexistent.h: No such file or directory
   29 | #include <ac_nonexistent.h>
      |          ^~~~~~~~~~~~~~~~~~
compilation terminated.
configure:10795: $? = 1
configure: failed program was:
| /* confdefs.h */
| #define PACKAGE_NAME "flac"
| #define PACKAGE_TARNAME "flac"
| #define PACKAGE_VERSION "1.3.3"
| #define PACKAGE_STRING "flac 1.3.3"
| #define PACKAGE_BUGREPORT "flac-dev@xiph.org"
| #define PACKAGE_URL "https://www.xiph.org/flac/"
| #define PACKAGE "flac"
| #define VERSION "1.3.3"
| #define NDEBUG /**/
| #define STDC_HEADERS 1
| #define HAVE_SYS_TYPES_H 1
| #define HAVE_SYS_STAT_H 1
| #define HAVE_STDLIB_H 1
| #define HAVE_STRING_H 1
| #define HAVE_MEMORY_H 1
| #define HAVE_STRINGS_H 1
| #define HAVE_INTTYPES_H 1
| #define HAVE_STDINT_H 1
| #define HAVE_UNISTD_H 1
| #define __EXTENSIONS__ 1
| #define _ALL_SOURCE 1
| #define _GNU_SOURCE 1
| #define _POSIX_PTHREAD_SEMANTICS 1
| #define _TANDEM_SOURCE 1
| #define HAVE_DLFCN_H 1
| #define LT_OBJDIR ".libs/"
| /* end confdefs.h.  */
| #include <ac_nonexistent.h>
configure:10820: result: g++ -E
configure:10840: g++ -E  conftest.cpp
configure:10840: $? = 0
configure:10854: g++ -E  conftest.cpp
conftest.cpp:29:10: fatal error: ac_nonexistent.h: No such file or directory
   29 | #include <ac_nonexistent.h>
      |          ^~~~~~~~~~~~~~~~~~
compilation terminated.
configure:10854: $? = 1
configure: failed program was:
| /* confdefs.h */
| #define PACKAGE_NAME "flac"
| #define PACKAGE_TARNAME "flac"
| #define PACKAGE_VERSION "1.3.3"
| #define PACKAGE_STRING "flac 1.3.3"
| #define PACKAGE_BUGREPORT "flac-dev@xiph.org"
| #define PACKAGE_URL "https://www.xiph.org/flac/"
| #define PACKAGE "flac"
| #define VERSION "1.3.3"
| #define NDEBUG /**/
| #define STDC_HEADERS 1
| #define HAVE_SYS_TYPES_H 1
| #define HAVE_SYS_STAT_H 1
| #define HAVE_STDLIB_H 1
| #define HAVE_STRING_H 1
| #define HAVE_MEMORY_H 1
| #define HAVE_STRINGS_H 1
| #define HAVE_INTTYPES_H 1
| #define HAVE_STDINT_H 1
| #define HAVE_UNISTD_H 1
| #define __EXTENSIONS__ 1
| #define _ALL_SOURCE 1
| #define _GNU_SOURCE 1
| #define _POSIX_PTHREAD_SEMANTICS 1
| #define _TANDEM_SOURCE 1
| #define HAVE_DLFCN_H 1
| #define LT_OBJDIR ".libs/"
| /* end confdefs.h.  */
| #include <ac_nonexistent.h>
configure:11016: checking for ld used by g++
configure:11083: result: /usr/bin/ld -m elf_x86_64
configure:11090: checking if the linker (/usr/bin/ld -m elf_x86_64) is GNU ld
configure:11105: result: yes
configure:11160: checking whether the g++ linker (/usr/bin/ld -m elf_x86_64) supports shared libraries
configure:12233: result: yes
configure:12269: g++ -c   conftest.cpp >&5
configure:12272: $? = 0
configure:12753: checking for g++ option to produce PIC
configure:12760: result: -fPIC -DPIC
configure:12768: checking if g++ PIC flag -fPIC -DPIC works
configure:12786: g++ -c   -fPIC -DPIC -DPIC conftest.cpp >&5
configure:12790: $? = 0
configure:12803: result: yes
configure:12826: checking if g++ static flag -static works
configure:12854: result: yes
configure:12866: checking if g++ supports -c -o file.o
configure:12887: g++ -c   -o out/conftest2.o conftest.cpp >&5
configure:12891: $? = 0
configure:12913: result: yes
configure:12918: checking if g++ supports -c -o file.o
configure:12965: result: yes
configure:12995: checking whether the g++ linker (/usr/bin/ld -m elf_x86_64) supports shared libraries
configure:13038: result: yes
configure:13179: checking dynamic linker characteristics
configure:13936: result: GNU/Linux ld.so
configure:14001: checking how to hardcode library paths into programs
configure:14026: result: immediate
configure:12897: checking whether we are using the CLANG C compiler
configure:12920: gcc -o conftest    conftest.c  >&5
conftest.c: In function 'main':
conftest.c:37:5: error: unknown type name 'This'
   37 |     This is not clang!
      |     ^~~~
conftest.c:37:13: error: expected '=', ',', ';', 'asm' or '__attribute__' before 'not'
   37 |     This is not clang!
      |             ^~~
configure:12920: $? = 1
configure: failed program was:
| /* confdefs.h */
| #define PACKAGE_NAME "flac"
| #define PACKAGE_TARNAME "flac"
| #define PACKAGE_VERSION "1.3.3"
| #define PACKAGE_STRING "flac 1.3.3"
| #define PACKAGE_BUGREPORT "flac-dev@xiph.org"
| #define PACKAGE_URL "https://www.xiph.org/flac/"
| #define PACKAGE "flac"
| #define VERSION "1.3.3"
| #define NDEBUG /**/
| #define STDC_HEADERS 1
| #define HAVE_SYS_TYPES_H 1
| #define HAVE_SYS_STAT_H 1
| #define HAVE_STDLIB_H 1
| #define HAVE_STRING_H 1
| #define HAVE_MEMORY_H 1
| #define HAVE_STRINGS_H 1
| #define HAVE_INTTYPES_H 1
| #define HAVE_STDINT_H 1
| #define HAVE_UNISTD_H 1
| #define __EXTENSIONS__ 1
| #define _ALL_SOURCE 1
| #define _GNU_SOURCE 1
| #define _POSIX_PTHREAD_SEMANTICS 1
| #define _TANDEM_SOURCE 1
| #define HAVE_DLFCN_H 1
| #define LT_OBJDIR ".libs/"
| /* end confdefs.h.  */
| 
| 			#include <stdio.h>
| 
| int
| main ()
| {
| 
| 			#ifndef __clang__
| 				This is not clang!
| 			#endif
| 
|   ;
|   return 0;
| }
configure:12926: result: no
configure:12952: gcc -o conftest    conftest.c  >&5
configure:12952: $? = 0
configure:12962: checking whether make sets $(MAKE)
configure:12984: result: yes
configure:13002: checking for special C compiler options needed for large files
configure:13047: result: no
configure:13053: checking for _FILE_OFFSET_BITS value needed for large files
configure:13078: gcc -c   conftest.c >&5
configure:13078: $? = 0
configure:13110: result: no
configure:13195: checking for _LARGEFILE_SOURCE value needed for large files
configure:13214: gcc -o conftest    conftest.c  >&5
configure:13214: $? = 0
configure:13242: result: no
configure:13268: checking size of off_t
configure:13273: gcc -o conftest    conftest.c  >&5
configure:13273: $? = 0
configure:13273: ./conftest
configure:13273: $? = 0
configure:13287: result: 8
configure:13301: checking size of void*
configure:13306: gcc -o conftest    conftest.c  >&5
configure:13306: $? = 0
configure:13306: ./conftest
configure:13306: $? = 0
configure:13320: result: 8
configure:13330: checking for library containing lround
configure:13361: gcc -o conftest    conftest.c  >&5
conftest.c:39:6: warning: conflicting types for built-in function 'lround'; expected 'long int(double)' [-Wbuiltin-declaration-mismatch]
   39 | char lround ();
      |      ^~~~~~
conftest.c:1:1: note: 'lround' is declared in header '<math.h>'
    1 | /* confdefs.h */
/usr/bin/ld: /tmp/ccWls2XP.o: in function `main':
conftest.c:(.text+0xe): undefined reference to `lround'
collect2: error: ld returned 1 exit status
configure:13361: $? = 1
configure: failed program was:
| /* confdefs.h */
| #define PACKAGE_NAME "flac"
| #define PACKAGE_TARNAME "flac"
| #define PACKAGE_VERSION "1.3.3"
| #define PACKAGE_STRING "flac 1.3.3"
| #define PACKAGE_BUGREPORT "flac-dev@xiph.org"
| #define PACKAGE_URL "https://www.xiph.org/flac/"
| #define PACKAGE "flac"
| #define VERSION "1.3.3"
| #define NDEBUG /**/
| #define STDC_HEADERS 1
| #define HAVE_SYS_TYPES_H 1
| #define HAVE_SYS_STAT_H 1
| #define HAVE_STDLIB_H 1
| #define HAVE_STRING_H 1
| #define HAVE_MEMORY_H 1
| #define HAVE_STRINGS_H 1
| #define HAVE_INTTYPES_H 1
| #define HAVE_STDINT_H 1
| #define HAVE_UNISTD_H 1
| #define __EXTENSIONS__ 1
| #define _ALL_SOURCE 1
| #define _GNU_SOURCE 1
| #define _POSIX_PTHREAD_SEMANTICS 1
| #define _TANDEM_SOURCE 1
| #define HAVE_DLFCN_H 1
| #define LT_OBJDIR ".libs/"
| #define HAVE_FSEEKO 1
| #define SIZEOF_OFF_T 8
| #define SIZEOF_VOIDP 8
| /* end confdefs.h.  */
| 
| /* Override any GCC internal prototype to avoid an error.
|    Use char because int might match the return type of a GCC
|    builtin and then its argument prototype would still apply.  */
| #ifdef __cplusplus
| extern "C"
| #endif
| char lround ();
| int
| main ()
| {
| return lround ();
|   ;
|   return 0;
| }
configure:13361: gcc -o conftest    conftest.c -lm   >&5
conftest.c:39:6: warning: conflicting types for built-in function 'lround'; expected 'long int(double)' [-Wbuiltin-declaration-mismatch]
   39 | char lround ();
      |      ^~~~~~
conftest.c:1:1: note: 'lround' is declared in header '<math.h>'
    1 | /* confdefs.h */
configure:13361: $? = 0
configure:13378: result: -lm
configure:13397: checking for variable-length arrays
configure:13413: g++ -c   conftest.cpp >&5
configure:13413: $? = 0
configure:13420: result: yes
configure:13441: checking for ANSI C header files
configure:13545: result: yes
configure:13554: checking for inline
configure:13570: gcc -c   conftest.c >&5
configure:13570: $? = 0
configure:13578: result: inline
configure:13597: checking for variable-length arrays
configure:13620: result: yes
configure:13629: checking for typeof syntax and keyword spelling
configure:13660: gcc -c   conftest.c >&5
configure:13660: $? = 0
configure:13667: result: typeof
configure:13686: checking for stdint.h
configure:13686: result: yes
configure:13686: checking for inttypes.h
configure:13686: result: yes
configure:13686: checking byteswap.h usability
configure:13686: gcc -c   conftest.c >&5
configure:13686: $? = 0
configure:13686: result: yes
configure:13686: checking byteswap.h presence
configure:13686: gcc -E  conftest.c
configure:13686: $? = 0
configure:13686: result: yes
configure:13686: checking for byteswap.h
configure:13686: result: yes
configure:13686: checking sys/param.h usability
configure:13686: gcc -c   conftest.c >&5
configure:13686: $? = 0
configure:13686: result: yes
configure:13686: checking sys/param.h presence
configure:13686: gcc -E  conftest.c
configure:13686: $? = 0
configure:13686: result: yes
configure:13686: checking for sys/param.h
configure:13686: result: yes
configure:13686: checking sys/ioctl.h usability
configure:13686: gcc -c   conftest.c >&5
configure:13686: $? = 0
configure:13686: result: yes
configure:13686: checking sys/ioctl.h presence
configure:13686: gcc -E  conftest.c
configure:13686: $? = 0
configure:13686: result: yes
configure:13686: checking for sys/ioctl.h
configure:13686: result: yes
configure:13686: checking termios.h usability
configure:13686: gcc -c   conftest.c >&5
configure:13686: $? = 0
configure:13686: result: yes
configure:13686: checking termios.h presence
configure:13686: gcc -E  conftest.c
configure:13686: $? = 0
configure:13686: result: yes
configure:13686: checking for termios.h
configure:13686: result: yes
configure:13686: checking x86intrin.h usability
configure:13686: gcc -c   conftest.c >&5
configure:13686: $? = 0
configure:13686: result: yes
configure:13686: checking x86intrin.h presence
configure:13686: gcc -E  conftest.c
configure:13686: $? = 0
configure:13686: result: yes
configure:13686: checking for x86intrin.h
configure:13686: result: yes
configure:13686: checking cpuid.h usability
configure:13686: gcc -c   conftest.c >&5
configure:13686: $? = 0
configure:13686: result: yes
configure:13686: checking cpuid.h presence
configure:13686: gcc -E  conftest.c
configure:13686: $? = 0
configure:13686: result: yes
configure:13686: checking for cpuid.h
configure:13686: result: yes
configure:13697: checking for bswap32 intrinsic
configure:13717: gcc -o conftest    conftest.c -lm  >&5
configure:13717: $? = 0
configure:13732: result: yes
configure:13735: checking for bswap16 intrinsic
configure:13755: gcc -o conftest    conftest.c -lm  >&5
configure:13755: $? = 0
configure:13770: result: yes
configure:13776: checking whether byte ordering is bigendian
configure:13791: gcc -c   conftest.c >&5
conftest.c:49:9: error: unknown type name 'not'
   49 |         not a universal capable compiler
      |         ^~~
conftest.c:49:15: error: expected '=', ',', ';', 'asm' or '__attribute__' before 'universal'
   49 |         not a universal capable compiler
      |               ^~~~~~~~~
conftest.c:49:15: error: unknown type name 'universal'
configure:13791: $? = 1
configure: failed program was:
| /* confdefs.h */
| #define PACKAGE_NAME "flac"
| #define PACKAGE_TARNAME "flac"
| #define PACKAGE_VERSION "1.3.3"
| #define PACKAGE_STRING "flac 1.3.3"
| #define PACKAGE_BUGREPORT "flac-dev@xiph.org"
| #define PACKAGE_URL "https://www.xiph.org/flac/"
| #define PACKAGE "flac"
| #define VERSION "1.3.3"
| #define NDEBUG /**/
| #define STDC_HEADERS 1
| #define HAVE_SYS_TYPES_H 1
| #define HAVE_SYS_STAT_H 1
| #define HAVE_STDLIB_H 1
| #define HAVE_STRING_H 1
| #define HAVE_MEMORY_H 1
| #define HAVE_STRINGS_H 1
| #define HAVE_INTTYPES_H 1
| #define HAVE_STDINT_H 1
| #define HAVE_UNISTD_H 1
| #define __EXTENSIONS__ 1
| #define _ALL_SOURCE 1
| #define _GNU_SOURCE 1
| #define _POSIX_PTHREAD_SEMANTICS 1
| #define _TANDEM_SOURCE 1
| #define HAVE_DLFCN_H 1
| #define LT_OBJDIR ".libs/"
| #define HAVE_FSEEKO 1
| #define SIZEOF_OFF_T 8
| #define SIZEOF_VOIDP 8
| #define HAVE_LROUND 1
| #define HAVE_C_VARARRAYS 1
| #define HAVE_CXX_VARARRAYS 1
| #define STDC_HEADERS 1
| #define HAVE_C_VARARRAYS 1
| #define HAVE_TYPEOF 1
| #define HAVE_STDINT_H 1
| #define HAVE_INTTYPES_H 1
| #define HAVE_BYTESWAP_H 1
| #define HAVE_SYS_PARAM_H 1
| #define HAVE_SYS_IOCTL_H 1
| #define HAVE_TERMIOS_H 1
| #define HAVE_X86INTRIN_H 1
| #define HAVE_CPUID_H 1
| #define HAVE_BSWAP32 1
| #define HAVE_BSWAP16 1
| /* end confdefs.h.  */
| #ifndef __APPLE_CC__
| 	       not a universal capable compiler
| 	     #endif
| 	     typedef int dummy;
| 
configure:13836: gcc -c   conftest.c >&5
configure:13836: $? = 0
configure:13854: gcc -c   conftest.c >&5
conftest.c: In function 'main':
conftest.c:55:4: error: unknown type name 'not'; did you mean 'ino_t'?
   55 |    not big endian
      |    ^~~
      |    ino_t
conftest.c:55:12: error: expected '=', ',', ';', 'asm' or '__attribute__' before 'endian'
   55 |    not big endian
      |            ^~~~~~
configure:13854: $? = 1
configure: failed program was:
| /* confdefs.h */
| #define PACKAGE_NAME "flac"
| #define PACKAGE_TARNAME "flac"
| #define PACKAGE_VERSION "1.3.3"
| #define PACKAGE_STRING "flac 1.3.3"
| #define PACKAGE_BUGREPORT "flac-dev@xiph.org"
| #define PACKAGE_URL "https://www.xiph.org/flac/"
| #define PACKAGE "flac"
| #define VERSION "1.3.3"
| #define NDEBUG /**/
| #define STDC_HEADERS 1
| #define HAVE_SYS_TYPES_H 1
| #define HAVE_SYS_STAT_H 1
| #define HAVE_STDLIB_H 1
| #define HAVE_STRING_H 1
| #define HAVE_MEMORY_H 1
| #define HAVE_STRINGS_H 1
| #define HAVE_INTTYPES_H 1
| #define HAVE_STDINT_H 1
| #define HAVE_UNISTD_H 1
| #define __EXTENSIONS__ 1
| #define _ALL_SOURCE 1
| #define _GNU_SOURCE 1
| #define _POSIX_PTHREAD_SEMANTICS 1
| #define _TANDEM_SOURCE 1
| #define HAVE_DLFCN_H 1
| #define LT_OBJDIR ".libs/"
| #define HAVE_FSEEKO 1
| #define SIZEOF_OFF_T 8
| #define SIZEOF_VOIDP 8
| #define HAVE_LROUND 1
| #define HAVE_C_VARARRAYS 1
| #define HAVE_CXX_VARARRAYS 1
| #define STDC_HEADERS 1
| #define HAVE_C_VARARRAYS 1
| #define HAVE_TYPEOF 1
| #define HAVE_STDINT_H 1
| #define HAVE_INTTYPES_H 1
| #define HAVE_BYTESWAP_H 1
| #define HAVE_SYS_PARAM_H 1
| #define HAVE_SYS_IOCTL_H 1
| #define HAVE_TERMIOS_H 1
| #define HAVE_X86INTRIN_H 1
| #define HAVE_CPUID_H 1
| #define HAVE_BSWAP32 1
| #define HAVE_BSWAP16 1
| /* end confdefs.h.  */
| #include <sys/types.h>
| 		#include <sys/param.h>
| 
| int
| main ()
| {
| #if BYTE_ORDER != BIG_ENDIAN
| 		 not big endian
| 		#endif
| 
|   ;
|   return 0;
| }
configure:13982: result: no
configure:14047: checking for socklen_t
configure:14047: gcc -c   conftest.c >&5
configure:14047: $? = 0
configure:14047: gcc -c   conftest.c >&5
conftest.c: In function 'main':
conftest.c:87:24: error: expected expression before ')' token
   87 | if (sizeof ((socklen_t)))
      |                        ^
configure:14047: $? = 1
configure: failed program was:
| /* confdefs.h */
| #define PACKAGE_NAME "flac"
| #define PACKAGE_TARNAME "flac"
| #define PACKAGE_VERSION "1.3.3"
| #define PACKAGE_STRING "flac 1.3.3"
| #define PACKAGE_BUGREPORT "flac-dev@xiph.org"
| #define PACKAGE_URL "https://www.xiph.org/flac/"
| #define PACKAGE "flac"
| #define VERSION "1.3.3"
| #define NDEBUG /**/
| #define STDC_HEADERS 1
| #define HAVE_SYS_TYPES_H 1
| #define HAVE_SYS_STAT_H 1
| #define HAVE_STDLIB_H 1
| #define HAVE_STRING_H 1
| #define HAVE_MEMORY_H 1
| #define HAVE_STRINGS_H 1
| #define HAVE_INTTYPES_H 1
| #define HAVE_STDINT_H 1
| #define HAVE_UNISTD_H 1
| #define __EXTENSIONS__ 1
| #define _ALL_SOURCE 1
| #define _GNU_SOURCE 1
| #define _POSIX_PTHREAD_SEMANTICS 1
| #define _TANDEM_SOURCE 1
| #define HAVE_DLFCN_H 1
| #define LT_OBJDIR ".libs/"
| #define HAVE_FSEEKO 1
| #define SIZEOF_OFF_T 8
| #define SIZEOF_VOIDP 8
| #define HAVE_LROUND 1
| #define HAVE_C_VARARRAYS 1
| #define HAVE_CXX_VARARRAYS 1
| #define STDC_HEADERS 1
| #define HAVE_C_VARARRAYS 1
| #define HAVE_TYPEOF 1
| #define HAVE_STDINT_H 1
| #define HAVE_INTTYPES_H 1
| #define HAVE_BYTESWAP_H 1
| #define HAVE_SYS_PARAM_H 1
| #define HAVE_SYS_IOCTL_H 1
| #define HAVE_TERMIOS_H 1
| #define HAVE_X86INTRIN_H 1
| #define HAVE_CPUID_H 1
| #define HAVE_BSWAP32 1
| #define HAVE_BSWAP16 1
| #define CPU_IS_BIG_ENDIAN 0
| #define CPU_IS_LITTLE_ENDIAN 1
| #define WORDS_BIGENDIAN 0
| /* end confdefs.h.  */
| #include <stdio.h>
| #ifdef HAVE_SYS_TYPES_H
| # include <sys/types.h>
| #endif
| #ifdef HAVE_SYS_STAT_H
| # include <sys/stat.h>
| #endif
| #ifdef STDC_HEADERS
| # include <stdlib.h>
| # include <stddef.h>
| #else
| # ifdef HAVE_STDLIB_H
| #  include <stdlib.h>
| # endif
| #endif
| #ifdef HAVE_STRING_H
| # if !defined STDC_HEADERS && defined HAVE_MEMORY_H
| #  include <memory.h>
| # endif
| # include <string.h>
| #endif
| #ifdef HAVE_STRINGS_H
| # include <strings.h>
| #endif
| #ifdef HAVE_INTTYPES_H
| # include <inttypes.h>
| #endif
| #ifdef HAVE_STDINT_H
| # include <stdint.h>
| #endif
| #ifdef HAVE_UNISTD_H
| # include <unistd.h>
| #endif
| int
| main ()
| {
| if (sizeof ((socklen_t)))
| 	    return 0;
|   ;
|   return 0;
| }
configure:14047: result: yes
configure:14060: checking for getopt_long
configure:14060: gcc -o conftest    conftest.c -lm  >&5
configure:14060: $? = 0
configure:14060: result: yes
configure:14074: checking size of void*
configure:14093: result: 8
configure:14553: checking for doxygen
configure:14583: result: no
configure:14667: checking for xmms-config
configure:14698: result: no
configure:14810: checking for XMMS - version >= 0.9.5.1
configure:14818: result: no
configure:14845: WARNING: *** XMMS >= 0.9.5.1 not installed - XMMS support will not be built
configure:14954: checking for Ogg
configure:14989: gcc -o conftest     conftest.c -lm   -logg >&5
configure:14989: $? = 0
configure:14989: ./conftest
configure:14989: $? = 0
configure:15008: result: yes
configure:15143: checking for ld used by gcc
configure:15210: result: /usr/bin/ld -m elf_x86_64
configure:15217: checking if the linker (/usr/bin/ld -m elf_x86_64) is GNU ld
configure:15232: result: yes
configure:15239: checking for shared library run path origin
configure:15252: result: done
configure:15830: checking for iconv
configure:15854: gcc -o conftest    conftest.c -lm  >&5
configure:15854: $? = 0
configure:15888: result: yes
configure:15891: checking for working iconv
configure:16011: gcc -o conftest    conftest.c -lm  >&5
configure:16011: $? = 0
configure:16011: ./conftest
configure:16011: $? = 0
configure:16023: result: yes
configure:16051: checking for iconv declaration
configure:16080: gcc -c   conftest.c >&5
configure:16080: $? = 0
configure:16091: result:
         extern size_t iconv (iconv_t cd, char * *inbuf, size_t *inbytesleft, char * *outbuf, size_t *outbytesleft);
configure:16103: checking for nl_langinfo and CODESET
configure:16119: gcc -o conftest    conftest.c -lm  >&5
configure:16119: $? = 0
configure:16128: result: yes
configure:16141: checking for docbook-to-man
configure:16171: result: no
configure:16141: checking for docbook2man
configure:16171: result: no
configure:16193: checking for clock_gettime in -lrt
configure:16218: gcc -o conftest    conftest.c -lrt  -lm  >&5
configure:16218: $? = 0
configure:16227: result: yes
configure:16243: checking for nasm
configure:16273: result: no
configure:16304: checking for version of gcc
configure:16307: result: 9
configure:16324: checking if gcc accepts -Wdeclaration-after-statement
configure:16341: gcc -o conftest -Wdeclaration-after-statement   conftest.c -lm  >&5
configure:16341: $? = 0
configure:16342: result: yes
configure:16356: checking whether to add -D_FORTIFY_SOURCE=2 to CPPFLAGS
configure:16372: gcc -o conftest -O3 -funroll-loops -Wall -Wextra -Wstrict-prototypes -Wmissing-prototypes -Waggregate-return -Wcast-align -Wnested-externs -Wshadow -Wundef -Wmissing-declarations -Winline  -Wdeclaration-after-statement   conftest.c -lm  >&5
conftest.c:69:21: warning: function declaration isn't a prototype [-Wstrict-prototypes]
   69 |                 int main() {
      |                     ^~~~
conftest.c: In function 'main':
conftest.c:73:21: error: 'this_is_an_error' undeclared (first use in this function)
   73 |                     this_is_an_error;
      |                     ^~~~~~~~~~~~~~~~
conftest.c:73:21: note: each undeclared identifier is reported only once for each function it appears in
configure:16372: $? = 1
configure: failed program was:
| /* confdefs.h */
| #define PACKAGE_NAME "flac"
| #define PACKAGE_TARNAME "flac"
| #define PACKAGE_VERSION "1.3.3"
| #define PACKAGE_STRING "flac 1.3.3"
| #define PACKAGE_BUGREPORT "flac-dev@xiph.org"
| #define PACKAGE_URL "https://www.xiph.org/flac/"
| #define PACKAGE "flac"
| #define VERSION "1.3.3"
| #define NDEBUG /**/
| #define STDC_HEADERS 1
| #define HAVE_SYS_TYPES_H 1
| #define HAVE_SYS_STAT_H 1
| #define HAVE_STDLIB_H 1
| #define HAVE_STRING_H 1
| #define HAVE_MEMORY_H 1
| #define HAVE_STRINGS_H 1
| #define HAVE_INTTYPES_H 1
| #define HAVE_STDINT_H 1
| #define HAVE_UNISTD_H 1
| #define __EXTENSIONS__ 1
| #define _ALL_SOURCE 1
| #define _GNU_SOURCE 1
| #define _POSIX_PTHREAD_SEMANTICS 1
| #define _TANDEM_SOURCE 1
| #define HAVE_DLFCN_H 1
| #define LT_OBJDIR ".libs/"
| #define HAVE_FSEEKO 1
| #define SIZEOF_OFF_T 8
| #define SIZEOF_VOIDP 8
| #define HAVE_LROUND 1
| #define HAVE_C_VARARRAYS 1
| #define HAVE_CXX_VARARRAYS 1
| #define STDC_HEADERS 1
| #define HAVE_C_VARARRAYS 1
| #define HAVE_TYPEOF 1
| #define HAVE_STDINT_H 1
| #define HAVE_INTTYPES_H 1
| #define HAVE_BYTESWAP_H 1
| #define HAVE_SYS_PARAM_H 1
| #define HAVE_SYS_IOCTL_H 1
| #define HAVE_TERMIOS_H 1
| #define HAVE_X86INTRIN_H 1
| #define HAVE_CPUID_H 1
| #define HAVE_BSWAP32 1
| #define HAVE_BSWAP16 1
| #define CPU_IS_BIG_ENDIAN 0
| #define CPU_IS_LITTLE_ENDIAN 1
| #define WORDS_BIGENDIAN 0
| #define HAVE_SOCKLEN_T 1
| #define HAVE_GETOPT_LONG 1
| #define SIZEOF_VOIDP 8
| #define FLAC__CPU_X86_64 1
| #define FLAC__HAS_X86INTRIN 1
| #define FLAC__SYS_LINUX 1
| #define FLAC__ALIGN_MALLOC_DATA 1
| #define FLAC__USE_ALTIVEC 1
| #define FLAC__USE_VSX 1
| #define FLAC__USE_AVX 1
| #define ENABLE_64_BIT_WORDS 0
| #define FLAC__HAS_OGG 1
| #define HAVE_ICONV 1
| #define ICONV_CONST 
| #define HAVE_LANGINFO_CODESET 1
| #define HAVE_CLOCK_GETTIME 1
| /* end confdefs.h.  */
| 
| 
|                 int main() {
|                 #ifndef _FORTIFY_SOURCE
|                     return 0;
|                 #else
|                     this_is_an_error;
|                 #endif
|                 }
| 
| 
configure:16380: result: no
configure:16394: checking if g++ accepts -Weffc++
configure:16412: g++ -o conftest -Weffc++   conftest.cpp -lm  >&5
configure:16412: $? = 0
configure:16413: result: yes
configure:16511: checking if gcc accepts -msse2
configure:16528: gcc -o conftest -msse2  -DFLAC__USE_VISIBILITY_ATTR  conftest.c -lm  >&5
configure:16528: $? = 0
configure:16529: result: yes
configure:16838: checking that generated files are newer than configure
configure:16844: result: done
configure:16960: creating ./config.status

## ---------------------- ##
## Running config.status. ##
## ---------------------- ##

This file was extended by flac config.status 1.3.3, which was
generated by GNU Autoconf 2.69.  Invocation command line was

  CONFIG_FILES    = 
  CONFIG_HEADERS  = 
  CONFIG_LINKS    = 
  CONFIG_COMMANDS = 
  $ ./config.status 

on cn0756PCXD

config.status:1330: creating Makefile
config.status:1330: creating src/Makefile
config.status:1330: creating src/libFLAC/Makefile
config.status:1330: creating src/libFLAC/flac.pc
config.status:1330: creating src/libFLAC/ia32/Makefile
config.status:1330: creating src/libFLAC/include/Makefile
config.status:1330: creating src/libFLAC/include/private/Makefile
config.status:1330: creating src/libFLAC/include/protected/Makefile
config.status:1330: creating src/libFLAC++/Makefile
config.status:1330: creating src/libFLAC++/flac++.pc
config.status:1330: creating src/flac/Makefile
config.status:1330: creating src/metaflac/Makefile
config.status:1330: creating src/plugin_common/Makefile
config.status:1330: creating src/plugin_xmms/Makefile
config.status:1330: creating src/share/Makefile
config.status:1330: creating src/test_grabbag/Makefile
config.status:1330: creating src/test_grabbag/cuesheet/Makefile
config.status:1330: creating src/test_grabbag/picture/Makefile
config.status:1330: creating src/test_libs_common/Makefile
config.status:1330: creating src/test_libFLAC/Makefile
config.status:1330: creating src/test_libFLAC++/Makefile
config.status:1330: creating src/test_seeking/Makefile
config.status:1330: creating src/test_streams/Makefile
config.status:1330: creating src/utils/Makefile
config.status:1330: creating src/utils/flacdiff/Makefile
config.status:1330: creating src/utils/flactimer/Makefile
config.status:1330: creating examples/Makefile
config.status:1330: creating examples/c/Makefile
config.status:1330: creating examples/c/decode/Makefile
config.status:1330: creating examples/c/decode/file/Makefile
config.status:1330: creating examples/c/encode/Makefile
config.status:1330: creating examples/c/encode/file/Makefile
config.status:1330: creating examples/cpp/Makefile
config.status:1330: creating examples/cpp/decode/Makefile
config.status:1330: creating examples/cpp/decode/file/Makefile
config.status:1330: creating examples/cpp/encode/Makefile
config.status:1330: creating examples/cpp/encode/file/Makefile
config.status:1330: creating include/Makefile
config.status:1330: creating include/FLAC/Makefile
config.status:1330: creating include/FLAC++/Makefile
config.status:1330: creating include/share/Makefile
config.status:1330: creating include/share/grabbag/Makefile
config.status:1330: creating include/test_libs_common/Makefile
config.status:1330: creating doc/Doxyfile
config.status:1330: creating doc/Makefile
config.status:1330: creating doc/html/Makefile
config.status:1330: creating doc/html/images/Makefile
config.status:1330: creating m4/Makefile
config.status:1330: creating man/Makefile
config.status:1330: creating test/common.sh
config.status:1330: creating test/Makefile
config.status:1330: creating test/cuesheets/Makefile
config.status:1330: creating test/flac-to-flac-metadata-test-files/Makefile
config.status:1330: creating test/metaflac-test-files/Makefile
config.status:1330: creating test/pictures/Makefile
config.status:1330: creating build/Makefile
config.status:1330: creating objs/Makefile
config.status:1330: creating objs/debug/Makefile
config.status:1330: creating objs/debug/bin/Makefile
config.status:1330: creating objs/debug/lib/Makefile
config.status:1330: creating objs/release/Makefile
config.status:1330: creating objs/release/bin/Makefile
config.status:1330: creating objs/release/lib/Makefile
config.status:1330: creating microbench/Makefile
config.status:1330: creating config.h
config.status:1559: executing depfiles commands
config.status:1636: cd src/libFLAC       && sed -e '/# am--include-marker/d' Makefile         | make -f - am--depfiles
config.status:1641: $? = 0
config.status:1636: cd src/libFLAC++       && sed -e '/# am--include-marker/d' Makefile         | make -f - am--depfiles
config.status:1641: $? = 0
config.status:1636: cd src/flac       && sed -e '/# am--include-marker/d' Makefile         | make -f - am--depfiles
config.status:1641: $? = 0
config.status:1636: cd src/metaflac       && sed -e '/# am--include-marker/d' Makefile         | make -f - am--depfiles
config.status:1641: $? = 0
config.status:1636: cd src/plugin_common       && sed -e '/# am--include-marker/d' Makefile         | make -f - am--depfiles
config.status:1641: $? = 0
config.status:1636: cd src/plugin_xmms       && sed -e '/# am--include-marker/d' Makefile         | make -f - am--depfiles
config.status:1641: $? = 0
config.status:1636: cd src/share       && sed -e '/# am--include-marker/d' Makefile         | make -f - am--depfiles
config.status:1641: $? = 0
config.status:1636: cd src/test_grabbag/cuesheet       && sed -e '/# am--include-marker/d' Makefile         | make -f - am--depfiles
config.status:1641: $? = 0
config.status:1636: cd src/test_grabbag/picture       && sed -e '/# am--include-marker/d' Makefile         | make -f - am--depfiles
config.status:1641: $? = 0
config.status:1636: cd src/test_libs_common       && sed -e '/# am--include-marker/d' Makefile         | make -f - am--depfiles
config.status:1641: $? = 0
config.status:1636: cd src/test_libFLAC       && sed -e '/# am--include-marker/d' Makefile         | make -f - am--depfiles
config.status:1641: $? = 0
config.status:1636: cd src/test_libFLAC++       && sed -e '/# am--include-marker/d' Makefile         | make -f - am--depfiles
config.status:1641: $? = 0
config.status:1636: cd src/test_seeking       && sed -e '/# am--include-marker/d' Makefile         | make -f - am--depfiles
config.status:1641: $? = 0
config.status:1636: cd src/test_streams       && sed -e '/# am--include-marker/d' Makefile         | make -f - am--depfiles
config.status:1641: $? = 0
config.status:1636: cd examples/c/decode/file       && sed -e '/# am--include-marker/d' Makefile         | make -f - am--depfiles
config.status:1641: $? = 0
config.status:1636: cd examples/c/encode/file       && sed -e '/# am--include-marker/d' Makefile         | make -f - am--depfiles
config.status:1641: $? = 0
config.status:1636: cd examples/cpp/decode/file       && sed -e '/# am--include-marker/d' Makefile         | make -f - am--depfiles
config.status:1641: $? = 0
config.status:1636: cd examples/cpp/encode/file       && sed -e '/# am--include-marker/d' Makefile         | make -f - am--depfiles
config.status:1641: $? = 0
config.status:1636: cd microbench       && sed -e '/# am--include-marker/d' Makefile         | make -f - am--depfiles
config.status:1641: $? = 0
config.status:1559: executing libtool commands
configure:19448: result:
-=-=-=-=-=-=-=-=-=-= Configuration Complete =-=-=-=-=-=-=-=-=-=-

  Configuration summary :

    FLAC version : ........................ 1.3.3

    Host CPU : ............................ x86_64
    Host Vendor : ......................... pc
    Host OS : ............................. linux-gnu


## ---------------- ##
## Cache variables. ##
## ---------------- ##

ac_cv_build=x86_64-pc-linux-gnu
ac_cv_c_big_endian=0
ac_cv_c_bigendian=no
ac_cv_c_bswap16=yes
ac_cv_c_bswap32=yes
ac_cv_c_compiler_gnu=yes
ac_cv_c_inline=inline
ac_cv_c_little_endian=1
ac_cv_c_typeof=typeof
ac_cv_c_vararrays=yes
ac_cv_cxx_compiler_gnu=yes
ac_cv_env_CCASFLAGS_set=
ac_cv_env_CCASFLAGS_value=
ac_cv_env_CCAS_set=
ac_cv_env_CCAS_value=
ac_cv_env_CCC_set=
ac_cv_env_CCC_value=
ac_cv_env_CC_set=
ac_cv_env_CC_value=
ac_cv_env_CFLAGS_set=
ac_cv_env_CFLAGS_value=
ac_cv_env_CPPFLAGS_set=
ac_cv_env_CPPFLAGS_value=
ac_cv_env_CPP_set=
ac_cv_env_CPP_value=
ac_cv_env_CXXCPP_set=
ac_cv_env_CXXCPP_value=
ac_cv_env_CXXFLAGS_set=
ac_cv_env_CXXFLAGS_value=
ac_cv_env_CXX_set=
ac_cv_env_CXX_value=
ac_cv_env_LDFLAGS_set=
ac_cv_env_LDFLAGS_value=
ac_cv_env_LIBS_set=
ac_cv_env_LIBS_value=
ac_cv_env_LT_SYS_LIBRARY_PATH_set=
ac_cv_env_LT_SYS_LIBRARY_PATH_value=
ac_cv_env_build_alias_set=
ac_cv_env_build_alias_value=
ac_cv_env_host_alias_set=
ac_cv_env_host_alias_value=
ac_cv_env_target_alias_set=
ac_cv_env_target_alias_value=
ac_cv_func_getopt_long=yes
ac_cv_header_byteswap_h=yes
ac_cv_header_cpuid_h=yes
ac_cv_header_dlfcn_h=yes
ac_cv_header_inttypes_h=yes
ac_cv_header_memory_h=yes
ac_cv_header_minix_config_h=no
ac_cv_header_stdc=yes
ac_cv_header_stdint_h=yes
ac_cv_header_stdlib_h=yes
ac_cv_header_string_h=yes
ac_cv_header_strings_h=yes
ac_cv_header_sys_ioctl_h=yes
ac_cv_header_sys_param_h=yes
ac_cv_header_sys_stat_h=yes
ac_cv_header_sys_types_h=yes
ac_cv_header_termios_h=yes
ac_cv_header_unistd_h=yes
ac_cv_header_x86intrin_h=yes
ac_cv_host=x86_64-pc-linux-gnu
ac_cv_lib_rt_clock_gettime=yes
ac_cv_objext=o
ac_cv_path_EGREP='/usr/bin/grep -E'
ac_cv_path_FGREP='/usr/bin/grep -F'
ac_cv_path_GREP=/usr/bin/grep
ac_cv_path_SED=/usr/bin/sed
ac_cv_path_XMMS_CONFIG=no
ac_cv_path_install='/usr/bin/install -c'
ac_cv_path_lt_DD=/usr/bin/dd
ac_cv_path_mkdir=/usr/bin/mkdir
ac_cv_prog_AWK=gawk
ac_cv_prog_CPP='gcc -E'
ac_cv_prog_CXXCPP='g++ -E'
ac_cv_prog_ac_ct_AR=ar
ac_cv_prog_ac_ct_CC=gcc
ac_cv_prog_ac_ct_CXX=g++
ac_cv_prog_ac_ct_MANIFEST_TOOL=mt
ac_cv_prog_ac_ct_OBJDUMP=objdump
ac_cv_prog_ac_ct_RANLIB=ranlib
ac_cv_prog_ac_ct_STRIP=strip
ac_cv_prog_cc_c89=
ac_cv_prog_cc_c99=
ac_cv_prog_cc_g=yes
ac_cv_prog_cc_stdc=
ac_cv_prog_cxx_g=yes
ac_cv_prog_make_make_set=yes
ac_cv_safe_to_define___extensions__=yes
ac_cv_search_lround=-lm
ac_cv_sizeof_off_t=8
ac_cv_sizeof_voidp=8
ac_cv_sys_file_offset_bits=no
ac_cv_sys_largefile_CC=no
ac_cv_sys_largefile_source=no
ac_cv_type_socklen_t=yes
acl_cv_path_LD='/usr/bin/ld -m elf_x86_64'
acl_cv_prog_gnu_ld=yes
acl_cv_rpath=done
am_cv_CCAS_dependencies_compiler_type=gcc3
am_cv_CC_dependencies_compiler_type=gcc3
am_cv_CXX_dependencies_compiler_type=gcc3
am_cv_ar_interface=ar
am_cv_func_iconv=yes
am_cv_func_iconv_works=yes
am_cv_langinfo_codeset=yes
am_cv_lib_iconv=no
am_cv_make_support_nested_variables=yes
am_cv_prog_cc_c_o=yes
am_cv_prog_tar_pax=gnutar
am_cv_proto_iconv='extern size_t iconv (iconv_t cd, char * *inbuf, size_t *inbytesleft, char * *outbuf, size_t *outbytesleft);'
am_cv_proto_iconv_arg1=
lt_cv_ar_at_file=@
lt_cv_archive_cmds_need_lc=no
lt_cv_deplibs_check_method=pass_all
lt_cv_file_magic_cmd='$MAGIC_CMD'
lt_cv_file_magic_test_file=
lt_cv_ld_reload_flag=-r
lt_cv_nm_interface='BSD nm'
lt_cv_objdir=.libs
lt_cv_path_LD=/usr/bin/ld
lt_cv_path_LDCXX='/usr/bin/ld -m elf_x86_64'
lt_cv_path_NM='/usr/bin/nm -B'
lt_cv_path_mainfest_tool=no
lt_cv_prog_compiler_c_o=yes
lt_cv_prog_compiler_c_o_CXX=yes
lt_cv_prog_compiler_pic='-fPIC -DPIC'
lt_cv_prog_compiler_pic_CXX='-fPIC -DPIC'
lt_cv_prog_compiler_pic_works=yes
lt_cv_prog_compiler_pic_works_CXX=yes
lt_cv_prog_compiler_rtti_exceptions=no
lt_cv_prog_compiler_static_works=yes
lt_cv_prog_compiler_static_works_CXX=yes
lt_cv_prog_gnu_ld=yes
lt_cv_prog_gnu_ldcxx=yes
lt_cv_sharedlib_from_linklib_cmd='printf %s\n'
lt_cv_shlibpath_overrides_runpath=yes
lt_cv_sys_global_symbol_pipe='sed -n -e '\''s/^.*[	 ]\([ABCDGIRSTW][ABCDGIRSTW]*\)[	 ][	 ]*\([_A-Za-z][_A-Za-z0-9]*\)$/\1 \2 \2/p'\'' | sed '\''/ __gnu_lto/d'\'''
lt_cv_sys_global_symbol_to_c_name_address='sed -n -e '\''s/^: \(.*\) .*$/  {"\1", (void *) 0},/p'\'' -e '\''s/^[ABCDGIRSTW][ABCDGIRSTW]* .* \(.*\)$/  {"\1", (void *) \&\1},/p'\'''
lt_cv_sys_global_symbol_to_c_name_address_lib_prefix='sed -n -e '\''s/^: \(.*\) .*$/  {"\1", (void *) 0},/p'\'' -e '\''s/^[ABCDGIRSTW][ABCDGIRSTW]* .* \(lib.*\)$/  {"\1", (void *) \&\1},/p'\'' -e '\''s/^[ABCDGIRSTW][ABCDGIRSTW]* .* \(.*\)$/  {"lib\1", (void *) \&\1},/p'\'''
lt_cv_sys_global_symbol_to_cdecl='sed -n -e '\''s/^T .* \(.*\)$/extern int \1();/p'\'' -e '\''s/^[ABCDGIRSTW][ABCDGIRSTW]* .* \(.*\)$/extern char \1;/p'\'''
lt_cv_sys_global_symbol_to_import=
lt_cv_sys_max_cmd_len=1572864
lt_cv_to_host_file_cmd=func_convert_file_noop
lt_cv_to_tool_file_cmd=func_convert_file_noop
lt_cv_truncate_bin='/usr/bin/dd bs=4096 count=1'
xiph_cv_c_compiler_clang=no

## ----------------- ##
## Output variables. ##
## ----------------- ##

ACLOCAL='${SHELL} /mnt/d/audio_decoder/flac/flac-1.3.3/missing aclocal-1.16'
AMDEPBACKSLASH='\'
AMDEP_FALSE='#'
AMDEP_TRUE=''
AMTAR='$${TAR-tar}'
AM_BACKSLASH='\'
AM_DEFAULT_V='$(AM_DEFAULT_VERBOSITY)'
AM_DEFAULT_VERBOSITY='0'
AM_V='$(V)'
AR='ar'
AS='as'
AUTOCONF='${SHELL} /mnt/d/audio_decoder/flac/flac-1.3.3/missing autoconf'
AUTOHEADER='${SHELL} /mnt/d/audio_decoder/flac/flac-1.3.3/missing autoheader'
AUTOMAKE='${SHELL} /mnt/d/audio_decoder/flac/flac-1.3.3/missing automake-1.16'
AWK='gawk'
CC='gcc'
CCAS='gcc'
CCASDEPMODE='depmode=gcc3'
CCASFLAGS=''
CCDEPMODE='depmode=gcc3'
CFLAGS='-O3 -funroll-loops -Wall -Wextra -Wstrict-prototypes -Wmissing-prototypes -Waggregate-return -Wcast-align -Wnested-externs -Wshadow -Wundef -Wmissing-declarations -Winline  -Wdeclaration-after-statement -fvisibility=hidden -msse2'
CPP='gcc -E'
CPPFLAGS=' -DFLAC__USE_VISIBILITY_ATTR'
CXX='g++'
CXXCPP='g++ -E'
CXXDEPMODE='depmode=gcc3'
CXXFLAGS=' -Wall -Wextra -Wcast-align -Wshadow -Wwrite-strings -Wctor-dtor-privacy -Wnon-virtual-dtor -Wreorder -Wsign-promo -Wundef  -Weffc++ -fvisibility=hidden'
CYGPATH_W='echo'
DEBUG_FALSE=''
DEBUG_TRUE='#'
DEFS='-DHAVE_CONFIG_H'
DEPDIR='.deps'
DLLTOOL='false'
DOCBOOK_TO_MAN=''
DOXYGEN=''
DSYMUTIL=''
DUMPBIN=''
ECHO_C=''
ECHO_N='-n'
ECHO_T=''
EGREP='/usr/bin/grep -E'
ENABLE_64_BIT_WORDS=''
EXAMPLES_FALSE='#'
EXAMPLES_TRUE=''
EXEEXT=''
FGREP='/usr/bin/grep -F'
FLAC__CPU_X86_64_FALSE='#'
FLAC__CPU_X86_64_TRUE=''
FLAC__HAS_OGG='1'
FLAC__TEST_LEVEL='1'
FLAC__TEST_WITH_VALGRIND='no'
FLaC__CPU_IA32_FALSE=''
FLaC__CPU_IA32_TRUE='#'
FLaC__CPU_PPC64_FALSE=''
FLaC__CPU_PPC64_TRUE='#'
FLaC__CPU_PPC_FALSE=''
FLaC__CPU_PPC_TRUE='#'
FLaC__CPU_SPARC_FALSE=''
FLaC__CPU_SPARC_TRUE='#'
FLaC__HAS_DOCBOOK_TO_MAN_FALSE=''
FLaC__HAS_DOCBOOK_TO_MAN_TRUE='#'
FLaC__HAS_DOXYGEN_FALSE=''
FLaC__HAS_DOXYGEN_TRUE='#'
FLaC__HAS_NASM_FALSE=''
FLaC__HAS_NASM_TRUE='#'
FLaC__HAS_OGG_FALSE='#'
FLaC__HAS_OGG_TRUE=''
FLaC__HAS_XMMS_FALSE=''
FLaC__HAS_XMMS_TRUE='#'
FLaC__INSTALL_XMMS_PLUGIN_LOCALLY_FALSE=''
FLaC__INSTALL_XMMS_PLUGIN_LOCALLY_TRUE='#'
FLaC__NO_ASM_FALSE=''
FLaC__NO_ASM_TRUE='#'
FLaC__SYS_DARWIN_FALSE=''
FLaC__SYS_DARWIN_TRUE='#'
FLaC__SYS_LINUX_FALSE='#'
FLaC__SYS_LINUX_TRUE=''
FLaC__USE_ALTIVEC_FALSE='#'
FLaC__USE_ALTIVEC_TRUE=''
FLaC__USE_AVX_FALSE='#'
FLaC__USE_AVX_TRUE=''
FLaC__USE_VSX_FALSE='#'
FLaC__USE_VSX_TRUE=''
FLaC__WITH_CPPLIBS_FALSE='#'
FLaC__WITH_CPPLIBS_TRUE=''
GCC_MAJOR_VERSION='9'
GCC_MINOR_VERSION='9'
GCC_VERSION='9'
GREP='/usr/bin/grep'
INSTALL_DATA='${INSTALL} -m 644'
INSTALL_PROGRAM='${INSTALL}'
INSTALL_SCRIPT='${INSTALL}'
INSTALL_STRIP_PROGRAM='$(install_sh) -c -s'
LD='/usr/bin/ld -m elf_x86_64'
LDFLAGS=''
LIBICONV=''
LIBOBJS=''
LIBS='-lm '
LIBTOOL='$(SHELL) $(top_builddir)/libtool'
LIB_CLOCK_GETTIME='-lrt'
LIPO=''
LN_S='ln -s'
LTLIBICONV=''
LTLIBOBJS=''
LT_SYS_LIBRARY_PATH=''
MAKEINFO='${SHELL} /mnt/d/audio_decoder/flac/flac-1.3.3/missing makeinfo'
MANIFEST_TOOL=':'
MKDIR_P='/usr/bin/mkdir -p'
NASM=''
NM='/usr/bin/nm -B'
NMEDIT=''
OBJDUMP='objdump'
OBJEXT='o'
OBJ_FORMAT='elf'
OGG_CFLAGS=''
OGG_LIBS=' -logg'
OGG_PACKAGE='ogg'
OS_IS_WINDOWS_FALSE=''
OS_IS_WINDOWS_TRUE='#'
OTOOL64=''
OTOOL=''
PACKAGE='flac'
PACKAGE_BUGREPORT='flac-dev@xiph.org'
PACKAGE_NAME='flac'
PACKAGE_STRING='flac 1.3.3'
PACKAGE_TARNAME='flac'
PACKAGE_URL='https://www.xiph.org/flac/'
PACKAGE_VERSION='1.3.3'
PATH_SEPARATOR=':'
RANLIB='ranlib'
SED='/usr/bin/sed'
SET_MAKE=''
SHELL='/bin/bash'
STRIP='strip'
VERSION='1.3.3'
XMMS_CFLAGS=''
XMMS_CONFIG='no'
XMMS_DATA_DIR=''
XMMS_EFFECT_PLUGIN_DIR=''
XMMS_GENERAL_PLUGIN_DIR=''
XMMS_INPUT_PLUGIN_DIR=''
XMMS_LIBS=''
XMMS_OUTPUT_PLUGIN_DIR=''
XMMS_PLUGIN_DIR=''
XMMS_VERSION=''
XMMS_VISUALIZATION_PLUGIN_DIR=''
ac_ct_AR='ar'
ac_ct_CC='gcc'
ac_ct_CXX='g++'
ac_ct_DUMPBIN=''
am__EXEEXT_FALSE=''
am__EXEEXT_TRUE='#'
am__fastdepCCAS_FALSE='#'
am__fastdepCCAS_TRUE=''
am__fastdepCC_FALSE='#'
am__fastdepCC_TRUE=''
am__fastdepCXX_FALSE='#'
am__fastdepCXX_TRUE=''
am__include='include'
am__isrc=''
am__leading_dot='.'
am__nodep='_no'
am__quote=''
am__tar='tar --format=posix -chf - "$$tardir"'
am__untar='tar -xf -'
bindir='${exec_prefix}/bin'
build='x86_64-pc-linux-gnu'
build_alias=''
build_cpu='x86_64'
build_os='linux-gnu'
build_vendor='pc'
datadir='${datarootdir}'
datarootdir='${prefix}/share'
docdir='${datarootdir}/doc/${PACKAGE_TARNAME}'
dvidir='${docdir}'
exec_prefix='${prefix}'
host='x86_64-pc-linux-gnu'
host_alias=''
host_cpu='x86_64'
host_os='linux-gnu'
host_vendor='pc'
htmldir='${docdir}'
includedir='${prefix}/include'
infodir='${datarootdir}/info'
install_sh='${SHELL} /mnt/d/audio_decoder/flac/flac-1.3.3/install-sh'
libdir='${exec_prefix}/lib'
libexecdir='${exec_prefix}/libexec'
localedir='${datarootdir}/locale'
localstatedir='${prefix}/var'
mandir='${datarootdir}/man'
mkdir_p='$(MKDIR_P)'
oldincludedir='/usr/include'
pdfdir='${docdir}'
prefix='/usr/local'
program_transform_name='s,x,x,'
psdir='${docdir}'
runstatedir='${localstatedir}/run'
sbindir='${exec_prefix}/sbin'
sharedstatedir='${prefix}/com'
sysconfdir='${prefix}/etc'
target_alias=''

## ----------- ##
## confdefs.h. ##
## ----------- ##

/* confdefs.h */
#define PACKAGE_NAME "flac"
#define PACKAGE_TARNAME "flac"
#define PACKAGE_VERSION "1.3.3"
#define PACKAGE_STRING "flac 1.3.3"
#define PACKAGE_BUGREPORT "flac-dev@xiph.org"
#define PACKAGE_URL "https://www.xiph.org/flac/"
#define PACKAGE "flac"
#define VERSION "1.3.3"
#define NDEBUG /**/
#define STDC_HEADERS 1
#define HAVE_SYS_TYPES_H 1
#define HAVE_SYS_STAT_H 1
#define HAVE_STDLIB_H 1
#define HAVE_STRING_H 1
#define HAVE_MEMORY_H 1
#define HAVE_STRINGS_H 1
#define HAVE_INTTYPES_H 1
#define HAVE_STDINT_H 1
#define HAVE_UNISTD_H 1
#define __EXTENSIONS__ 1
#define _ALL_SOURCE 1
#define _GNU_SOURCE 1
#define _POSIX_PTHREAD_SEMANTICS 1
#define _TANDEM_SOURCE 1
#define HAVE_DLFCN_H 1
#define LT_OBJDIR ".libs/"
#define HAVE_FSEEKO 1
#define SIZEOF_OFF_T 8
#define SIZEOF_VOIDP 8
#define HAVE_LROUND 1
#define HAVE_C_VARARRAYS 1
#define HAVE_CXX_VARARRAYS 1
#define STDC_HEADERS 1
#define HAVE_C_VARARRAYS 1
#define HAVE_TYPEOF 1
#define HAVE_STDINT_H 1
#define HAVE_INTTYPES_H 1
#define HAVE_BYTESWAP_H 1
#define HAVE_SYS_PARAM_H 1
#define HAVE_SYS_IOCTL_H 1
#define HAVE_TERMIOS_H 1
#define HAVE_X86INTRIN_H 1
#define HAVE_CPUID_H 1
#define HAVE_BSWAP32 1
#define HAVE_BSWAP16 1
#define CPU_IS_BIG_ENDIAN 0
#define CPU_IS_LITTLE_ENDIAN 1
#define WORDS_BIGENDIAN 0
#define HAVE_SOCKLEN_T 1
#define HAVE_GETOPT_LONG 1
#define SIZEOF_VOIDP 8
#define FLAC__CPU_X86_64 1
#define FLAC__HAS_X86INTRIN 1
#define FLAC__SYS_LINUX 1
#define FLAC__ALIGN_MALLOC_DATA 1
#define FLAC__USE_ALTIVEC 1
#define FLAC__USE_VSX 1
#define FLAC__USE_AVX 1
#define ENABLE_64_BIT_WORDS 0
#define FLAC__HAS_OGG 1
#define HAVE_ICONV 1
#define ICONV_CONST 
#define HAVE_LANGINFO_CODESET 1
#define HAVE_CLOCK_GETTIME 1

configure: exit 0
