This file contains any messages produced by compilers while
running configure, to aid debugging if configure makes a mistake.

It was created by faad2 configure 2.10.1, which was
generated by GNU Autoconf 2.69.  Invocation command line was

  $ ./configure --with-mp4v2

## --------- ##
## Platform. ##
## --------- ##

hostname = cn0756PCXD
uname -m = x86_64
uname -r = 4.4.0-19041-Microsoft
uname -s = Linux
uname -v = #1237-Microsoft Sat Sep 11 14:32:00 PST 2021

/usr/bin/uname -p = x86_64
/bin/uname -X     = unknown

/bin/arch              = x86_64
/usr/bin/arch -k       = unknown
/usr/convex/getsysinfo = unknown
/usr/bin/hostinfo      = unknown
/bin/machine           = unknown
/usr/bin/oslevel       = unknown
/bin/universe          = unknown

PATH: /usr/local/sbin
PATH: /usr/local/bin
PATH: /usr/sbin
PATH: /usr/bin
PATH: /sbin
PATH: /bin
PATH: /usr/games
PATH: /usr/local/games
PATH: /mnt/e/software/cmder_mini/bin
PATH: /mnt/e/software/cmder_mini/vendor/bin
PATH: /mnt/e/software/cmder_mini/vendor/conemu-maximus5/ConEmu/Scripts
PATH: /mnt/e/software/cmder_mini/vendor/conemu-maximus5
PATH: /mnt/e/software/cmder_mini/vendor/conemu-maximus5/ConEmu
PATH: /mnt/e/Program Files/VMware/VMware Workstation/bin/
PATH: /mnt/c/Windows/system32
PATH: /mnt/c/Windows
PATH: /mnt/c/Windows/System32/Wbem
PATH: /mnt/c/Windows/System32/WindowsPowerShell/v1.0/
PATH: /mnt/c/Windows/System32/OpenSSH/
PATH: /mnt/c/Program Files (x86)/Montage-tech/MontageDebugger/bin
PATH: /mnt/c/Program Files (x86)/Montage-tech/Brolga/codeblocks
PATH: /mnt/c/Program Files (x86)/Microsoft SQL Server/90/Tools/binn/
PATH: /mnt/c/Program Files/dotnet/
PATH: /mnt/e/Program Files/微信web开发者工具/dll
PATH: /mnt/c/Program Files/TortoiseHg/
PATH: /mnt/c/Users/ahzhao/AppData/Local/Microsoft/WindowsApps
PATH: /mnt/c/Users/ahzhao/.dotnet/tools
PATH: /mnt/c/Program Files (x86)/Montage-tech/Brolga/codeblocks/
PATH: /mnt/c/Program Files (x86)/Montage-tech/Brolga/msys/1.0/local/
PATH: /mnt/e/Program Files/Microsoft VS Code/bin
PATH: /mnt/e/software/cmder_mini
PATH: /snap/bin


## ----------- ##
## Core tests. ##
## ----------- ##

configure:2465: checking for a BSD-compatible install
configure:2533: result: /usr/bin/install -c
configure:2544: checking whether build environment is sane
configure:2599: result: yes
configure:2748: checking for a thread-safe mkdir -p
configure:2787: result: /usr/bin/mkdir -p
configure:2794: checking for gawk
configure:2810: found /usr/bin/gawk
configure:2821: result: gawk
configure:2832: checking whether make sets $(MAKE)
configure:2854: result: yes
configure:2883: checking whether make supports nested variables
configure:2900: result: yes
configure:3056: checking build system type
configure:3070: result: x86_64-pc-linux-gnu
configure:3090: checking host system type
configure:3103: result: x86_64-pc-linux-gnu
configure:3144: checking how to print strings
configure:3171: result: printf
configure:3196: checking whether make supports the include directive
configure:3211: make -f confmf.GNU && cat confinc.out
this is the am__doit target
configure:3214: $? = 0
configure:3233: result: yes (GNU style)
configure:3303: checking for gcc
configure:3319: found /usr/bin/gcc
configure:3330: result: gcc
configure:3559: checking for C compiler version
configure:3568: gcc --version >&5
gcc (Ubuntu 9.3.0-17ubuntu1~20.04) 9.3.0
Copyright (C) 2019 Free Software Foundation, Inc.
This is free software; see the source for copying conditions.  There is NO
warranty; not even for MERCHANTABILITY or FITNESS FOR A PARTICULAR PURPOSE.

configure:3579: $? = 0
configure:3568: gcc -v >&5
Using built-in specs.
COLLECT_GCC=gcc
COLLECT_LTO_WRAPPER=/usr/lib/gcc/x86_64-linux-gnu/9/lto-wrapper
OFFLOAD_TARGET_NAMES=nvptx-none:hsa
OFFLOAD_TARGET_DEFAULT=1
Target: x86_64-linux-gnu
Configured with: ../src/configure -v --with-pkgversion='Ubuntu 9.3.0-17ubuntu1~20.04' --with-bugurl=file:///usr/share/doc/gcc-9/README.Bugs --enable-languages=c,ada,c++,go,brig,d,fortran,objc,obj-c++,gm2 --prefix=/usr --with-gcc-major-version-only --program-suffix=-9 --program-prefix=x86_64-linux-gnu- --enable-shared --enable-linker-build-id --libexecdir=/usr/lib --without-included-gettext --enable-threads=posix --libdir=/usr/lib --enable-nls --enable-clocale=gnu --enable-libstdcxx-debug --enable-libstdcxx-time=yes --with-default-libstdcxx-abi=new --enable-gnu-unique-object --disable-vtable-verify --enable-plugin --enable-default-pie --with-system-zlib --with-target-system-zlib=auto --enable-objc-gc=auto --enable-multiarch --disable-werror --with-arch-32=i686 --with-abi=m64 --with-multilib-list=m32,m64,mx32 --enable-multilib --with-tune=generic --enable-offload-targets=nvptx-none=/build/gcc-9-HskZEa/gcc-9-9.3.0/debian/tmp-nvptx/usr,hsa --without-cuda-driver --enable-checking=release --build=x86_64-linux-gnu --host=x86_64-linux-gnu --target=x86_64-linux-gnu
Thread model: posix
gcc version 9.3.0 (Ubuntu 9.3.0-17ubuntu1~20.04) 
configure:3579: $? = 0
configure:3568: gcc -V >&5
gcc: error: unrecognized command line option '-V'
gcc: fatal error: no input files
compilation terminated.
configure:3579: $? = 1
configure:3568: gcc -qversion >&5
gcc: error: unrecognized command line option '-qversion'; did you mean '--version'?
gcc: fatal error: no input files
compilation terminated.
configure:3579: $? = 1
configure:3599: checking whether the C compiler works
configure:3621: gcc    conftest.c  >&5
configure:3625: $? = 0
configure:3673: result: yes
configure:3676: checking for C compiler default output file name
configure:3678: result: a.out
configure:3684: checking for suffix of executables
configure:3691: gcc -o conftest    conftest.c  >&5
configure:3695: $? = 0
configure:3717: result: 
configure:3739: checking whether we are cross compiling
configure:3747: gcc -o conftest    conftest.c  >&5
configure:3751: $? = 0
configure:3758: ./conftest
configure:3762: $? = 0
configure:3750: result: no
configure:3755: checking for suffix of object files
configure:3777: gcc -c   conftest.c >&5
configure:3781: $? = 0
configure:3802: result: o
configure:3806: checking whether we are using the GNU C compiler
configure:3825: gcc -c   conftest.c >&5
configure:3825: $? = 0
configure:3834: result: yes
configure:3843: checking whether gcc accepts -g
configure:3863: gcc -c -g  conftest.c >&5
configure:3863: $? = 0
configure:3904: result: yes
configure:3921: checking for gcc option to accept ISO C89
configure:3984: gcc  -c -g -O2  conftest.c >&5
configure:3984: $? = 0
configure:3997: result: none needed
configure:4022: checking whether gcc understands -c and -o together
configure:4044: gcc -c conftest.c -o conftest2.o
configure:4047: $? = 0
configure:4044: gcc -c conftest.c -o conftest2.o
configure:4047: $? = 0
configure:4059: result: yes
configure:4078: checking dependency style of gcc
configure:4189: result: gcc3
configure:4204: checking for a sed that does not truncate output
configure:4268: result: /usr/bin/sed
configure:4286: checking for grep that handles long lines and -e
configure:4344: result: /usr/bin/grep
configure:4349: checking for egrep
configure:4411: result: /usr/bin/grep -E
configure:4416: checking for fgrep
configure:4478: result: /usr/bin/grep -F
configure:4513: checking for ld used by gcc
configure:4580: result: /usr/bin/ld
configure:4587: checking if the linker (/usr/bin/ld) is GNU ld
configure:4602: result: yes
configure:4614: checking for BSD- or MS-compatible name lister (nm)
configure:4668: result: /usr/bin/nm -B
configure:4798: checking the name lister (/usr/bin/nm -B) interface
configure:4805: gcc -c -g -O2  conftest.c >&5
configure:4808: /usr/bin/nm -B "conftest.o"
configure:4811: output
0000000000000000 B some_variable
configure:4812: result: BSD nm
configure:4815: checking whether ln -s works
configure:4819: result: yes
configure:4827: checking the maximum length of command line arguments
configure:4958: result: 1572864
configure:5006: checking how to convert x86_64-pc-linux-gnu file names to x86_64-pc-linux-gnu format
configure:5046: result: func_convert_file_noop
configure:5053: checking how to convert x86_64-pc-linux-gnu file names to toolchain format
configure:5073: result: func_convert_file_noop
configure:5080: checking for /usr/bin/ld option to reload object files
configure:5087: result: -r
configure:5161: checking for objdump
configure:5177: found /usr/bin/objdump
configure:5188: result: objdump
configure:5220: checking how to recognize dependent libraries
configure:5420: result: pass_all
configure:5505: checking for dlltool
configure:5535: result: no
configure:5565: checking how to associate runtime and link libraries
configure:5592: result: printf %s\n
configure:5653: checking for ar
configure:5669: found /usr/bin/ar
configure:5680: result: ar
configure:5717: checking for archiver @FILE support
configure:5734: gcc -c -g -O2  conftest.c >&5
configure:5734: $? = 0
configure:5737: ar cr libconftest.a @conftest.lst >&5
configure:5740: $? = 0
configure:5745: ar cr libconftest.a @conftest.lst >&5
ar: conftest.o: No such file or directory
configure:5748: $? = 1
configure:5747: result: @
configure:5805: checking for strip
configure:5821: found /usr/bin/strip
configure:5832: result: strip
configure:5904: checking for ranlib
configure:5920: found /usr/bin/ranlib
configure:5931: result: ranlib
configure:6033: checking command to parse /usr/bin/nm -B output from gcc object
configure:6186: gcc -c -g -O2  conftest.c >&5
configure:6189: $? = 0
configure:6193: /usr/bin/nm -B conftest.o | sed -n -e 's/^.*[	 ]\([ABCDGIRSTW][ABCDGIRSTW]*\)[	 ][	 ]*\([_A-Za-z][_A-Za-z0-9]*\)$/\1 \2 \2/p' | sed '/ __gnu_lto/d' > conftest.nm
configure:6259: gcc -o conftest -g -O2   conftest.c conftstm.o >&5
configure:6262: $? = 0
configure:6300: result: ok
configure:6347: checking for sysroot
configure:6377: result: no
configure:6384: checking for a working dd
configure:6422: result: /usr/bin/dd
configure:6426: checking how to truncate binary pipes
configure:6441: result: /usr/bin/dd bs=4096 count=1
configure:6577: gcc -c -g -O2  conftest.c >&5
configure:6580: $? = 0
configure:6770: checking for mt
configure:6786: found /usr/bin/mt
configure:6797: result: mt
configure:6820: checking if mt is a manifest tool
configure:6826: mt '-?'
configure:6834: result: no
configure:7511: checking how to run the C preprocessor
configure:7542: gcc -E  conftest.c
configure:7542: $? = 0
configure:7556: gcc -E  conftest.c
conftest.c:11:10: fatal error: ac_nonexistent.h: No such file or directory
   11 | #include <ac_nonexistent.h>
      |          ^~~~~~~~~~~~~~~~~~
compilation terminated.
configure:7556: $? = 1
configure: failed program was:
| /* confdefs.h */
| #define PACKAGE_NAME "faad2"
| #define PACKAGE_TARNAME "faad2"
| #define PACKAGE_VERSION "2.10.1"
| #define PACKAGE_STRING "faad2 2.10.1"
| #define PACKAGE_BUGREPORT ""
| #define PACKAGE_URL ""
| #define PACKAGE "faad2"
| #define VERSION "2.10.1"
| /* end confdefs.h.  */
| #include <ac_nonexistent.h>
configure:7581: result: gcc -E
configure:7601: gcc -E  conftest.c
configure:7601: $? = 0
configure:7615: gcc -E  conftest.c
conftest.c:11:10: fatal error: ac_nonexistent.h: No such file or directory
   11 | #include <ac_nonexistent.h>
      |          ^~~~~~~~~~~~~~~~~~
compilation terminated.
configure:7615: $? = 1
configure: failed program was:
| /* confdefs.h */
| #define PACKAGE_NAME "faad2"
| #define PACKAGE_TARNAME "faad2"
| #define PACKAGE_VERSION "2.10.1"
| #define PACKAGE_STRING "faad2 2.10.1"
| #define PACKAGE_BUGREPORT ""
| #define PACKAGE_URL ""
| #define PACKAGE "faad2"
| #define VERSION "2.10.1"
| /* end confdefs.h.  */
| #include <ac_nonexistent.h>
configure:7644: checking for ANSI C header files
configure:7664: gcc -c -g -O2  conftest.c >&5
configure:7664: $? = 0
configure:7737: gcc -o conftest -g -O2   conftest.c  >&5
configure:7737: $? = 0
configure:7737: ./conftest
configure:7737: $? = 0
configure:7748: result: yes
configure:7761: checking for sys/types.h
configure:7761: gcc -c -g -O2  conftest.c >&5
configure:7761: $? = 0
configure:7761: result: yes
configure:7761: checking for sys/stat.h
configure:7761: gcc -c -g -O2  conftest.c >&5
configure:7761: $? = 0
configure:7761: result: yes
configure:7761: checking for stdlib.h
configure:7761: gcc -c -g -O2  conftest.c >&5
configure:7761: $? = 0
configure:7761: result: yes
configure:7761: checking for string.h
configure:7761: gcc -c -g -O2  conftest.c >&5
configure:7761: $? = 0
configure:7761: result: yes
configure:7761: checking for memory.h
configure:7761: gcc -c -g -O2  conftest.c >&5
configure:7761: $? = 0
configure:7761: result: yes
configure:7761: checking for strings.h
configure:7761: gcc -c -g -O2  conftest.c >&5
configure:7761: $? = 0
configure:7761: result: yes
configure:7761: checking for inttypes.h
configure:7761: gcc -c -g -O2  conftest.c >&5
configure:7761: $? = 0
configure:7761: result: yes
configure:7761: checking for stdint.h
configure:7761: gcc -c -g -O2  conftest.c >&5
configure:7761: $? = 0
configure:7761: result: yes
configure:7761: checking for unistd.h
configure:7761: gcc -c -g -O2  conftest.c >&5
configure:7761: $? = 0
configure:7761: result: yes
configure:7775: checking for dlfcn.h
configure:7775: gcc -c -g -O2  conftest.c >&5
configure:7775: $? = 0
configure:7775: result: yes
configure:8031: checking for objdir
configure:8046: result: .libs
configure:8306: checking if gcc supports -fno-rtti -fno-exceptions
configure:8324: gcc -c -g -O2  -fno-rtti -fno-exceptions conftest.c >&5
cc1: warning: command line option '-fno-rtti' is valid for C++/D/ObjC++ but not for C
configure:8328: $? = 0
configure:8341: result: no
configure:8705: checking for gcc option to produce PIC
configure:8712: result: -fPIC -DPIC
configure:8720: checking if gcc PIC flag -fPIC -DPIC works
configure:8738: gcc -c -g -O2  -fPIC -DPIC -DPIC conftest.c >&5
configure:8742: $? = 0
configure:8755: result: yes
configure:8784: checking if gcc static flag -static works
configure:8812: result: yes
configure:8827: checking if gcc supports -c -o file.o
configure:8848: gcc -c -g -O2  -o out/conftest2.o conftest.c >&5
configure:8852: $? = 0
configure:8874: result: yes
configure:8882: checking if gcc supports -c -o file.o
configure:8929: result: yes
configure:8962: checking whether the gcc linker (/usr/bin/ld -m elf_x86_64) supports shared libraries
configure:10225: result: yes
configure:10262: checking whether -lc should be explicitly linked in
configure:10270: gcc -c -g -O2  conftest.c >&5
configure:10273: $? = 0
configure:10288: gcc -shared  -fPIC -DPIC conftest.o  -v -Wl,-soname -Wl,conftest -o conftest 2\>\&1 \| /usr/bin/grep  -lc  \>/dev/null 2\>\&1
configure:10291: $? = 0
configure:10305: result: no
configure:10465: checking dynamic linker characteristics
configure:11046: gcc -o conftest -g -O2   -Wl,-rpath -Wl,/foo conftest.c  >&5
configure:11046: $? = 0
configure:11295: result: GNU/Linux ld.so
configure:11417: checking how to hardcode library paths into programs
configure:11442: result: immediate
configure:11990: checking whether stripping libraries is possible
configure:11995: result: yes
configure:12030: checking if libtool supports shared libraries
configure:12032: result: yes
configure:12035: checking whether to build shared libraries
configure:12060: result: yes
configure:12063: checking whether to build static libraries
configure:12067: result: yes
configure:8930: checking for gcc
configure:8957: result: gcc
configure:9186: checking for C compiler version
configure:9195: gcc --version >&5
gcc (Ubuntu 9.3.0-17ubuntu1~20.04) 9.3.0
Copyright (C) 2019 Free Software Foundation, Inc.
This is free software; see the source for copying conditions.  There is NO
warranty; not even for MERCHANTABILITY or FITNESS FOR A PARTICULAR PURPOSE.

configure:9206: $? = 0
configure:9195: gcc -v >&5
Using built-in specs.
COLLECT_GCC=gcc
COLLECT_LTO_WRAPPER=/usr/lib/gcc/x86_64-linux-gnu/9/lto-wrapper
OFFLOAD_TARGET_NAMES=nvptx-none:hsa
OFFLOAD_TARGET_DEFAULT=1
Target: x86_64-linux-gnu
Configured with: ../src/configure -v --with-pkgversion='Ubuntu 9.3.0-17ubuntu1~20.04' --with-bugurl=file:///usr/share/doc/gcc-9/README.Bugs --enable-languages=c,ada,c++,go,brig,d,fortran,objc,obj-c++,gm2 --prefix=/usr --with-gcc-major-version-only --program-suffix=-9 --program-prefix=x86_64-linux-gnu- --enable-shared --enable-linker-build-id --libexecdir=/usr/lib --without-included-gettext --enable-threads=posix --libdir=/usr/lib --enable-nls --enable-clocale=gnu --enable-libstdcxx-debug --enable-libstdcxx-time=yes --with-default-libstdcxx-abi=new --enable-gnu-unique-object --disable-vtable-verify --enable-plugin --enable-default-pie --with-system-zlib --with-target-system-zlib=auto --enable-objc-gc=auto --enable-multiarch --disable-werror --with-arch-32=i686 --with-abi=m64 --with-multilib-list=m32,m64,mx32 --enable-multilib --with-tune=generic --enable-offload-targets=nvptx-none=/build/gcc-9-HskZEa/gcc-9-9.3.0/debian/tmp-nvptx/usr,hsa --without-cuda-driver --enable-checking=release --build=x86_64-linux-gnu --host=x86_64-linux-gnu --target=x86_64-linux-gnu
Thread model: posix
gcc version 9.3.0 (Ubuntu 9.3.0-17ubuntu1~20.04) 
configure:9206: $? = 0
configure:9195: gcc -V >&5
gcc: error: unrecognized command line option '-V'
gcc: fatal error: no input files
compilation terminated.
configure:9206: $? = 1
configure:9195: gcc -qversion >&5
gcc: error: unrecognized command line option '-qversion'; did you mean '--version'?
gcc: fatal error: no input files
compilation terminated.
configure:9206: $? = 1
configure:9210: checking whether we are using the GNU C compiler
configure:9238: result: yes
configure:9247: checking whether gcc accepts -g
configure:9308: result: yes
configure:9325: checking for gcc option to accept ISO C89
configure:9401: result: none needed
configure:9426: checking whether gcc understands -c and -o together
configure:9463: result: yes
configure:9482: checking dependency style of gcc
configure:9593: result: gcc3
configure:9614: checking how to run the C preprocessor
configure:9684: result: gcc -E
configure:9704: gcc -E  conftest.c
configure:9704: $? = 0
configure:9718: gcc -E  conftest.c
conftest.c:23:10: fatal error: ac_nonexistent.h: No such file or directory
   23 | #include <ac_nonexistent.h>
      |          ^~~~~~~~~~~~~~~~~~
compilation terminated.
configure:9718: $? = 1
configure: failed program was:
| /* confdefs.h */
| #define PACKAGE_NAME "faad2"
| #define PACKAGE_TARNAME "faad2"
| #define PACKAGE_VERSION "2.10.1"
| #define PACKAGE_STRING "faad2 2.10.1"
| #define PACKAGE_BUGREPORT ""
| #define PACKAGE_URL ""
| #define PACKAGE "faad2"
| #define VERSION "2.10.1"
| #define STDC_HEADERS 1
| #define HAVE_SYS_TYPES_H 1
| #define HAVE_SYS_STAT_H 1
| #define HAVE_STDLIB_H 1
| #define HAVE_STRING_H 1
| #define HAVE_MEMORY_H 1
| #define HAVE_STRINGS_H 1
| #define HAVE_INTTYPES_H 1
| #define HAVE_STDINT_H 1
| #define HAVE_UNISTD_H 1
| #define HAVE_DLFCN_H 1
| #define LT_OBJDIR ".libs/"
| /* end confdefs.h.  */
| #include <ac_nonexistent.h>
configure:9804: checking for g++
configure:9820: found /usr/bin/g++
configure:9831: result: g++
configure:9858: checking for C++ compiler version
configure:9867: g++ --version >&5
g++ (Ubuntu 9.3.0-17ubuntu1~20.04) 9.3.0
Copyright (C) 2019 Free Software Foundation, Inc.
This is free software; see the source for copying conditions.  There is NO
warranty; not even for MERCHANTABILITY or FITNESS FOR A PARTICULAR PURPOSE.

configure:9878: $? = 0
configure:9867: g++ -v >&5
Using built-in specs.
COLLECT_GCC=g++
COLLECT_LTO_WRAPPER=/usr/lib/gcc/x86_64-linux-gnu/9/lto-wrapper
OFFLOAD_TARGET_NAMES=nvptx-none:hsa
OFFLOAD_TARGET_DEFAULT=1
Target: x86_64-linux-gnu
Configured with: ../src/configure -v --with-pkgversion='Ubuntu 9.3.0-17ubuntu1~20.04' --with-bugurl=file:///usr/share/doc/gcc-9/README.Bugs --enable-languages=c,ada,c++,go,brig,d,fortran,objc,obj-c++,gm2 --prefix=/usr --with-gcc-major-version-only --program-suffix=-9 --program-prefix=x86_64-linux-gnu- --enable-shared --enable-linker-build-id --libexecdir=/usr/lib --without-included-gettext --enable-threads=posix --libdir=/usr/lib --enable-nls --enable-clocale=gnu --enable-libstdcxx-debug --enable-libstdcxx-time=yes --with-default-libstdcxx-abi=new --enable-gnu-unique-object --disable-vtable-verify --enable-plugin --enable-default-pie --with-system-zlib --with-target-system-zlib=auto --enable-objc-gc=auto --enable-multiarch --disable-werror --with-arch-32=i686 --with-abi=m64 --with-multilib-list=m32,m64,mx32 --enable-multilib --with-tune=generic --enable-offload-targets=nvptx-none=/build/gcc-9-HskZEa/gcc-9-9.3.0/debian/tmp-nvptx/usr,hsa --without-cuda-driver --enable-checking=release --build=x86_64-linux-gnu --host=x86_64-linux-gnu --target=x86_64-linux-gnu
Thread model: posix
gcc version 9.3.0 (Ubuntu 9.3.0-17ubuntu1~20.04) 
configure:9878: $? = 0
configure:9867: g++ -V >&5
g++: error: unrecognized command line option '-V'
g++: fatal error: no input files
compilation terminated.
configure:9878: $? = 1
configure:9867: g++ -qversion >&5
g++: error: unrecognized command line option '-qversion'; did you mean '--version'?
g++: fatal error: no input files
compilation terminated.
configure:9878: $? = 1
configure:9882: checking whether we are using the GNU C++ compiler
configure:9901: g++ -c   conftest.cpp >&5
configure:9901: $? = 0
configure:9910: result: yes
configure:9919: checking whether g++ accepts -g
configure:9939: g++ -c -g  conftest.cpp >&5
configure:9939: $? = 0
configure:9980: result: yes
configure:10005: checking dependency style of g++
configure:10116: result: gcc3
configure:10149: checking how to run the C++ preprocessor
configure:10176: g++ -E  conftest.cpp
configure:10176: $? = 0
configure:10190: g++ -E  conftest.cpp
conftest.cpp:23:10: fatal error: ac_nonexistent.h: No such file or directory
   23 | #include <ac_nonexistent.h>
      |          ^~~~~~~~~~~~~~~~~~
compilation terminated.
configure:10190: $? = 1
configure: failed program was:
| /* confdefs.h */
| #define PACKAGE_NAME "faad2"
| #define PACKAGE_TARNAME "faad2"
| #define PACKAGE_VERSION "2.10.1"
| #define PACKAGE_STRING "faad2 2.10.1"
| #define PACKAGE_BUGREPORT ""
| #define PACKAGE_URL ""
| #define PACKAGE "faad2"
| #define VERSION "2.10.1"
| #define STDC_HEADERS 1
| #define HAVE_SYS_TYPES_H 1
| #define HAVE_SYS_STAT_H 1
| #define HAVE_STDLIB_H 1
| #define HAVE_STRING_H 1
| #define HAVE_MEMORY_H 1
| #define HAVE_STRINGS_H 1
| #define HAVE_INTTYPES_H 1
| #define HAVE_STDINT_H 1
| #define HAVE_UNISTD_H 1
| #define HAVE_DLFCN_H 1
| #define LT_OBJDIR ".libs/"
| /* end confdefs.h.  */
| #include <ac_nonexistent.h>
configure:10215: result: g++ -E
configure:10235: g++ -E  conftest.cpp
configure:10235: $? = 0
configure:10249: g++ -E  conftest.cpp
conftest.cpp:23:10: fatal error: ac_nonexistent.h: No such file or directory
   23 | #include <ac_nonexistent.h>
      |          ^~~~~~~~~~~~~~~~~~
compilation terminated.
configure:10249: $? = 1
configure: failed program was:
| /* confdefs.h */
| #define PACKAGE_NAME "faad2"
| #define PACKAGE_TARNAME "faad2"
| #define PACKAGE_VERSION "2.10.1"
| #define PACKAGE_STRING "faad2 2.10.1"
| #define PACKAGE_BUGREPORT ""
| #define PACKAGE_URL ""
| #define PACKAGE "faad2"
| #define VERSION "2.10.1"
| #define STDC_HEADERS 1
| #define HAVE_SYS_TYPES_H 1
| #define HAVE_SYS_STAT_H 1
| #define HAVE_STDLIB_H 1
| #define HAVE_STRING_H 1
| #define HAVE_MEMORY_H 1
| #define HAVE_STRINGS_H 1
| #define HAVE_INTTYPES_H 1
| #define HAVE_STDINT_H 1
| #define HAVE_UNISTD_H 1
| #define HAVE_DLFCN_H 1
| #define LT_OBJDIR ".libs/"
| /* end confdefs.h.  */
| #include <ac_nonexistent.h>
configure:10411: checking for ld used by g++
configure:10478: result: /usr/bin/ld -m elf_x86_64
configure:10485: checking if the linker (/usr/bin/ld -m elf_x86_64) is GNU ld
configure:10500: result: yes
configure:10555: checking whether the g++ linker (/usr/bin/ld -m elf_x86_64) supports shared libraries
configure:11628: result: yes
configure:11664: g++ -c -g -O2  conftest.cpp >&5
configure:11667: $? = 0
configure:12148: checking for g++ option to produce PIC
configure:12155: result: -fPIC -DPIC
configure:12163: checking if g++ PIC flag -fPIC -DPIC works
configure:12181: g++ -c -g -O2  -fPIC -DPIC -DPIC conftest.cpp >&5
configure:12185: $? = 0
configure:12198: result: yes
configure:12221: checking if g++ static flag -static works
configure:12249: result: yes
configure:12261: checking if g++ supports -c -o file.o
configure:12282: g++ -c -g -O2  -o out/conftest2.o conftest.cpp >&5
configure:12286: $? = 0
configure:12308: result: yes
configure:12313: checking if g++ supports -c -o file.o
configure:12360: result: yes
configure:12390: checking whether the g++ linker (/usr/bin/ld -m elf_x86_64) supports shared libraries
configure:12433: result: yes
configure:12574: checking dynamic linker characteristics
configure:13331: result: GNU/Linux ld.so
configure:13396: checking how to hardcode library paths into programs
configure:13421: result: immediate
configure:12293: checking whether ln -s works
configure:12297: result: yes
configure:12304: checking whether make sets $(MAKE)
configure:12326: result: yes
configure:12339: checking for rpmbuild
configure:12369: result: no
configure:12418: checking for ANSI C header files
configure:12522: result: yes
configure:12533: checking for stdint.h
configure:12533: result: yes
configure:12533: checking for inttypes.h
configure:12533: result: yes
configure:12545: checking mathf.h usability
configure:12545: gcc -c -g -O2  conftest.c >&5
conftest.c:59:10: fatal error: mathf.h: No such file or directory
   59 | #include <mathf.h>
      |          ^~~~~~~~~
compilation terminated.
configure:12545: $? = 1
configure: failed program was:
| /* confdefs.h */
| #define PACKAGE_NAME "faad2"
| #define PACKAGE_TARNAME "faad2"
| #define PACKAGE_VERSION "2.10.1"
| #define PACKAGE_STRING "faad2 2.10.1"
| #define PACKAGE_BUGREPORT ""
| #define PACKAGE_URL ""
| #define PACKAGE "faad2"
| #define VERSION "2.10.1"
| #define STDC_HEADERS 1
| #define HAVE_SYS_TYPES_H 1
| #define HAVE_SYS_STAT_H 1
| #define HAVE_STDLIB_H 1
| #define HAVE_STRING_H 1
| #define HAVE_MEMORY_H 1
| #define HAVE_STRINGS_H 1
| #define HAVE_INTTYPES_H 1
| #define HAVE_STDINT_H 1
| #define HAVE_UNISTD_H 1
| #define HAVE_DLFCN_H 1
| #define LT_OBJDIR ".libs/"
| #define STDC_HEADERS 1
| #define HAVE_STDINT_H 1
| #define HAVE_INTTYPES_H 1
| /* end confdefs.h.  */
| #include <stdio.h>
| #ifdef HAVE_SYS_TYPES_H
| # include <sys/types.h>
| #endif
| #ifdef HAVE_SYS_STAT_H
| # include <sys/stat.h>
| #endif
| #ifdef STDC_HEADERS
| # include <stdlib.h>
| # include <stddef.h>
| #else
| # ifdef HAVE_STDLIB_H
| #  include <stdlib.h>
| # endif
| #endif
| #ifdef HAVE_STRING_H
| # if !defined STDC_HEADERS && defined HAVE_MEMORY_H
| #  include <memory.h>
| # endif
| # include <string.h>
| #endif
| #ifdef HAVE_STRINGS_H
| # include <strings.h>
| #endif
| #ifdef HAVE_INTTYPES_H
| # include <inttypes.h>
| #endif
| #ifdef HAVE_STDINT_H
| # include <stdint.h>
| #endif
| #ifdef HAVE_UNISTD_H
| # include <unistd.h>
| #endif
| #include <mathf.h>
configure:12545: result: no
configure:12545: checking mathf.h presence
configure:12545: gcc -E  conftest.c
conftest.c:26:10: fatal error: mathf.h: No such file or directory
   26 | #include <mathf.h>
      |          ^~~~~~~~~
compilation terminated.
configure:12545: $? = 1
configure: failed program was:
| /* confdefs.h */
| #define PACKAGE_NAME "faad2"
| #define PACKAGE_TARNAME "faad2"
| #define PACKAGE_VERSION "2.10.1"
| #define PACKAGE_STRING "faad2 2.10.1"
| #define PACKAGE_BUGREPORT ""
| #define PACKAGE_URL ""
| #define PACKAGE "faad2"
| #define VERSION "2.10.1"
| #define STDC_HEADERS 1
| #define HAVE_SYS_TYPES_H 1
| #define HAVE_SYS_STAT_H 1
| #define HAVE_STDLIB_H 1
| #define HAVE_STRING_H 1
| #define HAVE_MEMORY_H 1
| #define HAVE_STRINGS_H 1
| #define HAVE_INTTYPES_H 1
| #define HAVE_STDINT_H 1
| #define HAVE_UNISTD_H 1
| #define HAVE_DLFCN_H 1
| #define LT_OBJDIR ".libs/"
| #define STDC_HEADERS 1
| #define HAVE_STDINT_H 1
| #define HAVE_INTTYPES_H 1
| /* end confdefs.h.  */
| #include <mathf.h>
configure:12545: result: no
configure:12545: checking for mathf.h
configure:12545: result: no
configure:12557: checking float.h usability
configure:12557: gcc -c -g -O2  conftest.c >&5
configure:12557: $? = 0
configure:12557: result: yes
configure:12557: checking float.h presence
configure:12557: gcc -E  conftest.c
configure:12557: $? = 0
configure:12557: result: yes
configure:12557: checking for float.h
configure:12557: result: yes
configure:12570: checking for strchr
configure:12570: gcc -o conftest -g -O2   conftest.c  >&5
conftest.c:50:6: warning: conflicting types for built-in function 'strchr'; expected 'char *(const char *, int)' [-Wbuiltin-declaration-mismatch]
   50 | char strchr ();
      |      ^~~~~~
conftest.c:38:1: note: 'strchr' is declared in header '<string.h>'
   37 | # include <limits.h>
   38 | #else
configure:12570: $? = 0
configure:12570: result: yes
configure:12570: checking for memcpy
configure:12570: gcc -o conftest -g -O2   conftest.c  >&5
conftest.c:51:6: warning: conflicting types for built-in function 'memcpy'; expected 'void *(void *, const void *, long unsigned int)' [-Wbuiltin-declaration-mismatch]
   51 | char memcpy ();
      |      ^~~~~~
conftest.c:39:1: note: 'memcpy' is declared in header '<string.h>'
   38 | # include <limits.h>
   39 | #else
configure:12570: $? = 0
configure:12570: result: yes
configure:12581: checking sys/time.h usability
configure:12581: gcc -c -g -O2  conftest.c >&5
configure:12581: $? = 0
configure:12581: result: yes
configure:12581: checking sys/time.h presence
configure:12581: gcc -E  conftest.c
configure:12581: $? = 0
configure:12581: result: yes
configure:12581: checking for sys/time.h
configure:12581: result: yes
configure:12591: checking whether time.h and sys/time.h may both be included
configure:12611: gcc -c -g -O2  conftest.c >&5
configure:12611: $? = 0
configure:12618: result: yes
configure:12630: checking errno.h usability
configure:12630: gcc -c -g -O2  conftest.c >&5
configure:12630: $? = 0
configure:12630: result: yes
configure:12630: checking errno.h presence
configure:12630: gcc -E  conftest.c
configure:12630: $? = 0
configure:12630: result: yes
configure:12630: checking for errno.h
configure:12630: result: yes
configure:12630: checking for sys/stat.h
configure:12630: result: yes
configure:12630: checking for sys/types.h
configure:12630: result: yes
configure:12630: checking limits.h usability
configure:12630: gcc -c -g -O2  conftest.c >&5
configure:12630: $? = 0
configure:12630: result: yes
configure:12630: checking limits.h presence
configure:12630: gcc -E  conftest.c
configure:12630: $? = 0
configure:12630: result: yes
configure:12630: checking for limits.h
configure:12630: result: yes
configure:12642: checking sysfs/libsysfs.h usability
configure:12642: gcc -c -g -O2  conftest.c >&5
conftest.c:68:10: fatal error: sysfs/libsysfs.h: No such file or directory
   68 | #include <sysfs/libsysfs.h>
      |          ^~~~~~~~~~~~~~~~~~
compilation terminated.
configure:12642: $? = 1
configure: failed program was:
| /* confdefs.h */
| #define PACKAGE_NAME "faad2"
| #define PACKAGE_TARNAME "faad2"
| #define PACKAGE_VERSION "2.10.1"
| #define PACKAGE_STRING "faad2 2.10.1"
| #define PACKAGE_BUGREPORT ""
| #define PACKAGE_URL ""
| #define PACKAGE "faad2"
| #define VERSION "2.10.1"
| #define STDC_HEADERS 1
| #define HAVE_SYS_TYPES_H 1
| #define HAVE_SYS_STAT_H 1
| #define HAVE_STDLIB_H 1
| #define HAVE_STRING_H 1
| #define HAVE_MEMORY_H 1
| #define HAVE_STRINGS_H 1
| #define HAVE_INTTYPES_H 1
| #define HAVE_STDINT_H 1
| #define HAVE_UNISTD_H 1
| #define HAVE_DLFCN_H 1
| #define LT_OBJDIR ".libs/"
| #define STDC_HEADERS 1
| #define HAVE_STDINT_H 1
| #define HAVE_INTTYPES_H 1
| #define HAVE_FLOAT_H 1
| #define HAVE_STRCHR 1
| #define HAVE_MEMCPY 1
| #define HAVE_SYS_TIME_H 1
| #define TIME_WITH_SYS_TIME 1
| #define HAVE_ERRNO_H 1
| #define HAVE_SYS_STAT_H 1
| #define HAVE_SYS_TYPES_H 1
| #define HAVE_LIMITS_H 1
| /* end confdefs.h.  */
| #include <stdio.h>
| #ifdef HAVE_SYS_TYPES_H
| # include <sys/types.h>
| #endif
| #ifdef HAVE_SYS_STAT_H
| # include <sys/stat.h>
| #endif
| #ifdef STDC_HEADERS
| # include <stdlib.h>
| # include <stddef.h>
| #else
| # ifdef HAVE_STDLIB_H
| #  include <stdlib.h>
| # endif
| #endif
| #ifdef HAVE_STRING_H
| # if !defined STDC_HEADERS && defined HAVE_MEMORY_H
| #  include <memory.h>
| # endif
| # include <string.h>
| #endif
| #ifdef HAVE_STRINGS_H
| # include <strings.h>
| #endif
| #ifdef HAVE_INTTYPES_H
| # include <inttypes.h>
| #endif
| #ifdef HAVE_STDINT_H
| # include <stdint.h>
| #endif
| #ifdef HAVE_UNISTD_H
| # include <unistd.h>
| #endif
| #include <sysfs/libsysfs.h>
configure:12642: result: no
configure:12642: checking sysfs/libsysfs.h presence
configure:12642: gcc -E  conftest.c
conftest.c:35:10: fatal error: sysfs/libsysfs.h: No such file or directory
   35 | #include <sysfs/libsysfs.h>
      |          ^~~~~~~~~~~~~~~~~~
compilation terminated.
configure:12642: $? = 1
configure: failed program was:
| /* confdefs.h */
| #define PACKAGE_NAME "faad2"
| #define PACKAGE_TARNAME "faad2"
| #define PACKAGE_VERSION "2.10.1"
| #define PACKAGE_STRING "faad2 2.10.1"
| #define PACKAGE_BUGREPORT ""
| #define PACKAGE_URL ""
| #define PACKAGE "faad2"
| #define VERSION "2.10.1"
| #define STDC_HEADERS 1
| #define HAVE_SYS_TYPES_H 1
| #define HAVE_SYS_STAT_H 1
| #define HAVE_STDLIB_H 1
| #define HAVE_STRING_H 1
| #define HAVE_MEMORY_H 1
| #define HAVE_STRINGS_H 1
| #define HAVE_INTTYPES_H 1
| #define HAVE_STDINT_H 1
| #define HAVE_UNISTD_H 1
| #define HAVE_DLFCN_H 1
| #define LT_OBJDIR ".libs/"
| #define STDC_HEADERS 1
| #define HAVE_STDINT_H 1
| #define HAVE_INTTYPES_H 1
| #define HAVE_FLOAT_H 1
| #define HAVE_STRCHR 1
| #define HAVE_MEMCPY 1
| #define HAVE_SYS_TIME_H 1
| #define TIME_WITH_SYS_TIME 1
| #define HAVE_ERRNO_H 1
| #define HAVE_SYS_STAT_H 1
| #define HAVE_SYS_TYPES_H 1
| #define HAVE_LIMITS_H 1
| /* end confdefs.h.  */
| #include <sysfs/libsysfs.h>
configure:12642: result: no
configure:12642: checking for sysfs/libsysfs.h
configure:12642: result: no
configure:12654: checking IOKit/IOKitLib.h usability
configure:12654: gcc -c -g -O2  conftest.c >&5
conftest.c:68:10: fatal error: IOKit/IOKitLib.h: No such file or directory
   68 | #include <IOKit/IOKitLib.h>
      |          ^~~~~~~~~~~~~~~~~~
compilation terminated.
configure:12654: $? = 1
configure: failed program was:
| /* confdefs.h */
| #define PACKAGE_NAME "faad2"
| #define PACKAGE_TARNAME "faad2"
| #define PACKAGE_VERSION "2.10.1"
| #define PACKAGE_STRING "faad2 2.10.1"
| #define PACKAGE_BUGREPORT ""
| #define PACKAGE_URL ""
| #define PACKAGE "faad2"
| #define VERSION "2.10.1"
| #define STDC_HEADERS 1
| #define HAVE_SYS_TYPES_H 1
| #define HAVE_SYS_STAT_H 1
| #define HAVE_STDLIB_H 1
| #define HAVE_STRING_H 1
| #define HAVE_MEMORY_H 1
| #define HAVE_STRINGS_H 1
| #define HAVE_INTTYPES_H 1
| #define HAVE_STDINT_H 1
| #define HAVE_UNISTD_H 1
| #define HAVE_DLFCN_H 1
| #define LT_OBJDIR ".libs/"
| #define STDC_HEADERS 1
| #define HAVE_STDINT_H 1
| #define HAVE_INTTYPES_H 1
| #define HAVE_FLOAT_H 1
| #define HAVE_STRCHR 1
| #define HAVE_MEMCPY 1
| #define HAVE_SYS_TIME_H 1
| #define TIME_WITH_SYS_TIME 1
| #define HAVE_ERRNO_H 1
| #define HAVE_SYS_STAT_H 1
| #define HAVE_SYS_TYPES_H 1
| #define HAVE_LIMITS_H 1
| /* end confdefs.h.  */
| #include <stdio.h>
| #ifdef HAVE_SYS_TYPES_H
| # include <sys/types.h>
| #endif
| #ifdef HAVE_SYS_STAT_H
| # include <sys/stat.h>
| #endif
| #ifdef STDC_HEADERS
| # include <stdlib.h>
| # include <stddef.h>
| #else
| # ifdef HAVE_STDLIB_H
| #  include <stdlib.h>
| # endif
| #endif
| #ifdef HAVE_STRING_H
| # if !defined STDC_HEADERS && defined HAVE_MEMORY_H
| #  include <memory.h>
| # endif
| # include <string.h>
| #endif
| #ifdef HAVE_STRINGS_H
| # include <strings.h>
| #endif
| #ifdef HAVE_INTTYPES_H
| # include <inttypes.h>
| #endif
| #ifdef HAVE_STDINT_H
| # include <stdint.h>
| #endif
| #ifdef HAVE_UNISTD_H
| # include <unistd.h>
| #endif
| #include <IOKit/IOKitLib.h>
configure:12654: result: no
configure:12654: checking IOKit/IOKitLib.h presence
configure:12654: gcc -E  conftest.c
conftest.c:35:10: fatal error: IOKit/IOKitLib.h: No such file or directory
   35 | #include <IOKit/IOKitLib.h>
      |          ^~~~~~~~~~~~~~~~~~
compilation terminated.
configure:12654: $? = 1
configure: failed program was:
| /* confdefs.h */
| #define PACKAGE_NAME "faad2"
| #define PACKAGE_TARNAME "faad2"
| #define PACKAGE_VERSION "2.10.1"
| #define PACKAGE_STRING "faad2 2.10.1"
| #define PACKAGE_BUGREPORT ""
| #define PACKAGE_URL ""
| #define PACKAGE "faad2"
| #define VERSION "2.10.1"
| #define STDC_HEADERS 1
| #define HAVE_SYS_TYPES_H 1
| #define HAVE_SYS_STAT_H 1
| #define HAVE_STDLIB_H 1
| #define HAVE_STRING_H 1
| #define HAVE_MEMORY_H 1
| #define HAVE_STRINGS_H 1
| #define HAVE_INTTYPES_H 1
| #define HAVE_STDINT_H 1
| #define HAVE_UNISTD_H 1
| #define HAVE_DLFCN_H 1
| #define LT_OBJDIR ".libs/"
| #define STDC_HEADERS 1
| #define HAVE_STDINT_H 1
| #define HAVE_INTTYPES_H 1
| #define HAVE_FLOAT_H 1
| #define HAVE_STRCHR 1
| #define HAVE_MEMCPY 1
| #define HAVE_SYS_TIME_H 1
| #define TIME_WITH_SYS_TIME 1
| #define HAVE_ERRNO_H 1
| #define HAVE_SYS_STAT_H 1
| #define HAVE_SYS_TYPES_H 1
| #define HAVE_LIMITS_H 1
| /* end confdefs.h.  */
| #include <IOKit/IOKitLib.h>
configure:12654: result: no
configure:12654: checking for IOKit/IOKitLib.h
configure:12654: result: no
configure:12703: checking for getpwuid
configure:12703: gcc -o conftest -g -O2   conftest.c  >&5
configure:12703: $? = 0
configure:12703: result: yes
configure:12713: checking for inline
configure:12729: gcc -c -g -O2  conftest.c >&5
configure:12729: $? = 0
configure:12737: result: inline
configure:12755: checking whether byte ordering is bigendian
configure:12770: gcc -c -g -O2  conftest.c >&5
conftest.c:37:9: error: unknown type name 'not'
   37 |         not a universal capable compiler
      |         ^~~
conftest.c:37:15: error: expected '=', ',', ';', 'asm' or '__attribute__' before 'universal'
   37 |         not a universal capable compiler
      |               ^~~~~~~~~
conftest.c:37:15: error: unknown type name 'universal'
configure:12770: $? = 1
configure: failed program was:
| /* confdefs.h */
| #define PACKAGE_NAME "faad2"
| #define PACKAGE_TARNAME "faad2"
| #define PACKAGE_VERSION "2.10.1"
| #define PACKAGE_STRING "faad2 2.10.1"
| #define PACKAGE_BUGREPORT ""
| #define PACKAGE_URL ""
| #define PACKAGE "faad2"
| #define VERSION "2.10.1"
| #define STDC_HEADERS 1
| #define HAVE_SYS_TYPES_H 1
| #define HAVE_SYS_STAT_H 1
| #define HAVE_STDLIB_H 1
| #define HAVE_STRING_H 1
| #define HAVE_MEMORY_H 1
| #define HAVE_STRINGS_H 1
| #define HAVE_INTTYPES_H 1
| #define HAVE_STDINT_H 1
| #define HAVE_UNISTD_H 1
| #define HAVE_DLFCN_H 1
| #define LT_OBJDIR ".libs/"
| #define STDC_HEADERS 1
| #define HAVE_STDINT_H 1
| #define HAVE_INTTYPES_H 1
| #define HAVE_FLOAT_H 1
| #define HAVE_STRCHR 1
| #define HAVE_MEMCPY 1
| #define HAVE_SYS_TIME_H 1
| #define TIME_WITH_SYS_TIME 1
| #define HAVE_ERRNO_H 1
| #define HAVE_SYS_STAT_H 1
| #define HAVE_SYS_TYPES_H 1
| #define HAVE_LIMITS_H 1
| #define HAVE_GETPWUID 1
| /* end confdefs.h.  */
| #ifndef __APPLE_CC__
| 	       not a universal capable compiler
| 	     #endif
| 	     typedef int dummy;
| 
configure:12815: gcc -c -g -O2  conftest.c >&5
configure:12815: $? = 0
configure:12833: gcc -c -g -O2  conftest.c >&5
conftest.c: In function 'main':
conftest.c:43:4: error: unknown type name 'not'; did you mean 'ino_t'?
   43 |    not big endian
      |    ^~~
      |    ino_t
conftest.c:43:12: error: expected '=', ',', ';', 'asm' or '__attribute__' before 'endian'
   43 |    not big endian
      |            ^~~~~~
configure:12833: $? = 1
configure: failed program was:
| /* confdefs.h */
| #define PACKAGE_NAME "faad2"
| #define PACKAGE_TARNAME "faad2"
| #define PACKAGE_VERSION "2.10.1"
| #define PACKAGE_STRING "faad2 2.10.1"
| #define PACKAGE_BUGREPORT ""
| #define PACKAGE_URL ""
| #define PACKAGE "faad2"
| #define VERSION "2.10.1"
| #define STDC_HEADERS 1
| #define HAVE_SYS_TYPES_H 1
| #define HAVE_SYS_STAT_H 1
| #define HAVE_STDLIB_H 1
| #define HAVE_STRING_H 1
| #define HAVE_MEMORY_H 1
| #define HAVE_STRINGS_H 1
| #define HAVE_INTTYPES_H 1
| #define HAVE_STDINT_H 1
| #define HAVE_UNISTD_H 1
| #define HAVE_DLFCN_H 1
| #define LT_OBJDIR ".libs/"
| #define STDC_HEADERS 1
| #define HAVE_STDINT_H 1
| #define HAVE_INTTYPES_H 1
| #define HAVE_FLOAT_H 1
| #define HAVE_STRCHR 1
| #define HAVE_MEMCPY 1
| #define HAVE_SYS_TIME_H 1
| #define TIME_WITH_SYS_TIME 1
| #define HAVE_ERRNO_H 1
| #define HAVE_SYS_STAT_H 1
| #define HAVE_SYS_TYPES_H 1
| #define HAVE_LIMITS_H 1
| #define HAVE_GETPWUID 1
| /* end confdefs.h.  */
| #include <sys/types.h>
| 		#include <sys/param.h>
| 
| int
| main ()
| {
| #if BYTE_ORDER != BIG_ENDIAN
| 		 not big endian
| 		#endif
| 
|   ;
|   return 0;
| }
configure:12961: result: no
configure:12980: checking for off_t
configure:12980: gcc -c -g -O2  conftest.c >&5
configure:12980: $? = 0
configure:12980: gcc -c -g -O2  conftest.c >&5
conftest.c: In function 'main':
conftest.c:72:20: error: expected expression before ')' token
   72 | if (sizeof ((off_t)))
      |                    ^
configure:12980: $? = 1
configure: failed program was:
| /* confdefs.h */
| #define PACKAGE_NAME "faad2"
| #define PACKAGE_TARNAME "faad2"
| #define PACKAGE_VERSION "2.10.1"
| #define PACKAGE_STRING "faad2 2.10.1"
| #define PACKAGE_BUGREPORT ""
| #define PACKAGE_URL ""
| #define PACKAGE "faad2"
| #define VERSION "2.10.1"
| #define STDC_HEADERS 1
| #define HAVE_SYS_TYPES_H 1
| #define HAVE_SYS_STAT_H 1
| #define HAVE_STDLIB_H 1
| #define HAVE_STRING_H 1
| #define HAVE_MEMORY_H 1
| #define HAVE_STRINGS_H 1
| #define HAVE_INTTYPES_H 1
| #define HAVE_STDINT_H 1
| #define HAVE_UNISTD_H 1
| #define HAVE_DLFCN_H 1
| #define LT_OBJDIR ".libs/"
| #define STDC_HEADERS 1
| #define HAVE_STDINT_H 1
| #define HAVE_INTTYPES_H 1
| #define HAVE_FLOAT_H 1
| #define HAVE_STRCHR 1
| #define HAVE_MEMCPY 1
| #define HAVE_SYS_TIME_H 1
| #define TIME_WITH_SYS_TIME 1
| #define HAVE_ERRNO_H 1
| #define HAVE_SYS_STAT_H 1
| #define HAVE_SYS_TYPES_H 1
| #define HAVE_LIMITS_H 1
| #define HAVE_GETPWUID 1
| /* end confdefs.h.  */
| #include <stdio.h>
| #ifdef HAVE_SYS_TYPES_H
| # include <sys/types.h>
| #endif
| #ifdef HAVE_SYS_STAT_H
| # include <sys/stat.h>
| #endif
| #ifdef STDC_HEADERS
| # include <stdlib.h>
| # include <stddef.h>
| #else
| # ifdef HAVE_STDLIB_H
| #  include <stdlib.h>
| # endif
| #endif
| #ifdef HAVE_STRING_H
| # if !defined STDC_HEADERS && defined HAVE_MEMORY_H
| #  include <memory.h>
| # endif
| # include <string.h>
| #endif
| #ifdef HAVE_STRINGS_H
| # include <strings.h>
| #endif
| #ifdef HAVE_INTTYPES_H
| # include <inttypes.h>
| #endif
| #ifdef HAVE_STDINT_H
| # include <stdint.h>
| #endif
| #ifdef HAVE_UNISTD_H
| # include <unistd.h>
| #endif
| int
| main ()
| {
| if (sizeof ((off_t)))
| 	    return 0;
|   ;
|   return 0;
| }
configure:12980: result: yes
configure:12995: checking for lrintf
configure:13023: gcc -o conftest -O   conftest.c -lm >&5
configure:13023: $? = 0
configure:13036: result: yes
configure:13047: checking for float32_t temp
configure:13061: gcc -c -g -O2  conftest.c >&5
conftest.c:37:23: warning: extra tokens at end of #include directive
   37 | #include <sys/types.h>,
      |                       ^
conftest.c:38:18: fatal error: sys/float.h: No such file or directory
   38 |         #include <sys/float.h>
      |                  ^~~~~~~~~~~~~
compilation terminated.
configure:13061: $? = 1
configure: failed program was:
| /* confdefs.h */
| #define PACKAGE_NAME "faad2"
| #define PACKAGE_TARNAME "faad2"
| #define PACKAGE_VERSION "2.10.1"
| #define PACKAGE_STRING "faad2 2.10.1"
| #define PACKAGE_BUGREPORT ""
| #define PACKAGE_URL ""
| #define PACKAGE "faad2"
| #define VERSION "2.10.1"
| #define STDC_HEADERS 1
| #define HAVE_SYS_TYPES_H 1
| #define HAVE_SYS_STAT_H 1
| #define HAVE_STDLIB_H 1
| #define HAVE_STRING_H 1
| #define HAVE_MEMORY_H 1
| #define HAVE_STRINGS_H 1
| #define HAVE_INTTYPES_H 1
| #define HAVE_STDINT_H 1
| #define HAVE_UNISTD_H 1
| #define HAVE_DLFCN_H 1
| #define LT_OBJDIR ".libs/"
| #define STDC_HEADERS 1
| #define HAVE_STDINT_H 1
| #define HAVE_INTTYPES_H 1
| #define HAVE_FLOAT_H 1
| #define HAVE_STRCHR 1
| #define HAVE_MEMCPY 1
| #define HAVE_SYS_TIME_H 1
| #define TIME_WITH_SYS_TIME 1
| #define HAVE_ERRNO_H 1
| #define HAVE_SYS_STAT_H 1
| #define HAVE_SYS_TYPES_H 1
| #define HAVE_LIMITS_H 1
| #define HAVE_GETPWUID 1
| #define HAVE_LRINTF 1
| /* end confdefs.h.  */
| #include <sys/types.h>,
|         #include <sys/float.h>
| int
| main ()
| {
| float32_t temp;
|   ;
|   return 0;
| }
configure:13074: result: no
configure:13081: checking for strsep
configure:13081: gcc -o conftest -g -O2   conftest.c  >&5
configure:13081: $? = 0
configure:13081: result: yes
configure:13093: checking for mpeg4ip-config
configure:13121: result: no
configure:13274: no xmms build configured
configure:13423: checking that generated files are newer than configure
configure:13429: result: done
configure:13477: creating ./config.status

## ---------------------- ##
## Running config.status. ##
## ---------------------- ##

This file was extended by faad2 config.status 2.10.1, which was
generated by GNU Autoconf 2.69.  Invocation command line was

  CONFIG_FILES    = 
  CONFIG_HEADERS  = 
  CONFIG_LINKS    = 
  CONFIG_COMMANDS = 
  $ ./config.status 

on cn0756PCXD

config.status:1178: creating libfaad/Makefile
config.status:1178: creating libfaad/faad2.pc
config.status:1178: creating include/faad.h
config.status:1178: creating plugins/Makefile
config.status:1178: creating plugins/xmms/Makefile
config.status:1178: creating plugins/xmms/src/Makefile
config.status:1178: creating plugins/mpeg4ip/Makefile
config.status:1178: creating faad2.spec
config.status:1178: creating frontend/Makefile
config.status:1178: creating Makefile
config.status:1178: creating config.h
config.status:1359: config.h is unchanged
config.status:1407: executing depfiles commands
config.status:1484: cd libfaad       && sed -e '/# am--include-marker/d' Makefile         | make -f - am--depfiles
make: Nothing to be done for 'am--depfiles'.
config.status:1489: $? = 0
config.status:1484: cd plugins/xmms/src       && sed -e '/# am--include-marker/d' Makefile         | make -f - am--depfiles
make: Nothing to be done for 'am--depfiles'.
config.status:1489: $? = 0
config.status:1484: cd plugins/mpeg4ip       && sed -e '/# am--include-marker/d' Makefile         | make -f - am--depfiles
make: Nothing to be done for 'am--depfiles'.
config.status:1489: $? = 0
config.status:1484: cd frontend       && sed -e '/# am--include-marker/d' Makefile         | make -f - am--depfiles
make: Nothing to be done for 'am--depfiles'.
config.status:1489: $? = 0
config.status:1407: executing libtool commands
configure:15890: WARNING: unrecognized options: --with-mp4v2

## ---------------- ##
## Cache variables. ##
## ---------------- ##

ac_cv_build=x86_64-pc-linux-gnu
ac_cv_c99_lrintf=yes
ac_cv_c_bigendian=no
ac_cv_c_compiler_gnu=yes
ac_cv_c_inline=inline
ac_cv_cxx_compiler_gnu=yes
ac_cv_env_CCC_set=
ac_cv_env_CCC_value=
ac_cv_env_CC_set=
ac_cv_env_CC_value=
ac_cv_env_CFLAGS_set=
ac_cv_env_CFLAGS_value=
ac_cv_env_CPPFLAGS_set=
ac_cv_env_CPPFLAGS_value=
ac_cv_env_CPP_set=
ac_cv_env_CPP_value=
ac_cv_env_CXXCPP_set=
ac_cv_env_CXXCPP_value=
ac_cv_env_CXXFLAGS_set=
ac_cv_env_CXXFLAGS_value=
ac_cv_env_CXX_set=
ac_cv_env_CXX_value=
ac_cv_env_LDFLAGS_set=
ac_cv_env_LDFLAGS_value=
ac_cv_env_LIBS_set=
ac_cv_env_LIBS_value=
ac_cv_env_LT_SYS_LIBRARY_PATH_set=
ac_cv_env_LT_SYS_LIBRARY_PATH_value=
ac_cv_env_build_alias_set=
ac_cv_env_build_alias_value=
ac_cv_env_host_alias_set=
ac_cv_env_host_alias_value=
ac_cv_env_target_alias_set=
ac_cv_env_target_alias_value=
ac_cv_func_getpwuid=yes
ac_cv_func_memcpy=yes
ac_cv_func_strchr=yes
ac_cv_func_strsep=yes
ac_cv_header_IOKit_IOKitLib_h=no
ac_cv_header_dlfcn_h=yes
ac_cv_header_errno_h=yes
ac_cv_header_float_h=yes
ac_cv_header_inttypes_h=yes
ac_cv_header_limits_h=yes
ac_cv_header_mathf_h=no
ac_cv_header_memory_h=yes
ac_cv_header_stdc=yes
ac_cv_header_stdint_h=yes
ac_cv_header_stdlib_h=yes
ac_cv_header_string_h=yes
ac_cv_header_strings_h=yes
ac_cv_header_sys_stat_h=yes
ac_cv_header_sys_time_h=yes
ac_cv_header_sys_types_h=yes
ac_cv_header_sysfs_libsysfs_h=no
ac_cv_header_time=yes
ac_cv_header_unistd_h=yes
ac_cv_host=x86_64-pc-linux-gnu
ac_cv_objext=o
ac_cv_path_EGREP='/usr/bin/grep -E'
ac_cv_path_FGREP='/usr/bin/grep -F'
ac_cv_path_GREP=/usr/bin/grep
ac_cv_path_SED=/usr/bin/sed
ac_cv_path_install='/usr/bin/install -c'
ac_cv_path_lt_DD=/usr/bin/dd
ac_cv_path_mkdir=/usr/bin/mkdir
ac_cv_prog_AWK=gawk
ac_cv_prog_CPP='gcc -E'
ac_cv_prog_CXXCPP='g++ -E'
ac_cv_prog_ac_ct_AR=ar
ac_cv_prog_ac_ct_CC=gcc
ac_cv_prog_ac_ct_CXX=g++
ac_cv_prog_ac_ct_MANIFEST_TOOL=mt
ac_cv_prog_ac_ct_OBJDUMP=objdump
ac_cv_prog_ac_ct_RANLIB=ranlib
ac_cv_prog_ac_ct_STRIP=strip
ac_cv_prog_cc_c89=
ac_cv_prog_cc_g=yes
ac_cv_prog_cxx_g=yes
ac_cv_prog_external_mp4v2=no
ac_cv_prog_make_make_set=yes
ac_cv_type_off_t=yes
am_cv_CC_dependencies_compiler_type=gcc3
am_cv_CXX_dependencies_compiler_type=gcc3
am_cv_make_support_nested_variables=yes
am_cv_prog_cc_c_o=yes
lt_cv_ar_at_file=@
lt_cv_archive_cmds_need_lc=no
lt_cv_deplibs_check_method=pass_all
lt_cv_file_magic_cmd='$MAGIC_CMD'
lt_cv_file_magic_test_file=
lt_cv_ld_reload_flag=-r
lt_cv_nm_interface='BSD nm'
lt_cv_objdir=.libs
lt_cv_path_LD=/usr/bin/ld
lt_cv_path_LDCXX='/usr/bin/ld -m elf_x86_64'
lt_cv_path_NM='/usr/bin/nm -B'
lt_cv_path_mainfest_tool=no
lt_cv_prog_compiler_c_o=yes
lt_cv_prog_compiler_c_o_CXX=yes
lt_cv_prog_compiler_pic='-fPIC -DPIC'
lt_cv_prog_compiler_pic_CXX='-fPIC -DPIC'
lt_cv_prog_compiler_pic_works=yes
lt_cv_prog_compiler_pic_works_CXX=yes
lt_cv_prog_compiler_rtti_exceptions=no
lt_cv_prog_compiler_static_works=yes
lt_cv_prog_compiler_static_works_CXX=yes
lt_cv_prog_gnu_ld=yes
lt_cv_prog_gnu_ldcxx=yes
lt_cv_sharedlib_from_linklib_cmd='printf %s\n'
lt_cv_shlibpath_overrides_runpath=yes
lt_cv_sys_global_symbol_pipe='sed -n -e '\''s/^.*[	 ]\([ABCDGIRSTW][ABCDGIRSTW]*\)[	 ][	 ]*\([_A-Za-z][_A-Za-z0-9]*\)$/\1 \2 \2/p'\'' | sed '\''/ __gnu_lto/d'\'''
lt_cv_sys_global_symbol_to_c_name_address='sed -n -e '\''s/^: \(.*\) .*$/  {"\1", (void *) 0},/p'\'' -e '\''s/^[ABCDGIRSTW][ABCDGIRSTW]* .* \(.*\)$/  {"\1", (void *) \&\1},/p'\'''
lt_cv_sys_global_symbol_to_c_name_address_lib_prefix='sed -n -e '\''s/^: \(.*\) .*$/  {"\1", (void *) 0},/p'\'' -e '\''s/^[ABCDGIRSTW][ABCDGIRSTW]* .* \(lib.*\)$/  {"\1", (void *) \&\1},/p'\'' -e '\''s/^[ABCDGIRSTW][ABCDGIRSTW]* .* \(.*\)$/  {"lib\1", (void *) \&\1},/p'\'''
lt_cv_sys_global_symbol_to_cdecl='sed -n -e '\''s/^T .* \(.*\)$/extern int \1();/p'\'' -e '\''s/^[ABCDGIRSTW][ABCDGIRSTW]* .* \(.*\)$/extern char \1;/p'\'''
lt_cv_sys_global_symbol_to_import=
lt_cv_sys_max_cmd_len=1572864
lt_cv_to_host_file_cmd=func_convert_file_noop
lt_cv_to_tool_file_cmd=func_convert_file_noop
lt_cv_truncate_bin='/usr/bin/dd bs=4096 count=1'

## ----------------- ##
## Output variables. ##
## ----------------- ##

ACLOCAL='${SHELL} /mnt/e/audio_decoder/aac/faad2/missing aclocal-1.16'
AMDEPBACKSLASH='\'
AMDEP_FALSE='#'
AMDEP_TRUE=''
AMTAR='$${TAR-tar}'
AM_BACKSLASH='\'
AM_DEFAULT_V='$(AM_DEFAULT_VERBOSITY)'
AM_DEFAULT_VERBOSITY='1'
AM_V='$(V)'
AR='ar'
AUTOCONF='${SHELL} /mnt/e/audio_decoder/aac/faad2/missing autoconf'
AUTOHEADER='${SHELL} /mnt/e/audio_decoder/aac/faad2/missing autoheader'
AUTOMAKE='${SHELL} /mnt/e/audio_decoder/aac/faad2/missing automake-1.16'
AWK='gawk'
CC='gcc'
CCDEPMODE='depmode=gcc3'
CFLAGS='-g -O2'
CPP='gcc -E'
CPPFLAGS=''
CXX='g++'
CXXCPP='g++ -E'
CXXDEPMODE='depmode=gcc3'
CXXFLAGS='-g -O2'
CYGPATH_W='echo'
DEFS='-DHAVE_CONFIG_H'
DEPDIR='.deps'
DLLTOOL='false'
DSYMUTIL=''
DUMPBIN=''
ECHO_C=''
ECHO_N='-n'
ECHO_T=''
EGREP='/usr/bin/grep -E'
EXEEXT=''
FGREP='/usr/bin/grep -F'
GREP='/usr/bin/grep'
GTK_CONFIG=''
HAVE_MPEG4IP_PLUG_FALSE=''
HAVE_MPEG4IP_PLUG_TRUE='#'
HAVE_XMMS_FALSE=''
HAVE_XMMS_TRUE='#'
INSTALL_DATA='${INSTALL} -m 644'
INSTALL_PROGRAM='${INSTALL}'
INSTALL_SCRIPT='${INSTALL}'
INSTALL_STRIP_PROGRAM='$(install_sh) -c -s'
LD='/usr/bin/ld -m elf_x86_64'
LDFLAGS=''
LIBOBJS=''
LIBS=''
LIBTOOL='$(SHELL) $(top_builddir)/libtool'
LIBTOOL_DEPS='./ltmain.sh'
LIPO=''
LN_S='ln -s'
LTLIBOBJS=''
LT_SYS_LIBRARY_PATH=''
MAKEINFO='${SHELL} /mnt/e/audio_decoder/aac/faad2/missing makeinfo'
MANIFEST_TOOL=':'
MKDIR_P='/usr/bin/mkdir -p'
MP4FF_LIBS=''
NM='/usr/bin/nm -B'
NMEDIT=''
OBJDUMP='objdump'
OBJEXT='o'
OTOOL64=''
OTOOL=''
PACKAGE='faad2'
PACKAGE_BUGREPORT=''
PACKAGE_NAME='faad2'
PACKAGE_STRING='faad2 2.10.1'
PACKAGE_TARNAME='faad2'
PACKAGE_URL=''
PACKAGE_VERSION='2.10.1'
PATH_SEPARATOR=':'
RANLIB='ranlib'
RPMBUILD='rpm'
SED='/usr/bin/sed'
SET_MAKE=''
SHELL='/bin/bash'
STRIP='strip'
VERSION='2.10.1'
XMMS_CONFIG=''
ac_ct_AR='ar'
ac_ct_CC='gcc'
ac_ct_CXX='g++'
ac_ct_DUMPBIN=''
am__EXEEXT_FALSE=''
am__EXEEXT_TRUE='#'
am__fastdepCC_FALSE='#'
am__fastdepCC_TRUE=''
am__fastdepCXX_FALSE='#'
am__fastdepCXX_TRUE=''
am__include='include'
am__isrc=''
am__leading_dot='.'
am__nodep='_no'
am__quote=''
am__tar='$${TAR-tar} chof - "$$tardir"'
am__untar='$${TAR-tar} xf -'
bindir='${exec_prefix}/bin'
build='x86_64-pc-linux-gnu'
build_alias=''
build_cpu='x86_64'
build_os='linux-gnu'
build_vendor='pc'
datadir='${datarootdir}'
datarootdir='${prefix}/share'
docdir='${datarootdir}/doc/${PACKAGE_TARNAME}'
dvidir='${docdir}'
exec_prefix='${prefix}'
external_mp4v2='no'
host='x86_64-pc-linux-gnu'
host_alias=''
host_cpu='x86_64'
host_os='linux-gnu'
host_vendor='pc'
htmldir='${docdir}'
includedir='${prefix}/include'
infodir='${datarootdir}/info'
install_sh='${SHELL} /mnt/e/audio_decoder/aac/faad2/install-sh'
libdir='${exec_prefix}/lib'
libexecdir='${exec_prefix}/libexec'
localedir='${datarootdir}/locale'
localstatedir='${prefix}/var'
mandir='${datarootdir}/man'
mkdir_p='$(MKDIR_P)'
oldincludedir='/usr/include'
pdfdir='${docdir}'
prefix='/usr/local'
program_transform_name='s,x,x,'
psdir='${docdir}'
runstatedir='${localstatedir}/run'
sbindir='${exec_prefix}/sbin'
sharedstatedir='${prefix}/com'
sysconfdir='${prefix}/etc'
target_alias=''

## ----------- ##
## confdefs.h. ##
## ----------- ##

/* confdefs.h */
#define PACKAGE_NAME "faad2"
#define PACKAGE_TARNAME "faad2"
#define PACKAGE_VERSION "2.10.1"
#define PACKAGE_STRING "faad2 2.10.1"
#define PACKAGE_BUGREPORT ""
#define PACKAGE_URL ""
#define PACKAGE "faad2"
#define VERSION "2.10.1"
#define STDC_HEADERS 1
#define HAVE_SYS_TYPES_H 1
#define HAVE_SYS_STAT_H 1
#define HAVE_STDLIB_H 1
#define HAVE_STRING_H 1
#define HAVE_MEMORY_H 1
#define HAVE_STRINGS_H 1
#define HAVE_INTTYPES_H 1
#define HAVE_STDINT_H 1
#define HAVE_UNISTD_H 1
#define HAVE_DLFCN_H 1
#define LT_OBJDIR ".libs/"
#define STDC_HEADERS 1
#define HAVE_STDINT_H 1
#define HAVE_INTTYPES_H 1
#define HAVE_FLOAT_H 1
#define HAVE_STRCHR 1
#define HAVE_MEMCPY 1
#define HAVE_SYS_TIME_H 1
#define TIME_WITH_SYS_TIME 1
#define HAVE_ERRNO_H 1
#define HAVE_SYS_STAT_H 1
#define HAVE_SYS_TYPES_H 1
#define HAVE_LIMITS_H 1
#define HAVE_GETPWUID 1
#define HAVE_LRINTF 1
#define HAVE_STRSEP 1
#define APPLY_DRC 1

configure: exit 0
